2024-09-08 20:10:59,613 [INFO] Activator:176 - 


2024-09-08 20:10:59,615 [INFO] Activator:177 - !SESSION log4j initialized
2024-09-08 20:11:02,956 [INFO] LogOutputStream:77 - [STDOUT_REDIRECT] 
2024-09-08 20:11:06,493 [INFO] ApplicationProperties:184 - Using Application install path: C:\ST\STM32CubeIDE_1.16.0\STM32CubeIDE\plugins\com.st.stm32cube.common.mx_6.12.0.202406281431
2024-09-08 20:11:06,519 [INFO] DbMcusXml:78 - Set database path to: C:\ST\STM32CubeIDE_1.16.0\STM32CubeIDE\plugins\com.st.stm32cube.common.mx_6.12.0.202406281431\\db\/mcu/
2024-09-08 20:11:06,519 [INFO] ApiDb:274 - Set plugin database path to: C:\ST\STM32CubeIDE_1.16.0\STM32CubeIDE\plugins\com.st.stm32cube.common.mx_6.12.0.202406281431\\db\/plugins/boardmanager/
2024-09-08 20:11:06,520 [WARN] ApiDb:259 - Overriding images path with different value:  => C:\ST\STM32CubeIDE_1.16.0\STM32CubeIDE\plugins\com.st.stm32cube.common.mx_6.12.0.202406281431\\db\/plugins/mcufinder/images/
2024-09-08 20:11:06,531 [INFO] ApiDb:250 - Set database path to: C:\Users\jvmen\.stmcufinder\plugins\mcufinder//mcu/
2024-09-08 20:11:06,532 [INFO] DbMcusAds:125 - Set database path to: C:\Users\jvmen\.stmcufinder\plugins\mcufinder//mcu/
2024-09-08 20:11:06,535 [INFO] CrossReferenceDbSqlite:203 - Set database path to: C:\Users\jvmen\.stmcufinder\plugins\mcufinder//mcu/cs/
2024-09-08 20:11:06,686 [INFO] RulesReader:64 - Compatibility file has been processed (297 Rules)
2024-09-08 20:11:06,784 [INFO] DbMcusXml:78 - Set database path to: C:\ST\STM32CubeIDE_1.16.0\STM32CubeIDE\plugins\com.st.stm32cube.common.mx_6.12.0.202406281431\\db\/mcu/
2024-09-08 20:11:06,784 [INFO] ApiDb:274 - Set plugin database path to: C:\ST\STM32CubeIDE_1.16.0\STM32CubeIDE\plugins\com.st.stm32cube.common.mx_6.12.0.202406281431\\db\/plugins/boardmanager/
2024-09-08 20:11:06,785 [INFO] ApiDb:261 - Set plugin images path to: C:\ST\STM32CubeIDE_1.16.0\STM32CubeIDE\plugins\com.st.stm32cube.common.mx_6.12.0.202406281431\\db\/plugins/mcufinder/images/
2024-09-08 20:11:06,785 [WARN] DbFile:41 - Overriding database path with different value: C:\Users\jvmen\.stmcufinder\plugins\mcufinder/ => C:\Users\jvmen\.stmcufinder\plugins\mcufinder
2024-09-08 20:11:06,785 [INFO] ApiDb:250 - Set database path to: C:\Users\jvmen\.stmcufinder\plugins\mcufinder//mcu/
2024-09-08 20:11:06,786 [WARN] DbFile:41 - Overriding database path with different value: C:\Users\jvmen\.stmcufinder\plugins\mcufinder/ => C:\Users\jvmen\.stmcufinder\plugins\mcufinder
2024-09-08 20:11:06,786 [INFO] DbMcusAds:125 - Set database path to: C:\Users\jvmen\.stmcufinder\plugins\mcufinder//mcu/
2024-09-08 20:11:06,786 [WARN] DbFile:41 - Overriding database path with different value: C:\Users\jvmen\.stmcufinder\plugins\mcufinder/ => C:\Users\jvmen\.stmcufinder\plugins\mcufinder
2024-09-08 20:11:06,786 [WARN] DbFile:41 - Overriding database path with different value: C:\Users\jvmen\.stmcufinder\plugins\mcufinder/ => C:\Users\jvmen\.stmcufinder\plugins\mcufinder
2024-09-08 20:11:06,786 [INFO] CrossReferenceDbSqlite:203 - Set database path to: C:\Users\jvmen\.stmcufinder\plugins\mcufinder//mcu/cs/
2024-09-08 20:11:06,888 [INFO] MainPanel:268 - HeapMemory: 268435456
2024-09-08 20:11:07,022 [INFO] DbMcusXml:78 - Set database path to: C:\ST\STM32CubeIDE_1.16.0\STM32CubeIDE\plugins\com.st.stm32cube.common.mx_6.12.0.202406281431\\db\/mcu/
2024-09-08 20:11:07,022 [INFO] ApiDb:274 - Set plugin database path to: C:\ST\STM32CubeIDE_1.16.0\STM32CubeIDE\plugins\com.st.stm32cube.common.mx_6.12.0.202406281431\\db\/plugins/boardmanager/
2024-09-08 20:11:07,022 [INFO] ApiDb:261 - Set plugin images path to: C:\ST\STM32CubeIDE_1.16.0\STM32CubeIDE\plugins\com.st.stm32cube.common.mx_6.12.0.202406281431\\db\/plugins/mcufinder/images/
2024-09-08 20:11:07,024 [WARN] DbFile:41 - Overriding database path with different value: C:\Users\jvmen\.stmcufinder\plugins\mcufinder/ => C:\Users\jvmen\.stmcufinder\plugins\mcufinder
2024-09-08 20:11:07,024 [INFO] ApiDb:250 - Set database path to: C:\Users\jvmen\.stmcufinder\plugins\mcufinder//mcu/
2024-09-08 20:11:07,024 [WARN] DbFile:41 - Overriding database path with different value: C:\Users\jvmen\.stmcufinder\plugins\mcufinder/ => C:\Users\jvmen\.stmcufinder\plugins\mcufinder
2024-09-08 20:11:07,024 [INFO] DbMcusAds:125 - Set database path to: C:\Users\jvmen\.stmcufinder\plugins\mcufinder//mcu/
2024-09-08 20:11:07,024 [WARN] DbFile:41 - Overriding database path with different value: C:\Users\jvmen\.stmcufinder\plugins\mcufinder/ => C:\Users\jvmen\.stmcufinder\plugins\mcufinder
2024-09-08 20:11:07,024 [WARN] DbFile:41 - Overriding database path with different value: C:\Users\jvmen\.stmcufinder\plugins\mcufinder/ => C:\Users\jvmen\.stmcufinder\plugins\mcufinder
2024-09-08 20:11:07,024 [INFO] CrossReferenceDbSqlite:203 - Set database path to: C:\Users\jvmen\.stmcufinder\plugins\mcufinder//mcu/cs/
2024-09-08 20:11:07,047 [INFO] ApplicationProperties:184 - Using Application install path: C:\ST\STM32CubeIDE_1.16.0\STM32CubeIDE\plugins\com.st.stm32cube.common.mx_6.12.0.202406281431
2024-09-08 20:11:07,049 [INFO] PluginManage:196 - Search for loadable plugins [exclusion list=, ]
2024-09-08 20:11:07,051 [INFO] PluginManage:310 - Check plugin analytics
2024-09-08 20:11:07,357 [INFO] AnalyticsPlugin:253 - Accepted Software Licenses: 
2024-09-08 20:11:07,357 [INFO] AnalyticsPlugin:255 - Accepted CMSIS Pack Licenses: 
2024-09-08 20:11:07,358 [INFO] AnalyticsPlugin:257 - Accepted Firmware Licenses: FW.G4.1.5.0,FW.G4.1.6.0
2024-09-08 20:11:07,365 [INFO] PluginManage:359 - Loaded plugin analytics (category:tool,tabindex:-1)
2024-09-08 20:11:07,366 [INFO] PluginManage:310 - Check plugin cadmodel
2024-09-08 20:11:07,387 [INFO] CADModel:105 - Init CAD model plugin
2024-09-08 20:11:07,387 [INFO] PluginManage:359 - Loaded plugin cadmodel (category:power,tabindex:5)
2024-09-08 20:11:07,387 [INFO] PluginManage:310 - Check plugin clock
2024-09-08 20:11:07,417 [INFO] PluginManage:359 - Loaded plugin clock (category:base,tabindex:2)
2024-09-08 20:11:07,417 [INFO] PluginManage:310 - Check plugin ddr
2024-09-08 20:11:07,423 [INFO] PluginManage:359 - Loaded plugin ddr (category:tool,tabindex:6)
2024-09-08 20:11:07,423 [INFO] PluginManage:310 - Check plugin filemanager
2024-09-08 20:11:07,716 [INFO] PluginManage:359 - Loaded plugin filemanager (category:base,tabindex:10)
2024-09-08 20:11:07,716 [INFO] PluginManage:310 - Check plugin ipmanager
2024-09-08 20:11:07,725 [INFO] PluginManage:359 - Loaded plugin ipmanager (category:base,tabindex:5)
2024-09-08 20:11:07,726 [INFO] PluginManage:310 - Check plugin lpbam
2024-09-08 20:11:07,747 [INFO] PluginManage:359 - Loaded plugin lpbam (category:base,tabindex:0)
2024-09-08 20:11:07,748 [INFO] PluginManage:310 - Check plugin memorymap
2024-09-08 20:11:07,773 [INFO] PluginManage:359 - Loaded plugin memorymap (category:base,tabindex:4)
2024-09-08 20:11:07,774 [INFO] PluginManage:310 - Check plugin pinoutandconfiguration
2024-09-08 20:11:07,793 [INFO] PluginManage:359 - Loaded plugin pinoutandconfiguration (category:base,tabindex:1)
2024-09-08 20:11:07,794 [INFO] PluginManage:310 - Check plugin pinoutconfig
2024-09-08 20:11:07,914 [WARN] SupportedApi:132 - Cannot load RTOS API schema: s4s-elt-must-match.1: The content of 'definitions' must match (annotation?, (simpleType | complexType)?, (unique | key | keyref)*)). A problem was found starting at: attribute.
2024-09-08 20:11:08,099 [INFO] PluginManage:359 - Loaded plugin pinoutconfig (category:base,tabindex:0)
2024-09-08 20:11:08,099 [INFO] PluginManage:310 - Check plugin power
2024-09-08 20:11:08,121 [INFO] PluginManage:359 - Loaded plugin power (category:power,tabindex:4)
2024-09-08 20:11:08,121 [INFO] PluginManage:310 - Check plugin projectmanager
2024-09-08 20:11:08,143 [INFO] PluginManage:359 - Loaded plugin projectmanager (category:projectmanager,tabindex:4)
2024-09-08 20:11:08,144 [INFO] PluginManage:310 - Check plugin rif
2024-09-08 20:11:08,166 [INFO] PluginManage:359 - Loaded plugin rif (category:base,tabindex:3)
2024-09-08 20:11:08,166 [INFO] PluginManage:310 - Check plugin thirdparty
2024-09-08 20:11:08,556 [INFO] PluginManage:359 - Loaded plugin thirdparty (category:base,tabindex:-1)
2024-09-08 20:11:08,557 [INFO] PluginManage:310 - Check plugin tools
2024-09-08 20:11:08,557 [WARN] IntegrityCheckThread:84 - waiting for thirdparty lock release [integrity check]
2024-09-08 20:11:08,557 [INFO] IntegrityCheckThread:86 - entering critical section [integrity check]
2024-09-08 20:11:08,558 [INFO] ThirdPartyUpdaterWithRetryManager:70 - Updater plugin not ready yet. [1/15]
2024-09-08 20:11:08,599 [INFO] PluginManage:359 - Loaded plugin tools (category:base,tabindex:7)
2024-09-08 20:11:08,599 [INFO] PluginManage:310 - Check plugin tutovideos
2024-09-08 20:11:08,835 [INFO] PluginManage:359 - Loaded plugin tutovideos (category:base,tabindex:-1)
2024-09-08 20:11:08,835 [INFO] PluginManage:310 - Check plugin updater
2024-09-08 20:11:08,862 [INFO] PluginManage:359 - Loaded plugin updater (category:base,tabindex:12)
2024-09-08 20:11:08,862 [INFO] PluginManage:310 - Check plugin userauth
2024-09-08 20:11:08,869 [INFO] UserAuth:113 - Init User Auth plugin
2024-09-08 20:11:08,870 [INFO] PluginManage:359 - Loaded plugin userauth (category:base,tabindex:14)
2024-09-08 20:11:08,871 [INFO] PluginManage:283 - PluginManage : Loaded plugins [18]
2024-09-08 20:11:09,144 [INFO] PinOutPanel:1561 - setPackage(No Configuration,No Configuration)
2024-09-08 20:11:09,243 [INFO] CADModel:165 - CPN selected for project level
2024-09-08 20:11:09,244 [INFO] CADModel:114 - Register for checkConnection events
2024-09-08 20:11:09,287 [INFO] IPUIPlugin:80 - create IPUIPlugin
2024-09-08 20:11:09,287 [INFO] PluginManager:220 - loadIPPluginJar : add adc
2024-09-08 20:11:09,329 [INFO] IPUIPlugin:80 - create IPUIPlugin
2024-09-08 20:11:09,330 [INFO] PluginManager:220 - loadIPPluginJar : add aes
2024-09-08 20:11:09,375 [INFO] IPUIPlugin:80 - create IPUIPlugin
2024-09-08 20:11:09,376 [INFO] PluginManager:220 - loadIPPluginJar : add can
2024-09-08 20:11:09,410 [INFO] IPUIPlugin:80 - create IPUIPlugin
2024-09-08 20:11:09,411 [INFO] PluginManager:220 - loadIPPluginJar : add comp
2024-09-08 20:11:09,512 [INFO] IPUIPlugin:80 - create IPUIPlugin
2024-09-08 20:11:09,512 [INFO] PluginManager:220 - loadIPPluginJar : add cryp
2024-09-08 20:11:09,568 [INFO] IPUIPlugin:80 - create IPUIPlugin
2024-09-08 20:11:09,568 [INFO] PluginManager:220 - loadIPPluginJar : add ddr_ctrl_phy
2024-09-08 20:11:09,630 [INFO] IPUIPlugin:80 - create IPUIPlugin
2024-09-08 20:11:09,630 [INFO] PluginManager:220 - loadIPPluginJar : add dfsdm
2024-09-08 20:11:09,650 [INFO] IPUIPlugin:80 - create IPUIPlugin
2024-09-08 20:11:09,650 [INFO] PluginManager:220 - loadIPPluginJar : add dma
2024-09-08 20:11:09,708 [INFO] IPUIPlugin:80 - create IPUIPlugin
2024-09-08 20:11:09,709 [INFO] PluginManager:220 - loadIPPluginJar : add dma3
2024-09-08 20:11:09,772 [INFO] IPUIPlugin:80 - create IPUIPlugin
2024-09-08 20:11:09,772 [INFO] PluginManager:220 - loadIPPluginJar : add extmemmanager
2024-09-08 20:11:09,799 [INFO] IPUIPlugin:80 - create IPUIPlugin
2024-09-08 20:11:09,800 [INFO] PluginManager:220 - loadIPPluginJar : add fatfs
2024-09-08 20:11:09,867 [INFO] IPUIPlugin:80 - create IPUIPlugin
2024-09-08 20:11:09,868 [INFO] PluginManager:220 - loadIPPluginJar : add fmc
2024-09-08 20:11:09,914 [INFO] IPUIPlugin:80 - create IPUIPlugin
2024-09-08 20:11:09,915 [INFO] PluginManager:220 - loadIPPluginJar : add freertos
2024-09-08 20:11:09,941 [INFO] IPUIPlugin:80 - create IPUIPlugin
2024-09-08 20:11:09,942 [INFO] PluginManager:220 - loadIPPluginJar : add genericplugin
2024-09-08 20:11:10,050 [INFO] IPUIPlugin:80 - create IPUIPlugin
2024-09-08 20:11:10,050 [INFO] PluginManager:220 - loadIPPluginJar : add gfxmmu
2024-09-08 20:11:10,203 [INFO] IPUIPlugin:80 - create IPUIPlugin
2024-09-08 20:11:10,203 [INFO] PluginManager:220 - loadIPPluginJar : add gic
2024-09-08 20:11:10,219 [INFO] IPUIPlugin:80 - create IPUIPlugin
2024-09-08 20:11:10,220 [INFO] PluginManager:220 - loadIPPluginJar : add gpio
2024-09-08 20:11:10,323 [INFO] IPUIPlugin:80 - create IPUIPlugin
2024-09-08 20:11:10,323 [INFO] PluginManager:220 - loadIPPluginJar : add gtzc
2024-09-08 20:11:10,360 [INFO] IPUIPlugin:80 - create IPUIPlugin
2024-09-08 20:11:10,360 [INFO] PluginManager:220 - loadIPPluginJar : add hash
2024-09-08 20:11:10,434 [INFO] IPUIPlugin:80 - create IPUIPlugin
2024-09-08 20:11:10,434 [INFO] PluginManager:220 - loadIPPluginJar : add i2c
2024-09-08 20:11:10,480 [INFO] IPUIPlugin:80 - create IPUIPlugin
2024-09-08 20:11:10,480 [INFO] PluginManager:220 - loadIPPluginJar : add i2s
2024-09-08 20:11:10,529 [INFO] IPUIPlugin:80 - create IPUIPlugin
2024-09-08 20:11:10,530 [INFO] PluginManager:220 - loadIPPluginJar : add i3c
2024-09-08 20:11:10,662 [INFO] IPUIPlugin:80 - create IPUIPlugin
2024-09-08 20:11:10,663 [INFO] PluginManager:220 - loadIPPluginJar : add ipddr
2024-09-08 20:11:10,787 [INFO] IPUIPlugin:80 - create IPUIPlugin
2024-09-08 20:11:10,789 [INFO] PluginManager:220 - loadIPPluginJar : add linkedlist
2024-09-08 20:11:10,842 [INFO] IPUIPlugin:80 - create IPUIPlugin
2024-09-08 20:11:10,842 [INFO] PluginManager:220 - loadIPPluginJar : add lorawan
2024-09-08 20:11:10,885 [INFO] IPUIPlugin:80 - create IPUIPlugin
2024-09-08 20:11:10,886 [INFO] PluginManager:220 - loadIPPluginJar : add ltdc
2024-09-08 20:11:10,902 [INFO] IPUIPlugin:80 - create IPUIPlugin
2024-09-08 20:11:10,902 [INFO] PluginManager:220 - loadIPPluginJar : add mdma
2024-09-08 20:11:10,919 [INFO] IPUIPlugin:80 - create IPUIPlugin
2024-09-08 20:11:10,920 [INFO] PluginManager:220 - loadIPPluginJar : add nvic
2024-09-08 20:11:10,960 [INFO] IPUIPlugin:80 - create IPUIPlugin
2024-09-08 20:11:10,960 [INFO] PluginManager:220 - loadIPPluginJar : add opamp
2024-09-08 20:11:11,031 [INFO] IPUIPlugin:80 - create IPUIPlugin
2024-09-08 20:11:11,031 [INFO] PluginManager:220 - loadIPPluginJar : add openamp
2024-09-08 20:11:11,079 [INFO] IPUIPlugin:80 - create IPUIPlugin
2024-09-08 20:11:11,079 [INFO] PluginManager:220 - loadIPPluginJar : add pdm2pcm
2024-09-08 20:11:11,099 [INFO] IPUIPlugin:80 - create IPUIPlugin
2024-09-08 20:11:11,103 [INFO] PluginManager:220 - loadIPPluginJar : add plateformsettings
2024-09-08 20:11:11,141 [INFO] IPUIPlugin:80 - create IPUIPlugin
2024-09-08 20:11:11,141 [INFO] PluginManager:220 - loadIPPluginJar : add quadspi
2024-09-08 20:11:11,191 [INFO] IPUIPlugin:80 - create IPUIPlugin
2024-09-08 20:11:11,193 [INFO] PluginManager:220 - loadIPPluginJar : add radio
2024-09-08 20:11:11,213 [INFO] IPUIPlugin:80 - create IPUIPlugin
2024-09-08 20:11:11,214 [INFO] PluginManager:220 - loadIPPluginJar : add resmgrutility
2024-09-08 20:11:11,282 [INFO] IPUIPlugin:80 - create IPUIPlugin
2024-09-08 20:11:11,282 [INFO] PluginManager:220 - loadIPPluginJar : add sai
2024-09-08 20:11:11,330 [INFO] IPUIPlugin:80 - create IPUIPlugin
2024-09-08 20:11:11,330 [INFO] PluginManager:220 - loadIPPluginJar : add spi
2024-09-08 20:11:11,416 [INFO] IPUIPlugin:80 - create IPUIPlugin
2024-09-08 20:11:11,416 [INFO] PluginManager:220 - loadIPPluginJar : add stm32_wpan
2024-09-08 20:11:11,448 [INFO] IPUIPlugin:80 - create IPUIPlugin
2024-09-08 20:11:11,448 [INFO] PluginManager:220 - loadIPPluginJar : add tim
2024-09-08 20:11:11,544 [INFO] IPUIPlugin:80 - create IPUIPlugin
2024-09-08 20:11:11,545 [INFO] PluginManager:220 - loadIPPluginJar : add touchsensing
2024-09-08 20:11:11,558 [INFO] ThirdPartyUpdaterWithRetryManager:70 - Updater plugin not ready yet. [2/15]
2024-09-08 20:11:11,580 [INFO] IPUIPlugin:80 - create IPUIPlugin
2024-09-08 20:11:11,580 [INFO] PluginManager:220 - loadIPPluginJar : add tracer_emb
2024-09-08 20:11:11,617 [INFO] IPUIPlugin:80 - create IPUIPlugin
2024-09-08 20:11:11,617 [INFO] PluginManager:220 - loadIPPluginJar : add ts
2024-09-08 20:11:11,647 [INFO] IPUIPlugin:80 - create IPUIPlugin
2024-09-08 20:11:11,648 [INFO] PluginManager:220 - loadIPPluginJar : add tsc
2024-09-08 20:11:11,679 [INFO] IPUIPlugin:80 - create IPUIPlugin
2024-09-08 20:11:11,679 [INFO] PluginManager:220 - loadIPPluginJar : add ucpd
2024-09-08 20:11:11,747 [INFO] IPUIPlugin:80 - create IPUIPlugin
2024-09-08 20:11:11,747 [INFO] PluginManager:220 - loadIPPluginJar : add usart
2024-09-08 20:11:11,806 [INFO] IPUIPlugin:80 - create IPUIPlugin
2024-09-08 20:11:11,806 [INFO] PluginManager:220 - loadIPPluginJar : add usbx
2024-09-08 20:11:11,952 [INFO] CADModel:165 - CPN selected for project level
2024-09-08 20:11:11,952 [INFO] CADModel:114 - Register for checkConnection events
2024-09-08 20:11:11,952 [FATAL] Updater:334 - Updater called before beeing initialized
2024-09-08 20:11:11,952 [ERROR] CADModel:125 - Updater not yet initialized, retry later 
2024-09-08 20:11:12,134 [INFO] CADModel:165 - CPN selected for project level
2024-09-08 20:11:12,136 [INFO] CADModel:114 - Register for checkConnection events
2024-09-08 20:11:12,136 [FATAL] Updater:334 - Updater called before beeing initialized
2024-09-08 20:11:12,136 [ERROR] CADModel:125 - Updater not yet initialized, retry later 
2024-09-08 20:11:12,139 [FATAL] Updater:334 - Updater called before beeing initialized
2024-09-08 20:11:12,285 [FATAL] Updater:334 - Updater called before beeing initialized
2024-09-08 20:11:12,298 [INFO] DbMcusAds:53 - JSON generation date=Thu May 16 06:22:00 BRT 2024 (1715851320667)
2024-09-08 20:11:12,298 [FATAL] Updater:334 - Updater called before beeing initialized
2024-09-08 20:11:12,349 [WARN] DetailPanel:346 - Failed to get advertising image, set to default
2024-09-08 20:11:12,459 [FATAL] Updater:334 - Updater called before beeing initialized
2024-09-08 20:11:12,462 [FATAL] Updater:334 - Updater called before beeing initialized
2024-09-08 20:11:12,463 [FATAL] Updater:334 - Updater called before beeing initialized
2024-09-08 20:11:12,463 [WARN] DetailPanel:346 - Failed to get advertising image, set to default
2024-09-08 20:11:12,464 [FATAL] Updater:334 - Updater called before beeing initialized
2024-09-08 20:11:12,549 [ERROR] Updater:1164 - MainUpdater not yet initialized. External WinMGr cannot be set.
2024-09-08 20:11:12,561 [INFO] Updater:1100 - Updater Version found : 6.12.0
2024-09-08 20:11:12,585 [INFO] ApplicationProperties:184 - Using Application install path: C:\ST\STM32CubeIDE_1.16.0\STM32CubeIDE\plugins\com.st.stm32cube.common.mx_6.12.0.202406281431
2024-09-08 20:11:14,177 [ERROR] LogOutputStream:75 - [STDERR_REDIRECT] Sep 08, 2024 8:11:14 PM java.util.prefs.WindowsPreferences <init>
2024-09-08 20:11:14,179 [ERROR] LogOutputStream:75 - [STDERR_REDIRECT] WARNING: Could not open/create prefs root node Software\JavaSoft\Prefs at root 0xffffffff80000002. Windows RegCreateKeyEx(...) returned error code 5.
2024-09-08 20:11:14,179 [ERROR] LogOutputStream:75 - [STDERR_REDIRECT] 
2024-09-08 20:11:14,562 [INFO] ThirdPartyUpdaterWithRetryManager:70 - Updater plugin not ready yet. [3/15]
2024-09-08 20:11:14,897 [INFO] MainUpdater:2873 - connection check result : 10
2024-09-08 20:11:14,898 [INFO] MainUpdater:3567 - Updater definition file requires update
2024-09-08 20:11:14,899 [INFO] MainUpdater:290 - Updater Check For Update Now.
2024-09-08 20:11:14,900 [INFO] MicroXplorer:498 - Change Database Version : DB.6.0.120
2024-09-08 20:11:14,931 [INFO] McuFinderGlobals:63 - Set McuFinder mode to 2 (CubeIDE integrated)
2024-09-08 20:11:14,942 [INFO] UserAuth:417 - Internet connection configuration mode: 1
2024-09-08 20:11:14,991 [INFO] JxBrowserEngine:152 - Initiate JxBrowser Engine with user profile folder
2024-09-08 20:11:15,086 [INFO] ServerAccessManage:473 - Download File updaters.zip
2024-09-08 20:11:15,272 [INFO] FileExtend:240 - Unzip File : updaters.zip
2024-09-08 20:11:15,272 [INFO] FileExtend:255 - Standard Zip Deflate
2024-09-08 20:11:15,978 [INFO] ServerAccessManage:473 - Download File PacksControlFlags.xml
2024-09-08 20:11:16,139 [INFO] ServerAccessManage:473 - Download File cubemx.pidx
2024-09-08 20:11:16,299 [INFO] LoadServerUpdatesThread:375 - End of LoadServerUpdate Thread
2024-09-08 20:11:16,480 [INFO] CheckServerUpdateThread:120 - End of CheckServer Thread
2024-09-08 20:11:17,835 [WARN] PackLoader:240 - Cannot read IP mode file for STMicroelectronics.FP-SNS-MOTENVWB1.1.4.0
2024-09-08 20:11:17,858 [WARN] PackLoader:240 - Cannot read IP mode file for STMicroelectronics.X-CUBE-SMBUS.2.1.0
2024-09-08 20:11:17,876 [WARN] PackLoader:240 - Cannot read IP mode file for STMicroelectronics.X-CUBE-TOUCHGFX.4.23.1
2024-09-08 20:11:17,890 [WARN] PackLoader:240 - Cannot read IP mode file for STMicroelectronics.X-CUBE-TOUCHGFX.4.23.0
2024-09-08 20:11:17,904 [WARN] PackLoader:240 - Cannot read IP mode file for STMicroelectronics.X-CUBE-TOUCHGFX.4.23.2
2024-09-08 20:11:18,027 [WARN] PackLoader:240 - Cannot read IP mode file for STMicroelectronics.X-CUBE-AZRTOS-F7.1.1.0
2024-09-08 20:11:18,096 [WARN] PackLoader:240 - Cannot read IP mode file for STMicroelectronics.FP-SNS-MOTENV1.4.3.2
2024-09-08 20:11:18,252 [WARN] PackLoader:240 - Cannot read IP mode file for STMicroelectronics.X-CUBE-MEMS1.11.0.0
2024-09-08 20:11:18,436 [WARN] PackLoader:240 - Cannot read IP mode file for STMicroelectronics.FP-SNS-FLIGHT1.5.0.2
2024-09-08 20:11:18,456 [WARN] PackLoader:240 - Cannot read IP mode file for STMicroelectronics.X-CUBE-DISPLAY.3.0.0
2024-09-08 20:11:18,479 [WARN] PackLoader:240 - Cannot read IP mode file for STMicroelectronics.X-CUBE-BLE1.7.0.0
2024-09-08 20:11:18,526 [WARN] PackLoader:240 - Cannot read IP mode file for emotas.I-CUBE-CANOPEN.1.3.0
2024-09-08 20:11:18,569 [WARN] PackLoader:240 - Cannot read IP mode file for STMicroelectronics.X-CUBE-BLEMGR.3.1.0
2024-09-08 20:11:18,604 [WARN] PackLoader:240 - Cannot read IP mode file for STMicroelectronics.FP-SNS-SMARTAG2.1.2.0
2024-09-08 20:11:18,689 [INFO] LogOutputStream:77 - [STDOUT_REDIRECT] 1 : Invalid condition id : UX_CORESTACK_Condition cause : null
2024-09-08 20:11:18,691 [INFO] LogOutputStream:77 - [STDOUT_REDIRECT] 1 : Invalid condition id : UX_CORESTACK_Condition cause : null
2024-09-08 20:11:18,694 [INFO] LogOutputStream:77 - [STDOUT_REDIRECT] 1 : Invalid condition id : UX_CORESTACK_Condition cause : null
2024-09-08 20:11:18,697 [INFO] LogOutputStream:77 - [STDOUT_REDIRECT] 1 : Invalid condition id : UX_CORESTACK_Condition cause : null
2024-09-08 20:11:18,699 [INFO] LogOutputStream:77 - [STDOUT_REDIRECT] 1 : Invalid condition id : UX_CORESTACK_Condition cause : null
2024-09-08 20:11:18,709 [WARN] PackLoader:240 - Cannot read IP mode file for STMicroelectronics.X-CUBE-AZRTOS-WL.2.0.0
2024-09-08 20:11:18,741 [WARN] PackLoader:240 - Cannot read IP mode file for STMicroelectronics.FP-SNS-MOTENV1.5.0.0
2024-09-08 20:11:18,769 [WARN] PackLoader:240 - Cannot read IP mode file for wolfSSL.I-CUBE-wolfMQTT.1.19.0
2024-09-08 20:11:18,804 [WARN] PackLoader:240 - Cannot read IP mode file for WES.I-CUBE-Cesium.1.3.0
2024-09-08 20:11:18,829 [WARN] PackLoader:240 - Cannot read IP mode file for STMicroelectronics.X-CUBE-BLE2.3.3.0
2024-09-08 20:11:18,852 [WARN] PackLoader:240 - Cannot read IP mode file for STMicroelectronics.X-CUBE-TCPP.4.1.0
2024-09-08 20:11:18,876 [WARN] PackLoader:240 - Cannot read IP mode file for STMicroelectronics.X-CUBE-ALGOBUILD.1.3.0
2024-09-08 20:11:18,928 [WARN] PackLoader:240 - Cannot read IP mode file for STMicroelectronics.X-CUBE-AZRTOS-G0.1.1.0
2024-09-08 20:11:18,951 [WARN] PackLoader:240 - Cannot read IP mode file for STMicroelectronics.X-CUBE-SAFEA1.1.2.2
2024-09-08 20:11:18,974 [WARN] PackLoader:240 - Cannot read IP mode file for STMicroelectronics.X-CUBE-NFC4.3.0.0
2024-09-08 20:11:18,996 [WARN] PackLoader:240 - Cannot read IP mode file for EmbeddedOffice.I-CUBE-FS-RTOS.1.0.1
2024-09-08 20:11:18,997 [ERROR] ConditionMgr:805 - Attr not supported : Dmpu
2024-09-08 20:11:18,997 [ERROR] ConditionMgr:805 - Attr not supported : Dmpu
2024-09-08 20:11:18,997 [ERROR] ConditionMgr:805 - Attr not supported : Dmpu
2024-09-08 20:11:18,997 [ERROR] ConditionMgr:805 - Attr not supported : Dmpu
2024-09-08 20:11:18,997 [ERROR] ConditionMgr:805 - Attr not supported : Dmpu
2024-09-08 20:11:18,997 [ERROR] ConditionMgr:805 - Attr not supported : Dmpu
2024-09-08 20:11:18,997 [ERROR] ConditionMgr:805 - Attr not supported : Dmpu
2024-09-08 20:11:18,997 [ERROR] ConditionMgr:805 - Attr not supported : Dmpu
2024-09-08 20:11:18,997 [ERROR] ConditionMgr:805 - Attr not supported : Dmpu
2024-09-08 20:11:18,997 [ERROR] ConditionMgr:805 - Attr not supported : Dmpu
2024-09-08 20:11:18,997 [ERROR] ConditionMgr:805 - Attr not supported : Dmpu
2024-09-08 20:11:18,998 [ERROR] ConditionMgr:805 - Attr not supported : Dmpu
2024-09-08 20:11:18,998 [ERROR] ConditionMgr:805 - Attr not supported : Dmpu
2024-09-08 20:11:18,998 [ERROR] ConditionMgr:805 - Attr not supported : Dmpu
2024-09-08 20:11:18,998 [ERROR] ConditionMgr:805 - Attr not supported : Dmpu
2024-09-08 20:11:18,998 [ERROR] ConditionMgr:805 - Attr not supported : Dmpu
2024-09-08 20:11:18,998 [ERROR] ConditionMgr:805 - Attr not supported : Dmpu
2024-09-08 20:11:18,998 [ERROR] ConditionMgr:805 - Attr not supported : Dmpu
2024-09-08 20:11:18,998 [ERROR] ConditionMgr:805 - Attr not supported : Dmpu
2024-09-08 20:11:18,998 [ERROR] ConditionMgr:805 - Attr not supported : Dmpu
2024-09-08 20:11:18,999 [ERROR] ConditionMgr:805 - Attr not supported : Dmpu
2024-09-08 20:11:18,999 [ERROR] ConditionMgr:805 - Attr not supported : Dmpu
2024-09-08 20:11:18,999 [ERROR] ConditionMgr:805 - Attr not supported : Dmpu
2024-09-08 20:11:18,999 [ERROR] ConditionMgr:805 - Attr not supported : Dmpu
2024-09-08 20:11:18,999 [ERROR] ConditionMgr:805 - Attr not supported : Dmpu
2024-09-08 20:11:18,999 [ERROR] ConditionMgr:805 - Attr not supported : Dmpu
2024-09-08 20:11:18,999 [ERROR] ConditionMgr:805 - Attr not supported : Dmpu
2024-09-08 20:11:18,999 [ERROR] ConditionMgr:805 - Attr not supported : Dmpu
2024-09-08 20:11:18,999 [ERROR] ConditionMgr:805 - Attr not supported : Dmpu
2024-09-08 20:11:18,999 [ERROR] ConditionMgr:805 - Attr not supported : Dmpu
2024-09-08 20:11:18,999 [ERROR] ConditionMgr:805 - Attr not supported : Dmpu
2024-09-08 20:11:18,999 [ERROR] ConditionMgr:805 - Attr not supported : Dmpu
2024-09-08 20:11:18,999 [ERROR] ConditionMgr:805 - Attr not supported : Dmpu
2024-09-08 20:11:18,999 [ERROR] ConditionMgr:805 - Attr not supported : Dmpu
2024-09-08 20:11:18,999 [ERROR] ConditionMgr:805 - Attr not supported : Dmpu
2024-09-08 20:11:18,999 [ERROR] ConditionMgr:805 - Attr not supported : Dmpu
2024-09-08 20:11:18,999 [ERROR] ConditionMgr:805 - Attr not supported : Dmpu
2024-09-08 20:11:18,999 [ERROR] ConditionMgr:805 - Attr not supported : Dmpu
2024-09-08 20:11:18,999 [ERROR] ConditionMgr:805 - Attr not supported : Dmpu
2024-09-08 20:11:18,999 [ERROR] ConditionMgr:805 - Attr not supported : Dmpu
2024-09-08 20:11:19,000 [ERROR] ConditionMgr:805 - Attr not supported : Dmpu
2024-09-08 20:11:19,000 [ERROR] ConditionMgr:805 - Attr not supported : Dmpu
2024-09-08 20:11:19,000 [ERROR] ConditionMgr:805 - Attr not supported : Dmpu
2024-09-08 20:11:19,000 [ERROR] ConditionMgr:805 - Attr not supported : Dmpu
2024-09-08 20:11:19,000 [ERROR] ConditionMgr:805 - Attr not supported : Dmpu
2024-09-08 20:11:19,000 [ERROR] ConditionMgr:805 - Attr not supported : Dmpu
2024-09-08 20:11:19,000 [ERROR] ConditionMgr:805 - Attr not supported : Dmpu
2024-09-08 20:11:19,000 [ERROR] ConditionMgr:805 - Attr not supported : Dmpu
2024-09-08 20:11:19,000 [ERROR] ConditionMgr:805 - Attr not supported : Dmpu
2024-09-08 20:11:19,001 [ERROR] ConditionMgr:805 - Attr not supported : Dmpu
2024-09-08 20:11:19,001 [ERROR] ConditionMgr:805 - Attr not supported : Dmpu
2024-09-08 20:11:19,001 [ERROR] ConditionMgr:805 - Attr not supported : Dmpu
2024-09-08 20:11:19,001 [ERROR] ConditionMgr:805 - Attr not supported : Dmpu
2024-09-08 20:11:19,001 [ERROR] ConditionMgr:805 - Attr not supported : Dmpu
2024-09-08 20:11:19,001 [ERROR] ConditionMgr:805 - Attr not supported : Dmpu
2024-09-08 20:11:19,001 [ERROR] ConditionMgr:805 - Attr not supported : Dmpu
2024-09-08 20:11:19,001 [ERROR] ConditionMgr:805 - Attr not supported : Dmpu
2024-09-08 20:11:19,001 [ERROR] ConditionMgr:805 - Attr not supported : Dmpu
2024-09-08 20:11:19,001 [ERROR] ConditionMgr:805 - Attr not supported : Dmpu
2024-09-08 20:11:19,001 [ERROR] ConditionMgr:805 - Attr not supported : Dmpu
2024-09-08 20:11:19,001 [ERROR] ConditionMgr:805 - Attr not supported : Dmpu
2024-09-08 20:11:19,001 [ERROR] ConditionMgr:805 - Attr not supported : Dmpu
2024-09-08 20:11:19,001 [ERROR] ConditionMgr:805 - Attr not supported : Dmpu
2024-09-08 20:11:19,001 [ERROR] ConditionMgr:805 - Attr not supported : Dmpu
2024-09-08 20:11:19,017 [WARN] PackLoader:240 - Cannot read IP mode file for RealThread.X-CUBE-RT-Thread_Nano.4.1.1
2024-09-08 20:11:19,030 [WARN] PackLoader:240 - Cannot read IP mode file for STMicroelectronics.FP-ATR-SIGFOX1.3.2.0
2024-09-08 20:11:19,049 [WARN] PackLoader:240 - Cannot read IP mode file for STMicroelectronics.X-CUBE-EEPRMA1.5.1.0
2024-09-08 20:11:19,103 [WARN] PackLoader:240 - Cannot read IP mode file for SEGGER.I-CUBE-embOS.1.3.1
2024-09-08 20:11:19,144 [WARN] PackLoader:240 - Cannot read IP mode file for STMicroelectronics.X-CUBE-ALGOBUILD.1.4.0
2024-09-08 20:11:19,149 [INFO] WebApp:167 - Instantiating new browser for Auth
2024-09-08 20:11:19,161 [WARN] PackLoader:240 - Cannot read IP mode file for STMicroelectronics.X-CUBE-GNSS1.6.0.0
2024-09-08 20:11:19,211 [WARN] PackLoader:240 - Cannot read IP mode file for STMicroelectronics.X-CUBE-AZRTOS-F4.1.1.0
2024-09-08 20:11:19,241 [WARN] PackLoader:240 - Cannot read IP mode file for STMicroelectronics.X-CUBE-FREERTOS.1.2.0
2024-09-08 20:11:19,259 [WARN] PackLoader:240 - Cannot read IP mode file for wolfSSL.I-CUBE-wolfSSL.5.6.6
2024-09-08 20:11:19,288 [WARN] PackLoader:240 - Cannot read IP mode file for STMicroelectronics.X-CUBE-AZRTOS-L5.2.0.0
2024-09-08 20:11:19,311 [WARN] PackLoader:240 - Cannot read IP mode file for STMicroelectronics.X-CUBE-NFC6.3.1.0
2024-09-08 20:11:19,327 [WARN] PackLoader:240 - Cannot read IP mode file for ITTIA_DB.I-CUBE-ITTIADB.8.8.0
2024-09-08 20:11:19,345 [WARN] PackLoader:240 - Cannot read IP mode file for STMicroelectronics.X-CUBE-DPower.1.2.0
2024-09-08 20:11:19,360 [WARN] PackLoader:240 - Cannot read IP mode file for STMicroelectronics.X-CUBE-AI.9.0.0
2024-09-08 20:11:19,374 [WARN] PackLoader:240 - Cannot read IP mode file for STMicroelectronics.X-CUBE-NFC7.1.0.1
2024-09-08 20:11:19,390 [WARN] PackLoader:240 - Cannot read IP mode file for STMicroelectronics.X-CUBE-NFC6.3.0.0
2024-09-08 20:11:19,406 [WARN] PackLoader:240 - Cannot read IP mode file for STMicroelectronics.X-CUBE-AI.8.1.0
2024-09-08 20:11:19,444 [WARN] ConditionMgr:438 - getConditionDescription Invalid condition id : LAN8742 Phy interface Condition cause : null
2024-09-08 20:11:19,444 [WARN] PackLoader:240 - Cannot read IP mode file for STMicroelectronics.X-CUBE-AZRTOS-L4.2.0.0
2024-09-08 20:11:19,446 [WARN] ConditionMgr:1039 - genDependencies : Invalid condition id : LAN8742 Phy interface Condition cause : null
2024-09-08 20:11:19,446 [WARN] ConditionMgr:1039 - genDependencies : Invalid condition id : LAN8742 Phy interface Condition cause : null
2024-09-08 20:11:19,446 [WARN] ConditionMgr:1039 - genDependencies : Invalid condition id : LAN8742 Phy interface Condition cause : null
2024-09-08 20:11:19,464 [WARN] PackLoader:240 - Cannot read IP mode file for STMicroelectronics.X-CUBE-SFXS2LP1.4.0.0
2024-09-08 20:11:19,504 [WARN] PackLoader:240 - Cannot read IP mode file for STMicroelectronics.X-CUBE-AZRTOS-H7.3.3.0
2024-09-08 20:11:19,547 [WARN] ConditionMgr:438 - getConditionDescription Invalid condition id : UX DEVICE CLASS RTOS Condition cause : null
2024-09-08 20:11:19,547 [WARN] ConditionMgr:438 - getConditionDescription Invalid condition id : UX DEVICE CLASS RTOS Condition cause : null
2024-09-08 20:11:19,552 [WARN] PackLoader:240 - Cannot read IP mode file for STMicroelectronics.X-CUBE-AZRTOS-WB.2.0.0
2024-09-08 20:11:19,554 [WARN] ConditionMgr:1039 - genDependencies : Invalid condition id : UX DEVICE CLASS RTOS Condition cause : null
2024-09-08 20:11:19,555 [WARN] ConditionMgr:1039 - genDependencies : Invalid condition id : UX DEVICE CLASS RTOS Condition cause : null
2024-09-08 20:11:19,555 [WARN] ConditionMgr:1039 - genDependencies : Invalid condition id : UX DEVICE CLASS RTOS Condition cause : null
2024-09-08 20:11:19,556 [WARN] ConditionMgr:1039 - genDependencies : Invalid condition id : UX DEVICE CLASS RTOS Condition cause : null
2024-09-08 20:11:19,556 [WARN] ConditionMgr:1039 - genDependencies : Invalid condition id : UX DEVICE CLASS RTOS Condition cause : null
2024-09-08 20:11:19,578 [WARN] PackLoader:240 - Cannot read IP mode file for STMicroelectronics.FP-SNS-STBOX1.2.0.0
2024-09-08 20:11:19,609 [WARN] PackLoader:240 - Cannot read IP mode file for STMicroelectronics.X-CUBE-SUBG2.5.0.0
2024-09-08 20:11:19,638 [WARN] PackLoader:240 - Cannot read IP mode file for STMicroelectronics.X-CUBE-AZRTOS-G4.2.0.0
2024-09-08 20:11:19,662 [WARN] PackLoader:240 - Cannot read IP mode file for Infineon.AIROC-Wi-Fi-Bluetooth-STM32.1.5.1
2024-09-08 20:11:19,681 [WARN] PackLoader:240 - Cannot read IP mode file for STMicroelectronics.FP-SNS-MOTENVWB1.1.3.1
2024-09-08 20:11:19,695 [WARN] PackLoader:240 - Cannot read IP mode file for STMicroelectronics.X-CUBE-ISPU.2.0.0
2024-09-08 20:11:19,708 [WARN] PackLoader:240 - Cannot read IP mode file for STMicroelectronics.X-CUBE-ALS.1.0.2
2024-09-08 20:11:19,748 [WARN] PackLoader:240 - Cannot read IP mode file for STMicroelectronics.X-CUBE-MEMS1.10.0.0
2024-09-08 20:11:19,851 [WARN] PackLoader:240 - Cannot read IP mode file for STMicroelectronics.X-CUBE-FREERTOS.1.1.0
2024-09-08 20:11:19,869 [WARN] PackLoader:240 - Cannot read IP mode file for STMicroelectronics.X-CUBE-TOUCHGFX.4.24.0
2024-09-08 20:11:19,883 [WARN] PackLoader:240 - Cannot read IP mode file for wolfSSL.I-CUBE-wolfTPM.3.4.0
2024-09-08 20:11:19,900 [WARN] PackLoader:240 - Cannot read IP mode file for portGmbH.I-Cube-SoM-uGOAL.1.1.0
2024-09-08 20:11:19,914 [WARN] PackLoader:240 - Cannot read IP mode file for STMicroelectronics.X-CUBE-ALS.1.0.1
2024-09-08 20:11:19,943 [WARN] PackLoader:240 - Cannot read IP mode file for STMicroelectronics.X-CUBE-AZRTOS-H7RS.1.0.0
2024-09-08 20:11:19,960 [WARN] PackLoader:240 - Cannot read IP mode file for STMicroelectronics.FP-ATR-ASTRA1.2.0.0
2024-09-08 20:11:19,986 [WARN] PackLoader:240 - Cannot read IP mode file for STMicroelectronics.X-CUBE-TOF1.3.4.2
2024-09-08 20:11:20,013 [WARN] PackLoader:240 - Cannot read IP mode file for STMicroelectronics.X-CUBE-TOF1.3.4.1
2024-09-08 20:11:20,050 [WARN] PackLoader:240 - Cannot read IP mode file for STMicroelectronics.X-CUBE-AZRTOS-H7.3.2.0
2024-09-08 20:11:20,068 [WARN] PackLoader:240 - Cannot read IP mode file for wolfSSL.I-CUBE-wolfSSH.1.4.17
2024-09-08 20:11:20,068 [INFO] ThirdParty:978 - Integrity check success = true
2024-09-08 20:11:20,069 [INFO] IntegrityCheckThread:100 - exiting critical section [integrity check]
2024-09-08 20:11:20,069 [INFO] IntegrityCheckThread:103 - End integrity checks thread
2024-09-08 20:11:20,906 [INFO] WebApp:448 - Apply proxy settings
2024-09-08 20:11:20,907 [INFO] WebApp:533 - Chromium requires no authentication
2024-09-08 20:11:20,918 [INFO] WebApp:476 - Direct internet connection detected
2024-09-08 20:11:20,952 [INFO] WebApp:869 - Register for checkConnection events
2024-09-08 20:11:20,952 [INFO] WebApp:448 - Apply proxy settings
2024-09-08 20:11:20,953 [INFO] WebApp:533 - Chromium requires no authentication
2024-09-08 20:11:20,953 [INFO] WebApp:476 - Direct internet connection detected
2024-09-08 20:11:21,179 [INFO] WebApp:220 - Starting web application
2024-09-08 20:11:21,180 [INFO] WebApp:578 - Web application path used C:\ST\STM32CubeIDE_1.16.0\STM32CubeIDE\plugins\com.st.stm32cube.common.mx_6.12.0.202406281431\db\plugins\mcufinder\reactClient1\index.html
2024-09-08 20:11:21,386 [INFO] UserAuth:417 - Internet connection configuration mode: 1
2024-09-08 20:11:21,406 [INFO] WebApp:186 - Connection restablished
2024-09-08 22:00:01,148 [INFO] WebApp:189 - Connection lost
2024-09-08 22:00:06,893 [INFO] WebApp:186 - Connection restablished
2024-09-08 22:12:33,054 [ERROR] LogOutputStream:75 - [STDERR_REDIRECT] 
2024-09-08 22:12:33,056 [ERROR] LogOutputStream:75 - [STDERR_REDIRECT] 
