2024-11-17 20:32:26,461 [INFO] Activator:176 - 


2024-11-17 20:32:26,465 [INFO] Activator:177 - !SESSION log4j initialized
2024-11-17 20:32:31,323 [INFO] LogOutputStream:77 - [STDOUT_REDIRECT] 
2024-11-17 20:32:34,192 [INFO] ApplicationProperties:184 - Using Application install path: C:\ST\STM32CubeIDE_1.16.0\STM32CubeIDE\plugins\com.st.stm32cube.common.mx_6.12.0.202406281431
2024-11-17 20:32:34,209 [INFO] DbMcusXml:78 - Set database path to: C:\ST\STM32CubeIDE_1.16.0\STM32CubeIDE\plugins\com.st.stm32cube.common.mx_6.12.0.202406281431\\db\/mcu/
2024-11-17 20:32:34,209 [INFO] ApiDb:274 - Set plugin database path to: C:\ST\STM32CubeIDE_1.16.0\STM32CubeIDE\plugins\com.st.stm32cube.common.mx_6.12.0.202406281431\\db\/plugins/boardmanager/
2024-11-17 20:32:34,210 [WARN] ApiDb:259 - Overriding images path with different value:  => C:\ST\STM32CubeIDE_1.16.0\STM32CubeIDE\plugins\com.st.stm32cube.common.mx_6.12.0.202406281431\\db\/plugins/mcufinder/images/
2024-11-17 20:32:34,217 [INFO] ApiDb:250 - Set database path to: C:\Users\jvmen\.stmcufinder\plugins\mcufinder//mcu/
2024-11-17 20:32:34,218 [INFO] DbMcusAds:125 - Set database path to: C:\Users\jvmen\.stmcufinder\plugins\mcufinder//mcu/
2024-11-17 20:32:34,220 [INFO] CrossReferenceDbSqlite:203 - Set database path to: C:\Users\jvmen\.stmcufinder\plugins\mcufinder//mcu/cs/
2024-11-17 20:32:34,306 [INFO] RulesReader:64 - Compatibility file has been processed (297 Rules)
2024-11-17 20:32:34,367 [INFO] DbMcusXml:78 - Set database path to: C:\ST\STM32CubeIDE_1.16.0\STM32CubeIDE\plugins\com.st.stm32cube.common.mx_6.12.0.202406281431\\db\/mcu/
2024-11-17 20:32:34,367 [INFO] ApiDb:274 - Set plugin database path to: C:\ST\STM32CubeIDE_1.16.0\STM32CubeIDE\plugins\com.st.stm32cube.common.mx_6.12.0.202406281431\\db\/plugins/boardmanager/
2024-11-17 20:32:34,367 [INFO] ApiDb:261 - Set plugin images path to: C:\ST\STM32CubeIDE_1.16.0\STM32CubeIDE\plugins\com.st.stm32cube.common.mx_6.12.0.202406281431\\db\/plugins/mcufinder/images/
2024-11-17 20:32:34,367 [WARN] DbFile:41 - Overriding database path with different value: C:\Users\jvmen\.stmcufinder\plugins\mcufinder/ => C:\Users\jvmen\.stmcufinder\plugins\mcufinder
2024-11-17 20:32:34,368 [INFO] ApiDb:250 - Set database path to: C:\Users\jvmen\.stmcufinder\plugins\mcufinder//mcu/
2024-11-17 20:32:34,368 [WARN] DbFile:41 - Overriding database path with different value: C:\Users\jvmen\.stmcufinder\plugins\mcufinder/ => C:\Users\jvmen\.stmcufinder\plugins\mcufinder
2024-11-17 20:32:34,368 [INFO] DbMcusAds:125 - Set database path to: C:\Users\jvmen\.stmcufinder\plugins\mcufinder//mcu/
2024-11-17 20:32:34,368 [WARN] DbFile:41 - Overriding database path with different value: C:\Users\jvmen\.stmcufinder\plugins\mcufinder/ => C:\Users\jvmen\.stmcufinder\plugins\mcufinder
2024-11-17 20:32:34,368 [WARN] DbFile:41 - Overriding database path with different value: C:\Users\jvmen\.stmcufinder\plugins\mcufinder/ => C:\Users\jvmen\.stmcufinder\plugins\mcufinder
2024-11-17 20:32:34,368 [INFO] CrossReferenceDbSqlite:203 - Set database path to: C:\Users\jvmen\.stmcufinder\plugins\mcufinder//mcu/cs/
2024-11-17 20:32:34,429 [INFO] MainPanel:268 - HeapMemory: 268435456
2024-11-17 20:32:34,504 [INFO] DbMcusXml:78 - Set database path to: C:\ST\STM32CubeIDE_1.16.0\STM32CubeIDE\plugins\com.st.stm32cube.common.mx_6.12.0.202406281431\\db\/mcu/
2024-11-17 20:32:34,504 [INFO] ApiDb:274 - Set plugin database path to: C:\ST\STM32CubeIDE_1.16.0\STM32CubeIDE\plugins\com.st.stm32cube.common.mx_6.12.0.202406281431\\db\/plugins/boardmanager/
2024-11-17 20:32:34,504 [INFO] ApiDb:261 - Set plugin images path to: C:\ST\STM32CubeIDE_1.16.0\STM32CubeIDE\plugins\com.st.stm32cube.common.mx_6.12.0.202406281431\\db\/plugins/mcufinder/images/
2024-11-17 20:32:34,504 [WARN] DbFile:41 - Overriding database path with different value: C:\Users\jvmen\.stmcufinder\plugins\mcufinder/ => C:\Users\jvmen\.stmcufinder\plugins\mcufinder
2024-11-17 20:32:34,504 [INFO] ApiDb:250 - Set database path to: C:\Users\jvmen\.stmcufinder\plugins\mcufinder//mcu/
2024-11-17 20:32:34,506 [WARN] DbFile:41 - Overriding database path with different value: C:\Users\jvmen\.stmcufinder\plugins\mcufinder/ => C:\Users\jvmen\.stmcufinder\plugins\mcufinder
2024-11-17 20:32:34,506 [INFO] DbMcusAds:125 - Set database path to: C:\Users\jvmen\.stmcufinder\plugins\mcufinder//mcu/
2024-11-17 20:32:34,506 [WARN] DbFile:41 - Overriding database path with different value: C:\Users\jvmen\.stmcufinder\plugins\mcufinder/ => C:\Users\jvmen\.stmcufinder\plugins\mcufinder
2024-11-17 20:32:34,506 [WARN] DbFile:41 - Overriding database path with different value: C:\Users\jvmen\.stmcufinder\plugins\mcufinder/ => C:\Users\jvmen\.stmcufinder\plugins\mcufinder
2024-11-17 20:32:34,506 [INFO] CrossReferenceDbSqlite:203 - Set database path to: C:\Users\jvmen\.stmcufinder\plugins\mcufinder//mcu/cs/
2024-11-17 20:32:34,520 [INFO] ApplicationProperties:184 - Using Application install path: C:\ST\STM32CubeIDE_1.16.0\STM32CubeIDE\plugins\com.st.stm32cube.common.mx_6.12.0.202406281431
2024-11-17 20:32:34,521 [INFO] PluginManage:196 - Search for loadable plugins [exclusion list=, ]
2024-11-17 20:32:34,522 [INFO] PluginManage:310 - Check plugin analytics
2024-11-17 20:32:34,680 [INFO] AnalyticsPlugin:253 - Accepted Software Licenses: 
2024-11-17 20:32:34,680 [INFO] AnalyticsPlugin:255 - Accepted CMSIS Pack Licenses: 
2024-11-17 20:32:34,680 [INFO] AnalyticsPlugin:257 - Accepted Firmware Licenses: FW.G4.1.5.0,FW.G4.1.6.0
2024-11-17 20:32:34,683 [INFO] PluginManage:359 - Loaded plugin analytics (category:tool,tabindex:-1)
2024-11-17 20:32:34,683 [INFO] PluginManage:310 - Check plugin cadmodel
2024-11-17 20:32:34,702 [INFO] CADModel:105 - Init CAD model plugin
2024-11-17 20:32:34,703 [INFO] PluginManage:359 - Loaded plugin cadmodel (category:power,tabindex:5)
2024-11-17 20:32:34,703 [INFO] PluginManage:310 - Check plugin clock
2024-11-17 20:32:34,729 [INFO] PluginManage:359 - Loaded plugin clock (category:base,tabindex:2)
2024-11-17 20:32:34,729 [INFO] PluginManage:310 - Check plugin ddr
2024-11-17 20:32:34,732 [INFO] PluginManage:359 - Loaded plugin ddr (category:tool,tabindex:6)
2024-11-17 20:32:34,732 [INFO] PluginManage:310 - Check plugin filemanager
2024-11-17 20:32:34,871 [INFO] PluginManage:359 - Loaded plugin filemanager (category:base,tabindex:10)
2024-11-17 20:32:34,871 [INFO] PluginManage:310 - Check plugin ipmanager
2024-11-17 20:32:34,876 [INFO] PluginManage:359 - Loaded plugin ipmanager (category:base,tabindex:5)
2024-11-17 20:32:34,876 [INFO] PluginManage:310 - Check plugin lpbam
2024-11-17 20:32:34,892 [INFO] PluginManage:359 - Loaded plugin lpbam (category:base,tabindex:0)
2024-11-17 20:32:34,892 [INFO] PluginManage:310 - Check plugin memorymap
2024-11-17 20:32:34,910 [INFO] PluginManage:359 - Loaded plugin memorymap (category:base,tabindex:4)
2024-11-17 20:32:34,911 [INFO] PluginManage:310 - Check plugin pinoutandconfiguration
2024-11-17 20:32:34,925 [INFO] PluginManage:359 - Loaded plugin pinoutandconfiguration (category:base,tabindex:1)
2024-11-17 20:32:34,925 [INFO] PluginManage:310 - Check plugin pinoutconfig
2024-11-17 20:32:34,993 [WARN] SupportedApi:132 - Cannot load RTOS API schema: s4s-elt-must-match.1: The content of 'definitions' must match (annotation?, (simpleType | complexType)?, (unique | key | keyref)*)). A problem was found starting at: attribute.
2024-11-17 20:32:35,080 [INFO] PluginManage:359 - Loaded plugin pinoutconfig (category:base,tabindex:0)
2024-11-17 20:32:35,080 [INFO] PluginManage:310 - Check plugin power
2024-11-17 20:32:35,096 [INFO] PluginManage:359 - Loaded plugin power (category:power,tabindex:4)
2024-11-17 20:32:35,096 [INFO] PluginManage:310 - Check plugin projectmanager
2024-11-17 20:32:35,109 [INFO] PluginManage:359 - Loaded plugin projectmanager (category:projectmanager,tabindex:4)
2024-11-17 20:32:35,109 [INFO] PluginManage:310 - Check plugin rif
2024-11-17 20:32:35,123 [INFO] PluginManage:359 - Loaded plugin rif (category:base,tabindex:3)
2024-11-17 20:32:35,124 [INFO] PluginManage:310 - Check plugin thirdparty
2024-11-17 20:32:35,377 [INFO] PluginManage:359 - Loaded plugin thirdparty (category:base,tabindex:-1)
2024-11-17 20:32:35,377 [WARN] IntegrityCheckThread:84 - waiting for thirdparty lock release [integrity check]
2024-11-17 20:32:35,377 [INFO] PluginManage:310 - Check plugin tools
2024-11-17 20:32:35,377 [INFO] IntegrityCheckThread:86 - entering critical section [integrity check]
2024-11-17 20:32:35,378 [INFO] ThirdPartyUpdaterWithRetryManager:70 - Updater plugin not ready yet. [1/15]
2024-11-17 20:32:35,410 [INFO] PluginManage:359 - Loaded plugin tools (category:base,tabindex:7)
2024-11-17 20:32:35,410 [INFO] PluginManage:310 - Check plugin tutovideos
2024-11-17 20:32:35,559 [INFO] PluginManage:359 - Loaded plugin tutovideos (category:base,tabindex:-1)
2024-11-17 20:32:35,559 [INFO] PluginManage:310 - Check plugin updater
2024-11-17 20:32:35,573 [INFO] PluginManage:359 - Loaded plugin updater (category:base,tabindex:12)
2024-11-17 20:32:35,573 [INFO] PluginManage:310 - Check plugin userauth
2024-11-17 20:32:35,577 [INFO] UserAuth:113 - Init User Auth plugin
2024-11-17 20:32:35,577 [INFO] PluginManage:359 - Loaded plugin userauth (category:base,tabindex:14)
2024-11-17 20:32:35,577 [INFO] PluginManage:283 - PluginManage : Loaded plugins [18]
2024-11-17 20:32:35,745 [INFO] PinOutPanel:1561 - setPackage(No Configuration,No Configuration)
2024-11-17 20:32:35,809 [INFO] CADModel:165 - CPN selected for project level
2024-11-17 20:32:35,809 [INFO] CADModel:114 - Register for checkConnection events
2024-11-17 20:32:35,829 [INFO] IPUIPlugin:80 - create IPUIPlugin
2024-11-17 20:32:35,830 [INFO] PluginManager:220 - loadIPPluginJar : add adc
2024-11-17 20:32:35,865 [INFO] IPUIPlugin:80 - create IPUIPlugin
2024-11-17 20:32:35,865 [INFO] PluginManager:220 - loadIPPluginJar : add aes
2024-11-17 20:32:35,904 [INFO] IPUIPlugin:80 - create IPUIPlugin
2024-11-17 20:32:35,905 [INFO] PluginManager:220 - loadIPPluginJar : add can
2024-11-17 20:32:35,936 [INFO] IPUIPlugin:80 - create IPUIPlugin
2024-11-17 20:32:35,936 [INFO] PluginManager:220 - loadIPPluginJar : add comp
2024-11-17 20:32:35,964 [INFO] IPUIPlugin:80 - create IPUIPlugin
2024-11-17 20:32:35,964 [INFO] PluginManager:220 - loadIPPluginJar : add cryp
2024-11-17 20:32:35,974 [INFO] IPUIPlugin:80 - create IPUIPlugin
2024-11-17 20:32:35,974 [INFO] PluginManager:220 - loadIPPluginJar : add ddr_ctrl_phy
2024-11-17 20:32:35,996 [INFO] IPUIPlugin:80 - create IPUIPlugin
2024-11-17 20:32:35,997 [INFO] PluginManager:220 - loadIPPluginJar : add dfsdm
2024-11-17 20:32:36,008 [INFO] IPUIPlugin:80 - create IPUIPlugin
2024-11-17 20:32:36,009 [INFO] PluginManager:220 - loadIPPluginJar : add dma
2024-11-17 20:32:36,046 [INFO] IPUIPlugin:80 - create IPUIPlugin
2024-11-17 20:32:36,046 [INFO] PluginManager:220 - loadIPPluginJar : add dma3
2024-11-17 20:32:36,082 [INFO] IPUIPlugin:80 - create IPUIPlugin
2024-11-17 20:32:36,082 [INFO] PluginManager:220 - loadIPPluginJar : add extmemmanager
2024-11-17 20:32:36,098 [INFO] IPUIPlugin:80 - create IPUIPlugin
2024-11-17 20:32:36,098 [INFO] PluginManager:220 - loadIPPluginJar : add fatfs
2024-11-17 20:32:36,135 [INFO] IPUIPlugin:80 - create IPUIPlugin
2024-11-17 20:32:36,136 [INFO] PluginManager:220 - loadIPPluginJar : add fmc
2024-11-17 20:32:36,148 [INFO] IPUIPlugin:80 - create IPUIPlugin
2024-11-17 20:32:36,149 [INFO] PluginManager:220 - loadIPPluginJar : add freertos
2024-11-17 20:32:36,166 [INFO] IPUIPlugin:80 - create IPUIPlugin
2024-11-17 20:32:36,166 [INFO] PluginManager:220 - loadIPPluginJar : add genericplugin
2024-11-17 20:32:36,234 [INFO] IPUIPlugin:80 - create IPUIPlugin
2024-11-17 20:32:36,234 [INFO] PluginManager:220 - loadIPPluginJar : add gfxmmu
2024-11-17 20:32:36,336 [INFO] IPUIPlugin:80 - create IPUIPlugin
2024-11-17 20:32:36,337 [INFO] PluginManager:220 - loadIPPluginJar : add gic
2024-11-17 20:32:36,349 [INFO] IPUIPlugin:80 - create IPUIPlugin
2024-11-17 20:32:36,349 [INFO] PluginManager:220 - loadIPPluginJar : add gpio
2024-11-17 20:32:36,417 [INFO] IPUIPlugin:80 - create IPUIPlugin
2024-11-17 20:32:36,417 [INFO] PluginManager:220 - loadIPPluginJar : add gtzc
2024-11-17 20:32:36,442 [INFO] IPUIPlugin:80 - create IPUIPlugin
2024-11-17 20:32:36,443 [INFO] PluginManager:220 - loadIPPluginJar : add hash
2024-11-17 20:32:36,489 [INFO] IPUIPlugin:80 - create IPUIPlugin
2024-11-17 20:32:36,489 [INFO] PluginManager:220 - loadIPPluginJar : add i2c
2024-11-17 20:32:36,521 [INFO] IPUIPlugin:80 - create IPUIPlugin
2024-11-17 20:32:36,521 [INFO] PluginManager:220 - loadIPPluginJar : add i2s
2024-11-17 20:32:36,555 [INFO] IPUIPlugin:80 - create IPUIPlugin
2024-11-17 20:32:36,555 [INFO] PluginManager:220 - loadIPPluginJar : add i3c
2024-11-17 20:32:36,639 [INFO] IPUIPlugin:80 - create IPUIPlugin
2024-11-17 20:32:36,640 [INFO] PluginManager:220 - loadIPPluginJar : add ipddr
2024-11-17 20:32:36,721 [INFO] IPUIPlugin:80 - create IPUIPlugin
2024-11-17 20:32:36,721 [INFO] PluginManager:220 - loadIPPluginJar : add linkedlist
2024-11-17 20:32:36,748 [INFO] IPUIPlugin:80 - create IPUIPlugin
2024-11-17 20:32:36,748 [INFO] PluginManager:220 - loadIPPluginJar : add lorawan
2024-11-17 20:32:36,775 [INFO] IPUIPlugin:80 - create IPUIPlugin
2024-11-17 20:32:36,775 [INFO] PluginManager:220 - loadIPPluginJar : add ltdc
2024-11-17 20:32:36,787 [INFO] IPUIPlugin:80 - create IPUIPlugin
2024-11-17 20:32:36,787 [INFO] PluginManager:220 - loadIPPluginJar : add mdma
2024-11-17 20:32:36,800 [INFO] IPUIPlugin:80 - create IPUIPlugin
2024-11-17 20:32:36,800 [INFO] PluginManager:220 - loadIPPluginJar : add nvic
2024-11-17 20:32:36,835 [INFO] IPUIPlugin:80 - create IPUIPlugin
2024-11-17 20:32:36,836 [INFO] PluginManager:220 - loadIPPluginJar : add opamp
2024-11-17 20:32:36,886 [INFO] IPUIPlugin:80 - create IPUIPlugin
2024-11-17 20:32:36,886 [INFO] PluginManager:220 - loadIPPluginJar : add openamp
2024-11-17 20:32:36,923 [INFO] IPUIPlugin:80 - create IPUIPlugin
2024-11-17 20:32:36,923 [INFO] PluginManager:220 - loadIPPluginJar : add pdm2pcm
2024-11-17 20:32:36,935 [INFO] IPUIPlugin:80 - create IPUIPlugin
2024-11-17 20:32:36,937 [INFO] PluginManager:220 - loadIPPluginJar : add plateformsettings
2024-11-17 20:32:36,960 [INFO] IPUIPlugin:80 - create IPUIPlugin
2024-11-17 20:32:36,960 [INFO] PluginManager:220 - loadIPPluginJar : add quadspi
2024-11-17 20:32:36,986 [INFO] IPUIPlugin:80 - create IPUIPlugin
2024-11-17 20:32:36,986 [INFO] PluginManager:220 - loadIPPluginJar : add radio
2024-11-17 20:32:36,999 [INFO] IPUIPlugin:80 - create IPUIPlugin
2024-11-17 20:32:36,999 [INFO] PluginManager:220 - loadIPPluginJar : add resmgrutility
2024-11-17 20:32:37,040 [INFO] IPUIPlugin:80 - create IPUIPlugin
2024-11-17 20:32:37,040 [INFO] PluginManager:220 - loadIPPluginJar : add sai
2024-11-17 20:32:37,064 [INFO] IPUIPlugin:80 - create IPUIPlugin
2024-11-17 20:32:37,065 [INFO] PluginManager:220 - loadIPPluginJar : add spi
2024-11-17 20:32:37,118 [INFO] IPUIPlugin:80 - create IPUIPlugin
2024-11-17 20:32:37,119 [INFO] PluginManager:220 - loadIPPluginJar : add stm32_wpan
2024-11-17 20:32:37,142 [INFO] IPUIPlugin:80 - create IPUIPlugin
2024-11-17 20:32:37,143 [INFO] PluginManager:220 - loadIPPluginJar : add tim
2024-11-17 20:32:37,200 [INFO] IPUIPlugin:80 - create IPUIPlugin
2024-11-17 20:32:37,200 [INFO] PluginManager:220 - loadIPPluginJar : add touchsensing
2024-11-17 20:32:37,221 [INFO] IPUIPlugin:80 - create IPUIPlugin
2024-11-17 20:32:37,221 [INFO] PluginManager:220 - loadIPPluginJar : add tracer_emb
2024-11-17 20:32:37,249 [INFO] IPUIPlugin:80 - create IPUIPlugin
2024-11-17 20:32:37,249 [INFO] PluginManager:220 - loadIPPluginJar : add ts
2024-11-17 20:32:37,270 [INFO] IPUIPlugin:80 - create IPUIPlugin
2024-11-17 20:32:37,270 [INFO] PluginManager:220 - loadIPPluginJar : add tsc
2024-11-17 20:32:37,288 [INFO] IPUIPlugin:80 - create IPUIPlugin
2024-11-17 20:32:37,288 [INFO] PluginManager:220 - loadIPPluginJar : add ucpd
2024-11-17 20:32:37,326 [INFO] IPUIPlugin:80 - create IPUIPlugin
2024-11-17 20:32:37,326 [INFO] PluginManager:220 - loadIPPluginJar : add usart
2024-11-17 20:32:37,363 [INFO] IPUIPlugin:80 - create IPUIPlugin
2024-11-17 20:32:37,363 [INFO] PluginManager:220 - loadIPPluginJar : add usbx
2024-11-17 20:32:37,477 [INFO] CADModel:165 - CPN selected for project level
2024-11-17 20:32:37,477 [INFO] CADModel:114 - Register for checkConnection events
2024-11-17 20:32:37,477 [FATAL] Updater:334 - Updater called before beeing initialized
2024-11-17 20:32:37,478 [ERROR] CADModel:125 - Updater not yet initialized, retry later 
2024-11-17 20:32:37,589 [INFO] CADModel:165 - CPN selected for project level
2024-11-17 20:32:37,589 [INFO] CADModel:114 - Register for checkConnection events
2024-11-17 20:32:37,589 [FATAL] Updater:334 - Updater called before beeing initialized
2024-11-17 20:32:37,589 [ERROR] CADModel:125 - Updater not yet initialized, retry later 
2024-11-17 20:32:37,591 [FATAL] Updater:334 - Updater called before beeing initialized
2024-11-17 20:32:37,672 [FATAL] Updater:334 - Updater called before beeing initialized
2024-11-17 20:32:37,680 [INFO] DbMcusAds:53 - JSON generation date=Fri Sep 20 10:04:23 BRT 2024 (1726837463113)
2024-11-17 20:32:37,681 [FATAL] Updater:334 - Updater called before beeing initialized
2024-11-17 20:32:37,707 [WARN] DetailPanel:346 - Failed to get advertising image, set to default
2024-11-17 20:32:37,793 [FATAL] Updater:334 - Updater called before beeing initialized
2024-11-17 20:32:37,795 [FATAL] Updater:334 - Updater called before beeing initialized
2024-11-17 20:32:37,796 [FATAL] Updater:334 - Updater called before beeing initialized
2024-11-17 20:32:37,796 [WARN] DetailPanel:346 - Failed to get advertising image, set to default
2024-11-17 20:32:37,797 [FATAL] Updater:334 - Updater called before beeing initialized
2024-11-17 20:32:37,846 [ERROR] Updater:1164 - MainUpdater not yet initialized. External WinMGr cannot be set.
2024-11-17 20:32:37,854 [INFO] Updater:1100 - Updater Version found : 6.12.0
2024-11-17 20:32:37,868 [INFO] ApplicationProperties:184 - Using Application install path: C:\ST\STM32CubeIDE_1.16.0\STM32CubeIDE\plugins\com.st.stm32cube.common.mx_6.12.0.202406281431
2024-11-17 20:32:38,379 [INFO] ThirdPartyUpdaterWithRetryManager:70 - Updater plugin not ready yet. [2/15]
2024-11-17 20:32:39,457 [ERROR] LogOutputStream:75 - [STDERR_REDIRECT] Nov 17, 2024 8:32:39 PM java.util.prefs.WindowsPreferences <init>
2024-11-17 20:32:39,459 [ERROR] LogOutputStream:75 - [STDERR_REDIRECT] WARNING: Could not open/create prefs root node Software\JavaSoft\Prefs at root 0xffffffff80000002. Windows RegCreateKeyEx(...) returned error code 5.
2024-11-17 20:32:39,459 [ERROR] LogOutputStream:75 - [STDERR_REDIRECT] 
2024-11-17 20:32:39,909 [INFO] MainUpdater:2873 - connection check result : 10
2024-11-17 20:32:39,910 [INFO] MainUpdater:3567 - Updater definition file requires update
2024-11-17 20:32:39,911 [INFO] MainUpdater:290 - Updater Check For Update Now.
2024-11-17 20:32:39,911 [INFO] MicroXplorer:498 - Change Database Version : DB.6.0.120
2024-11-17 20:32:39,939 [INFO] McuFinderGlobals:63 - Set McuFinder mode to 2 (CubeIDE integrated)
2024-11-17 20:32:39,951 [INFO] UserAuth:417 - Internet connection configuration mode: 1
2024-11-17 20:32:40,018 [INFO] ServerAccessManage:473 - Download File updaters.zip
2024-11-17 20:32:40,034 [INFO] JxBrowserEngine:152 - Initiate JxBrowser Engine with user profile folder
2024-11-17 20:32:40,118 [INFO] FileExtend:240 - Unzip File : updaters.zip
2024-11-17 20:32:40,118 [INFO] FileExtend:255 - Standard Zip Deflate
2024-11-17 20:32:40,888 [INFO] ServerAccessManage:473 - Download File PacksControlFlags.xml
2024-11-17 20:32:41,017 [INFO] ServerAccessManage:473 - Download File cubemx.pidx
2024-11-17 20:32:41,096 [INFO] LoadServerUpdatesThread:375 - End of LoadServerUpdate Thread
2024-11-17 20:32:41,274 [INFO] CheckServerUpdateThread:120 - End of CheckServer Thread
2024-11-17 20:32:41,901 [WARN] PackLoader:240 - Cannot read IP mode file for STMicroelectronics.FP-SNS-MOTENVWB1.1.4.0
2024-11-17 20:32:41,913 [WARN] PackLoader:240 - Cannot read IP mode file for STMicroelectronics.FP-ATR-ASTRA1.2.0.1
2024-11-17 20:32:41,929 [WARN] PackLoader:240 - Cannot read IP mode file for STMicroelectronics.X-CUBE-SMBUS.2.1.0
2024-11-17 20:32:41,942 [WARN] PackLoader:240 - Cannot read IP mode file for STMicroelectronics.X-CUBE-WB05N.1.1.0
2024-11-17 20:32:41,952 [WARN] PackLoader:240 - Cannot read IP mode file for STMicroelectronics.X-CUBE-TOUCHGFX.4.23.1
2024-11-17 20:32:41,960 [WARN] PackLoader:240 - Cannot read IP mode file for STMicroelectronics.X-CUBE-TOUCHGFX.4.23.0
2024-11-17 20:32:41,969 [WARN] PackLoader:240 - Cannot read IP mode file for STMicroelectronics.X-CUBE-TOUCHGFX.4.23.2
2024-11-17 20:32:41,999 [WARN] PackLoader:240 - Cannot read IP mode file for STMicroelectronics.X-CUBE-AZRTOS-F7.1.1.0
2024-11-17 20:32:42,052 [WARN] PackLoader:240 - Cannot read IP mode file for STMicroelectronics.FP-SNS-MOTENV1.4.3.2
2024-11-17 20:32:42,113 [WARN] PackLoader:240 - Cannot read IP mode file for STMicroelectronics.X-CUBE-MEMS1.11.0.0
2024-11-17 20:32:42,208 [WARN] PackLoader:240 - Cannot read IP mode file for STMicroelectronics.FP-SNS-FLIGHT1.5.0.2
2024-11-17 20:32:42,222 [WARN] PackLoader:240 - Cannot read IP mode file for STMicroelectronics.X-CUBE-DISPLAY.3.0.0
2024-11-17 20:32:42,240 [WARN] PackLoader:240 - Cannot read IP mode file for STMicroelectronics.X-CUBE-BLE1.7.0.0
2024-11-17 20:32:42,256 [WARN] PackLoader:240 - Cannot read IP mode file for STMicroelectronics.X-CUBE-NFC10.1.0.0
2024-11-17 20:32:42,272 [WARN] PackLoader:240 - Cannot read IP mode file for emotas.I-CUBE-CANOPEN.1.3.0
2024-11-17 20:32:42,293 [WARN] PackLoader:240 - Cannot read IP mode file for STMicroelectronics.X-CUBE-BLEMGR.3.1.0
2024-11-17 20:32:42,308 [WARN] PackLoader:240 - Cannot read IP mode file for STMicroelectronics.FP-SNS-SMARTAG2.1.2.0
2024-11-17 20:32:42,334 [INFO] LogOutputStream:77 - [STDOUT_REDIRECT] 1 : Invalid condition id : UX_CORESTACK_Condition cause : null
2024-11-17 20:32:42,335 [INFO] LogOutputStream:77 - [STDOUT_REDIRECT] 1 : Invalid condition id : UX_CORESTACK_Condition cause : null
2024-11-17 20:32:42,337 [INFO] LogOutputStream:77 - [STDOUT_REDIRECT] 1 : Invalid condition id : UX_CORESTACK_Condition cause : null
2024-11-17 20:32:42,338 [INFO] LogOutputStream:77 - [STDOUT_REDIRECT] 1 : Invalid condition id : UX_CORESTACK_Condition cause : null
2024-11-17 20:32:42,339 [INFO] LogOutputStream:77 - [STDOUT_REDIRECT] 1 : Invalid condition id : UX_CORESTACK_Condition cause : null
2024-11-17 20:32:42,342 [WARN] PackLoader:240 - Cannot read IP mode file for STMicroelectronics.X-CUBE-AZRTOS-WL.2.0.0
2024-11-17 20:32:42,358 [WARN] PackLoader:240 - Cannot read IP mode file for STMicroelectronics.FP-SNS-MOTENV1.5.0.0
2024-11-17 20:32:42,373 [WARN] PackLoader:240 - Cannot read IP mode file for wolfSSL.I-CUBE-wolfMQTT.1.19.0
2024-11-17 20:32:42,389 [WARN] PackLoader:240 - Cannot read IP mode file for WES.I-CUBE-Cesium.1.3.0
2024-11-17 20:32:42,404 [WARN] PackLoader:240 - Cannot read IP mode file for STMicroelectronics.X-CUBE-BLE2.3.3.0
2024-11-17 20:32:42,423 [WARN] PackLoader:240 - Cannot read IP mode file for STMicroelectronics.X-CUBE-NFC9.1.0.0
2024-11-17 20:32:42,437 [WARN] PackLoader:240 - Cannot read IP mode file for STMicroelectronics.X-CUBE-TCPP.4.1.0
2024-11-17 20:32:42,456 [WARN] PackLoader:240 - Cannot read IP mode file for STMicroelectronics.X-CUBE-ALGOBUILD.1.3.0
2024-11-17 20:32:42,484 [WARN] PackLoader:240 - Cannot read IP mode file for STMicroelectronics.X-CUBE-AZRTOS-G0.1.1.0
2024-11-17 20:32:42,502 [WARN] PackLoader:240 - Cannot read IP mode file for STMicroelectronics.X-CUBE-SAFEA1.1.2.2
2024-11-17 20:32:42,521 [WARN] PackLoader:240 - Cannot read IP mode file for STMicroelectronics.X-CUBE-NFC4.3.0.0
2024-11-17 20:32:42,542 [WARN] PackLoader:240 - Cannot read IP mode file for EmbeddedOffice.I-CUBE-FS-RTOS.1.0.1
2024-11-17 20:32:42,543 [ERROR] ConditionMgr:805 - Attr not supported : Dmpu
2024-11-17 20:32:42,543 [ERROR] ConditionMgr:805 - Attr not supported : Dmpu
2024-11-17 20:32:42,543 [ERROR] ConditionMgr:805 - Attr not supported : Dmpu
2024-11-17 20:32:42,543 [ERROR] ConditionMgr:805 - Attr not supported : Dmpu
2024-11-17 20:32:42,543 [ERROR] ConditionMgr:805 - Attr not supported : Dmpu
2024-11-17 20:32:42,543 [ERROR] ConditionMgr:805 - Attr not supported : Dmpu
2024-11-17 20:32:42,543 [ERROR] ConditionMgr:805 - Attr not supported : Dmpu
2024-11-17 20:32:42,543 [ERROR] ConditionMgr:805 - Attr not supported : Dmpu
2024-11-17 20:32:42,543 [ERROR] ConditionMgr:805 - Attr not supported : Dmpu
2024-11-17 20:32:42,544 [ERROR] ConditionMgr:805 - Attr not supported : Dmpu
2024-11-17 20:32:42,544 [ERROR] ConditionMgr:805 - Attr not supported : Dmpu
2024-11-17 20:32:42,544 [ERROR] ConditionMgr:805 - Attr not supported : Dmpu
2024-11-17 20:32:42,544 [ERROR] ConditionMgr:805 - Attr not supported : Dmpu
2024-11-17 20:32:42,544 [ERROR] ConditionMgr:805 - Attr not supported : Dmpu
2024-11-17 20:32:42,544 [ERROR] ConditionMgr:805 - Attr not supported : Dmpu
2024-11-17 20:32:42,544 [ERROR] ConditionMgr:805 - Attr not supported : Dmpu
2024-11-17 20:32:42,544 [ERROR] ConditionMgr:805 - Attr not supported : Dmpu
2024-11-17 20:32:42,544 [ERROR] ConditionMgr:805 - Attr not supported : Dmpu
2024-11-17 20:32:42,544 [ERROR] ConditionMgr:805 - Attr not supported : Dmpu
2024-11-17 20:32:42,545 [ERROR] ConditionMgr:805 - Attr not supported : Dmpu
2024-11-17 20:32:42,545 [ERROR] ConditionMgr:805 - Attr not supported : Dmpu
2024-11-17 20:32:42,545 [ERROR] ConditionMgr:805 - Attr not supported : Dmpu
2024-11-17 20:32:42,545 [ERROR] ConditionMgr:805 - Attr not supported : Dmpu
2024-11-17 20:32:42,545 [ERROR] ConditionMgr:805 - Attr not supported : Dmpu
2024-11-17 20:32:42,545 [ERROR] ConditionMgr:805 - Attr not supported : Dmpu
2024-11-17 20:32:42,545 [ERROR] ConditionMgr:805 - Attr not supported : Dmpu
2024-11-17 20:32:42,545 [ERROR] ConditionMgr:805 - Attr not supported : Dmpu
2024-11-17 20:32:42,545 [ERROR] ConditionMgr:805 - Attr not supported : Dmpu
2024-11-17 20:32:42,545 [ERROR] ConditionMgr:805 - Attr not supported : Dmpu
2024-11-17 20:32:42,546 [ERROR] ConditionMgr:805 - Attr not supported : Dmpu
2024-11-17 20:32:42,546 [ERROR] ConditionMgr:805 - Attr not supported : Dmpu
2024-11-17 20:32:42,546 [ERROR] ConditionMgr:805 - Attr not supported : Dmpu
2024-11-17 20:32:42,546 [ERROR] ConditionMgr:805 - Attr not supported : Dmpu
2024-11-17 20:32:42,546 [ERROR] ConditionMgr:805 - Attr not supported : Dmpu
2024-11-17 20:32:42,546 [ERROR] ConditionMgr:805 - Attr not supported : Dmpu
2024-11-17 20:32:42,546 [ERROR] ConditionMgr:805 - Attr not supported : Dmpu
2024-11-17 20:32:42,546 [ERROR] ConditionMgr:805 - Attr not supported : Dmpu
2024-11-17 20:32:42,546 [ERROR] ConditionMgr:805 - Attr not supported : Dmpu
2024-11-17 20:32:42,546 [ERROR] ConditionMgr:805 - Attr not supported : Dmpu
2024-11-17 20:32:42,546 [ERROR] ConditionMgr:805 - Attr not supported : Dmpu
2024-11-17 20:32:42,547 [ERROR] ConditionMgr:805 - Attr not supported : Dmpu
2024-11-17 20:32:42,547 [ERROR] ConditionMgr:805 - Attr not supported : Dmpu
2024-11-17 20:32:42,547 [ERROR] ConditionMgr:805 - Attr not supported : Dmpu
2024-11-17 20:32:42,547 [ERROR] ConditionMgr:805 - Attr not supported : Dmpu
2024-11-17 20:32:42,547 [ERROR] ConditionMgr:805 - Attr not supported : Dmpu
2024-11-17 20:32:42,547 [ERROR] ConditionMgr:805 - Attr not supported : Dmpu
2024-11-17 20:32:42,547 [ERROR] ConditionMgr:805 - Attr not supported : Dmpu
2024-11-17 20:32:42,547 [ERROR] ConditionMgr:805 - Attr not supported : Dmpu
2024-11-17 20:32:42,547 [ERROR] ConditionMgr:805 - Attr not supported : Dmpu
2024-11-17 20:32:42,547 [ERROR] ConditionMgr:805 - Attr not supported : Dmpu
2024-11-17 20:32:42,547 [ERROR] ConditionMgr:805 - Attr not supported : Dmpu
2024-11-17 20:32:42,547 [ERROR] ConditionMgr:805 - Attr not supported : Dmpu
2024-11-17 20:32:42,547 [ERROR] ConditionMgr:805 - Attr not supported : Dmpu
2024-11-17 20:32:42,547 [ERROR] ConditionMgr:805 - Attr not supported : Dmpu
2024-11-17 20:32:42,547 [ERROR] ConditionMgr:805 - Attr not supported : Dmpu
2024-11-17 20:32:42,547 [ERROR] ConditionMgr:805 - Attr not supported : Dmpu
2024-11-17 20:32:42,547 [ERROR] ConditionMgr:805 - Attr not supported : Dmpu
2024-11-17 20:32:42,547 [ERROR] ConditionMgr:805 - Attr not supported : Dmpu
2024-11-17 20:32:42,547 [ERROR] ConditionMgr:805 - Attr not supported : Dmpu
2024-11-17 20:32:42,548 [ERROR] ConditionMgr:805 - Attr not supported : Dmpu
2024-11-17 20:32:42,548 [ERROR] ConditionMgr:805 - Attr not supported : Dmpu
2024-11-17 20:32:42,548 [ERROR] ConditionMgr:805 - Attr not supported : Dmpu
2024-11-17 20:32:42,548 [ERROR] ConditionMgr:805 - Attr not supported : Dmpu
2024-11-17 20:32:42,548 [ERROR] ConditionMgr:805 - Attr not supported : Dmpu
2024-11-17 20:32:42,562 [WARN] PackLoader:240 - Cannot read IP mode file for RealThread.X-CUBE-RT-Thread_Nano.4.1.1
2024-11-17 20:32:42,578 [WARN] PackLoader:240 - Cannot read IP mode file for STMicroelectronics.FP-ATR-SIGFOX1.3.2.0
2024-11-17 20:32:42,596 [WARN] ConditionMgr:438 - getConditionDescription Invalid condition id : Cortex-A Device cause : null
2024-11-17 20:32:42,618 [WARN] ConditionMgr:1039 - genDependencies : Invalid condition id : Cortex-A Device cause : null
2024-11-17 20:32:42,618 [WARN] ConditionMgr:1039 - genDependencies : Invalid condition id : Cortex-A Device cause : null
2024-11-17 20:32:42,618 [WARN] ConditionMgr:1039 - genDependencies : Invalid condition id : Cortex-A Device cause : null
2024-11-17 20:32:42,633 [WARN] PackLoader:240 - Cannot read IP mode file for STMicroelectronics.X-CUBE-EEPRMA1.5.1.0
2024-11-17 20:32:42,662 [WARN] PackLoader:240 - Cannot read IP mode file for SEGGER.I-CUBE-embOS.1.3.1
2024-11-17 20:32:42,695 [WARN] PackLoader:240 - Cannot read IP mode file for STMicroelectronics.X-CUBE-ALGOBUILD.1.4.0
2024-11-17 20:32:42,709 [WARN] PackLoader:240 - Cannot read IP mode file for STMicroelectronics.X-CUBE-AI.9.1.0
2024-11-17 20:32:42,723 [WARN] PackLoader:240 - Cannot read IP mode file for STMicroelectronics.X-CUBE-GNSS1.6.0.0
2024-11-17 20:32:42,745 [WARN] PackLoader:240 - Cannot read IP mode file for STMicroelectronics.X-CUBE-AZRTOS-F4.1.1.0
2024-11-17 20:32:42,758 [WARN] PackLoader:240 - Cannot read IP mode file for STMicroelectronics.X-CUBE-ISPU.2.1.0
2024-11-17 20:32:42,771 [WARN] PackLoader:240 - Cannot read IP mode file for STMicroelectronics.X-CUBE-FREERTOS.1.2.0
2024-11-17 20:32:42,782 [WARN] PackLoader:240 - Cannot read IP mode file for wolfSSL.I-CUBE-wolfSSL.5.6.6
2024-11-17 20:32:42,803 [WARN] PackLoader:240 - Cannot read IP mode file for STMicroelectronics.X-CUBE-AZRTOS-L5.2.0.0
2024-11-17 20:32:42,819 [WARN] PackLoader:240 - Cannot read IP mode file for STMicroelectronics.X-CUBE-NFC6.3.1.0
2024-11-17 20:32:42,836 [WARN] PackLoader:240 - Cannot read IP mode file for ITTIA_DB.I-CUBE-ITTIADB.8.8.0
2024-11-17 20:32:42,850 [WARN] PackLoader:240 - Cannot read IP mode file for STMicroelectronics.X-CUBE-DPower.1.2.0
2024-11-17 20:32:42,864 [WARN] PackLoader:240 - Cannot read IP mode file for STMicroelectronics.X-CUBE-AI.9.0.0
2024-11-17 20:32:42,878 [WARN] PackLoader:240 - Cannot read IP mode file for STMicroelectronics.X-CUBE-NFC7.1.0.1
2024-11-17 20:32:42,890 [WARN] PackLoader:240 - Cannot read IP mode file for STMicroelectronics.X-CUBE-NFC6.3.0.0
2024-11-17 20:32:42,905 [WARN] PackLoader:240 - Cannot read IP mode file for STMicroelectronics.X-CUBE-AI.8.1.0
2024-11-17 20:32:42,934 [WARN] ConditionMgr:438 - getConditionDescription Invalid condition id : LAN8742 Phy interface Condition cause : null
2024-11-17 20:32:42,934 [WARN] PackLoader:240 - Cannot read IP mode file for STMicroelectronics.X-CUBE-AZRTOS-L4.2.0.0
2024-11-17 20:32:42,935 [WARN] ConditionMgr:1039 - genDependencies : Invalid condition id : LAN8742 Phy interface Condition cause : null
2024-11-17 20:32:42,935 [WARN] ConditionMgr:1039 - genDependencies : Invalid condition id : LAN8742 Phy interface Condition cause : null
2024-11-17 20:32:42,935 [WARN] ConditionMgr:1039 - genDependencies : Invalid condition id : LAN8742 Phy interface Condition cause : null
2024-11-17 20:32:42,951 [WARN] PackLoader:240 - Cannot read IP mode file for STMicroelectronics.X-CUBE-SFXS2LP1.4.0.0
2024-11-17 20:32:42,981 [WARN] PackLoader:240 - Cannot read IP mode file for STMicroelectronics.X-CUBE-AZRTOS-H7.3.3.0
2024-11-17 20:32:43,012 [WARN] PackLoader:240 - Cannot read IP mode file for STMicroelectronics.X-CUBE-IPS.3.0.0
2024-11-17 20:32:43,043 [WARN] ConditionMgr:438 - getConditionDescription Invalid condition id : UX DEVICE CLASS RTOS Condition cause : null
2024-11-17 20:32:43,043 [WARN] ConditionMgr:438 - getConditionDescription Invalid condition id : UX DEVICE CLASS RTOS Condition cause : null
2024-11-17 20:32:43,045 [WARN] PackLoader:240 - Cannot read IP mode file for STMicroelectronics.X-CUBE-AZRTOS-WB.2.0.0
2024-11-17 20:32:43,046 [WARN] ConditionMgr:1039 - genDependencies : Invalid condition id : UX DEVICE CLASS RTOS Condition cause : null
2024-11-17 20:32:43,046 [WARN] ConditionMgr:1039 - genDependencies : Invalid condition id : UX DEVICE CLASS RTOS Condition cause : null
2024-11-17 20:32:43,046 [WARN] ConditionMgr:1039 - genDependencies : Invalid condition id : UX DEVICE CLASS RTOS Condition cause : null
2024-11-17 20:32:43,047 [WARN] ConditionMgr:1039 - genDependencies : Invalid condition id : UX DEVICE CLASS RTOS Condition cause : null
2024-11-17 20:32:43,047 [WARN] ConditionMgr:1039 - genDependencies : Invalid condition id : UX DEVICE CLASS RTOS Condition cause : null
2024-11-17 20:32:43,066 [WARN] PackLoader:240 - Cannot read IP mode file for STMicroelectronics.X-CUBE-GNSS1.7.0.0
2024-11-17 20:32:43,081 [WARN] PackLoader:240 - Cannot read IP mode file for STMicroelectronics.FP-SNS-STBOX1.2.0.0
2024-11-17 20:32:43,097 [WARN] PackLoader:240 - Cannot read IP mode file for STMicroelectronics.X-CUBE-SUBG2.5.0.0
2024-11-17 20:32:43,121 [WARN] PackLoader:240 - Cannot read IP mode file for STMicroelectronics.X-CUBE-AZRTOS-G4.2.0.0
2024-11-17 20:32:43,145 [WARN] PackLoader:240 - Cannot read IP mode file for Infineon.AIROC-Wi-Fi-Bluetooth-STM32.1.5.1
2024-11-17 20:32:43,161 [WARN] PackLoader:240 - Cannot read IP mode file for STMicroelectronics.FP-SNS-MOTENVWB1.1.3.1
2024-11-17 20:32:43,174 [WARN] PackLoader:240 - Cannot read IP mode file for STMicroelectronics.X-CUBE-ISPU.2.0.0
2024-11-17 20:32:43,188 [WARN] PackLoader:240 - Cannot read IP mode file for STMicroelectronics.X-CUBE-ALS.1.0.2
2024-11-17 20:32:43,230 [WARN] PackLoader:240 - Cannot read IP mode file for STMicroelectronics.X-CUBE-MEMS1.10.0.0
2024-11-17 20:32:43,293 [WARN] PackLoader:240 - Cannot read IP mode file for STMicroelectronics.X-CUBE-FREERTOS.1.1.0
2024-11-17 20:32:43,303 [WARN] PackLoader:240 - Cannot read IP mode file for STMicroelectronics.X-CUBE-TOUCHGFX.4.24.0
2024-11-17 20:32:43,313 [WARN] PackLoader:240 - Cannot read IP mode file for STMicroelectronics.X-CUBE-TOUCHGFX.4.24.1
2024-11-17 20:32:43,326 [WARN] PackLoader:240 - Cannot read IP mode file for wolfSSL.I-CUBE-wolfTPM.3.4.0
2024-11-17 20:32:43,337 [WARN] PackLoader:240 - Cannot read IP mode file for portGmbH.I-Cube-SoM-uGOAL.1.1.0
2024-11-17 20:32:43,346 [WARN] PackLoader:240 - Cannot read IP mode file for STMicroelectronics.X-CUBE-ALS.1.0.1
2024-11-17 20:32:43,372 [WARN] PackLoader:240 - Cannot read IP mode file for STMicroelectronics.X-CUBE-AZRTOS-H7RS.1.0.0
2024-11-17 20:32:43,386 [WARN] PackLoader:240 - Cannot read IP mode file for STMicroelectronics.FP-ATR-ASTRA1.2.0.0
2024-11-17 20:32:43,411 [WARN] PackLoader:240 - Cannot read IP mode file for STMicroelectronics.X-CUBE-TOF1.3.4.2
2024-11-17 20:32:43,484 [WARN] PackLoader:240 - Cannot read IP mode file for STMicroelectronics.X-CUBE-TOF1.3.4.1
2024-11-17 20:32:43,508 [WARN] PackLoader:240 - Cannot read IP mode file for STMicroelectronics.X-CUBE-AZRTOS-H7.3.2.0
2024-11-17 20:32:43,521 [WARN] PackLoader:240 - Cannot read IP mode file for wolfSSL.I-CUBE-wolfSSH.1.4.17
2024-11-17 20:32:43,522 [INFO] ThirdParty:978 - Integrity check success = true
2024-11-17 20:32:43,522 [INFO] IntegrityCheckThread:100 - exiting critical section [integrity check]
2024-11-17 20:32:43,522 [INFO] IntegrityCheckThread:103 - End integrity checks thread
2024-11-17 20:32:46,080 [INFO] WebApp:167 - Instantiating new browser for Auth
2024-11-17 20:32:46,853 [INFO] WebApp:448 - Apply proxy settings
2024-11-17 20:32:46,853 [INFO] WebApp:533 - Chromium requires no authentication
2024-11-17 20:32:46,865 [INFO] WebApp:476 - Direct internet connection detected
2024-11-17 20:32:46,892 [INFO] WebApp:869 - Register for checkConnection events
2024-11-17 20:32:46,892 [INFO] WebApp:448 - Apply proxy settings
2024-11-17 20:32:46,893 [INFO] WebApp:533 - Chromium requires no authentication
2024-11-17 20:32:46,895 [INFO] WebApp:476 - Direct internet connection detected
2024-11-17 20:32:47,046 [INFO] WebApp:220 - Starting web application
2024-11-17 20:32:47,046 [INFO] WebApp:578 - Web application path used C:\ST\STM32CubeIDE_1.16.0\STM32CubeIDE\plugins\com.st.stm32cube.common.mx_6.12.0.202406281431\db\plugins\mcufinder\reactClient1\index.html
2024-11-17 20:32:47,277 [INFO] WebApp:186 - Connection restablished
2024-11-17 20:32:47,283 [INFO] UserAuth:417 - Internet connection configuration mode: 1
