2024-08-28 10:42:22,789 [INFO] Activator:176 - 


2024-08-28 10:42:22,798 [INFO] Activator:177 - !SESSION log4j initialized
2024-08-28 10:42:34,727 [INFO] LogOutputStream:77 - [STDOUT_REDIRECT] 
2024-08-28 10:42:36,941 [INFO] ApplicationProperties:184 - Using Application install path: C:\ST\STM32CubeIDE_1.16.0\STM32CubeIDE\plugins\com.st.stm32cube.common.mx_6.12.0.202406281431
2024-08-28 10:42:36,983 [INFO] DbMcusXml:78 - Set database path to: C:\ST\STM32CubeIDE_1.16.0\STM32CubeIDE\plugins\com.st.stm32cube.common.mx_6.12.0.202406281431\\db\/mcu/
2024-08-28 10:42:36,984 [INFO] ApiDb:274 - Set plugin database path to: C:\ST\STM32CubeIDE_1.16.0\STM32CubeIDE\plugins\com.st.stm32cube.common.mx_6.12.0.202406281431\\db\/plugins/boardmanager/
2024-08-28 10:42:36,985 [WARN] ApiDb:259 - Overriding images path with different value:  => C:\ST\STM32CubeIDE_1.16.0\STM32CubeIDE\plugins\com.st.stm32cube.common.mx_6.12.0.202406281431\\db\/plugins/mcufinder/images/
2024-08-28 10:42:37,001 [INFO] ApiDb:250 - Set database path to: C:\Users\jvmen\.stmcufinder\plugins\mcufinder//mcu/
2024-08-28 10:42:37,003 [INFO] DbMcusAds:125 - Set database path to: C:\Users\jvmen\.stmcufinder\plugins\mcufinder//mcu/
2024-08-28 10:42:37,009 [INFO] CrossReferenceDbSqlite:203 - Set database path to: C:\Users\jvmen\.stmcufinder\plugins\mcufinder//mcu/cs/
2024-08-28 10:42:37,286 [INFO] RulesReader:64 - Compatibility file has been processed (297 Rules)
2024-08-28 10:42:37,441 [INFO] DbMcusXml:78 - Set database path to: C:\ST\STM32CubeIDE_1.16.0\STM32CubeIDE\plugins\com.st.stm32cube.common.mx_6.12.0.202406281431\\db\/mcu/
2024-08-28 10:42:37,441 [INFO] ApiDb:274 - Set plugin database path to: C:\ST\STM32CubeIDE_1.16.0\STM32CubeIDE\plugins\com.st.stm32cube.common.mx_6.12.0.202406281431\\db\/plugins/boardmanager/
2024-08-28 10:42:37,442 [INFO] ApiDb:261 - Set plugin images path to: C:\ST\STM32CubeIDE_1.16.0\STM32CubeIDE\plugins\com.st.stm32cube.common.mx_6.12.0.202406281431\\db\/plugins/mcufinder/images/
2024-08-28 10:42:37,443 [WARN] DbFile:41 - Overriding database path with different value: C:\Users\jvmen\.stmcufinder\plugins\mcufinder/ => C:\Users\jvmen\.stmcufinder\plugins\mcufinder
2024-08-28 10:42:37,443 [INFO] ApiDb:250 - Set database path to: C:\Users\jvmen\.stmcufinder\plugins\mcufinder//mcu/
2024-08-28 10:42:37,443 [WARN] DbFile:41 - Overriding database path with different value: C:\Users\jvmen\.stmcufinder\plugins\mcufinder/ => C:\Users\jvmen\.stmcufinder\plugins\mcufinder
2024-08-28 10:42:37,443 [INFO] DbMcusAds:125 - Set database path to: C:\Users\jvmen\.stmcufinder\plugins\mcufinder//mcu/
2024-08-28 10:42:37,443 [WARN] DbFile:41 - Overriding database path with different value: C:\Users\jvmen\.stmcufinder\plugins\mcufinder/ => C:\Users\jvmen\.stmcufinder\plugins\mcufinder
2024-08-28 10:42:37,443 [WARN] DbFile:41 - Overriding database path with different value: C:\Users\jvmen\.stmcufinder\plugins\mcufinder/ => C:\Users\jvmen\.stmcufinder\plugins\mcufinder
2024-08-28 10:42:37,444 [INFO] CrossReferenceDbSqlite:203 - Set database path to: C:\Users\jvmen\.stmcufinder\plugins\mcufinder//mcu/cs/
2024-08-28 10:42:37,630 [INFO] MainPanel:268 - HeapMemory: 268435456
2024-08-28 10:42:37,930 [INFO] DbMcusXml:78 - Set database path to: C:\ST\STM32CubeIDE_1.16.0\STM32CubeIDE\plugins\com.st.stm32cube.common.mx_6.12.0.202406281431\\db\/mcu/
2024-08-28 10:42:37,930 [INFO] ApiDb:274 - Set plugin database path to: C:\ST\STM32CubeIDE_1.16.0\STM32CubeIDE\plugins\com.st.stm32cube.common.mx_6.12.0.202406281431\\db\/plugins/boardmanager/
2024-08-28 10:42:37,931 [INFO] ApiDb:261 - Set plugin images path to: C:\ST\STM32CubeIDE_1.16.0\STM32CubeIDE\plugins\com.st.stm32cube.common.mx_6.12.0.202406281431\\db\/plugins/mcufinder/images/
2024-08-28 10:42:37,931 [WARN] DbFile:41 - Overriding database path with different value: C:\Users\jvmen\.stmcufinder\plugins\mcufinder/ => C:\Users\jvmen\.stmcufinder\plugins\mcufinder
2024-08-28 10:42:37,932 [INFO] ApiDb:250 - Set database path to: C:\Users\jvmen\.stmcufinder\plugins\mcufinder//mcu/
2024-08-28 10:42:37,932 [WARN] DbFile:41 - Overriding database path with different value: C:\Users\jvmen\.stmcufinder\plugins\mcufinder/ => C:\Users\jvmen\.stmcufinder\plugins\mcufinder
2024-08-28 10:42:37,932 [INFO] DbMcusAds:125 - Set database path to: C:\Users\jvmen\.stmcufinder\plugins\mcufinder//mcu/
2024-08-28 10:42:37,933 [WARN] DbFile:41 - Overriding database path with different value: C:\Users\jvmen\.stmcufinder\plugins\mcufinder/ => C:\Users\jvmen\.stmcufinder\plugins\mcufinder
2024-08-28 10:42:37,933 [WARN] DbFile:41 - Overriding database path with different value: C:\Users\jvmen\.stmcufinder\plugins\mcufinder/ => C:\Users\jvmen\.stmcufinder\plugins\mcufinder
2024-08-28 10:42:37,933 [INFO] CrossReferenceDbSqlite:203 - Set database path to: C:\Users\jvmen\.stmcufinder\plugins\mcufinder//mcu/cs/
2024-08-28 10:42:37,973 [INFO] ApplicationProperties:184 - Using Application install path: C:\ST\STM32CubeIDE_1.16.0\STM32CubeIDE\plugins\com.st.stm32cube.common.mx_6.12.0.202406281431
2024-08-28 10:42:37,977 [INFO] PluginManage:196 - Search for loadable plugins [exclusion list=, ]
2024-08-28 10:42:37,981 [INFO] PluginManage:310 - Check plugin analytics
2024-08-28 10:42:38,341 [INFO] AnalyticsPlugin:253 - Accepted Software Licenses: 
2024-08-28 10:42:38,341 [INFO] AnalyticsPlugin:255 - Accepted CMSIS Pack Licenses: 
2024-08-28 10:42:38,342 [INFO] AnalyticsPlugin:257 - Accepted Firmware Licenses: FW.G4.1.5.0,FW.G4.1.6.0
2024-08-28 10:42:38,347 [INFO] PluginManage:359 - Loaded plugin analytics (category:tool,tabindex:-1)
2024-08-28 10:42:38,348 [INFO] PluginManage:310 - Check plugin cadmodel
2024-08-28 10:42:38,377 [INFO] CADModel:105 - Init CAD model plugin
2024-08-28 10:42:38,378 [INFO] PluginManage:359 - Loaded plugin cadmodel (category:power,tabindex:5)
2024-08-28 10:42:38,378 [INFO] PluginManage:310 - Check plugin clock
2024-08-28 10:42:38,406 [INFO] PluginManage:359 - Loaded plugin clock (category:base,tabindex:2)
2024-08-28 10:42:38,406 [INFO] PluginManage:310 - Check plugin ddr
2024-08-28 10:42:38,410 [INFO] PluginManage:359 - Loaded plugin ddr (category:tool,tabindex:6)
2024-08-28 10:42:38,410 [INFO] PluginManage:310 - Check plugin filemanager
2024-08-28 10:42:38,660 [INFO] PluginManage:359 - Loaded plugin filemanager (category:base,tabindex:10)
2024-08-28 10:42:38,660 [INFO] PluginManage:310 - Check plugin ipmanager
2024-08-28 10:42:38,674 [INFO] PluginManage:359 - Loaded plugin ipmanager (category:base,tabindex:5)
2024-08-28 10:42:38,674 [INFO] PluginManage:310 - Check plugin lpbam
2024-08-28 10:42:38,703 [INFO] PluginManage:359 - Loaded plugin lpbam (category:base,tabindex:0)
2024-08-28 10:42:38,704 [INFO] PluginManage:310 - Check plugin memorymap
2024-08-28 10:42:38,736 [INFO] PluginManage:359 - Loaded plugin memorymap (category:base,tabindex:4)
2024-08-28 10:42:38,737 [INFO] PluginManage:310 - Check plugin pinoutandconfiguration
2024-08-28 10:42:38,763 [INFO] PluginManage:359 - Loaded plugin pinoutandconfiguration (category:base,tabindex:1)
2024-08-28 10:42:38,763 [INFO] PluginManage:310 - Check plugin pinoutconfig
2024-08-28 10:42:38,929 [WARN] SupportedApi:132 - Cannot load RTOS API schema: s4s-elt-must-match.1: The content of 'definitions' must match (annotation?, (simpleType | complexType)?, (unique | key | keyref)*)). A problem was found starting at: attribute.
2024-08-28 10:42:39,187 [INFO] PluginManage:359 - Loaded plugin pinoutconfig (category:base,tabindex:0)
2024-08-28 10:42:39,187 [INFO] PluginManage:310 - Check plugin power
2024-08-28 10:42:39,228 [INFO] PluginManage:359 - Loaded plugin power (category:power,tabindex:4)
2024-08-28 10:42:39,229 [INFO] PluginManage:310 - Check plugin projectmanager
2024-08-28 10:42:39,262 [INFO] PluginManage:359 - Loaded plugin projectmanager (category:projectmanager,tabindex:4)
2024-08-28 10:42:39,262 [INFO] PluginManage:310 - Check plugin rif
2024-08-28 10:42:39,283 [INFO] PluginManage:359 - Loaded plugin rif (category:base,tabindex:3)
2024-08-28 10:42:39,283 [INFO] PluginManage:310 - Check plugin thirdparty
2024-08-28 10:42:39,681 [INFO] PluginManage:359 - Loaded plugin thirdparty (category:base,tabindex:-1)
2024-08-28 10:42:39,681 [WARN] IntegrityCheckThread:84 - waiting for thirdparty lock release [integrity check]
2024-08-28 10:42:39,681 [INFO] PluginManage:310 - Check plugin tools
2024-08-28 10:42:39,682 [INFO] IntegrityCheckThread:86 - entering critical section [integrity check]
2024-08-28 10:42:39,682 [INFO] ThirdPartyUpdaterWithRetryManager:70 - Updater plugin not ready yet. [1/15]
2024-08-28 10:42:39,746 [INFO] PluginManage:359 - Loaded plugin tools (category:base,tabindex:7)
2024-08-28 10:42:39,748 [INFO] PluginManage:310 - Check plugin tutovideos
2024-08-28 10:42:40,123 [INFO] PluginManage:359 - Loaded plugin tutovideos (category:base,tabindex:-1)
2024-08-28 10:42:40,123 [INFO] PluginManage:310 - Check plugin updater
2024-08-28 10:42:40,161 [INFO] PluginManage:359 - Loaded plugin updater (category:base,tabindex:12)
2024-08-28 10:42:40,162 [INFO] PluginManage:310 - Check plugin userauth
2024-08-28 10:42:40,176 [INFO] UserAuth:113 - Init User Auth plugin
2024-08-28 10:42:40,176 [INFO] PluginManage:359 - Loaded plugin userauth (category:base,tabindex:14)
2024-08-28 10:42:40,177 [INFO] PluginManage:283 - PluginManage : Loaded plugins [18]
2024-08-28 10:42:40,793 [INFO] PinOutPanel:1561 - setPackage(No Configuration,No Configuration)
2024-08-28 10:42:40,985 [INFO] CADModel:165 - CPN selected for project level
2024-08-28 10:42:40,985 [INFO] CADModel:114 - Register for checkConnection events
2024-08-28 10:42:41,056 [INFO] IPUIPlugin:80 - create IPUIPlugin
2024-08-28 10:42:41,057 [INFO] PluginManager:220 - loadIPPluginJar : add adc
2024-08-28 10:42:41,178 [INFO] IPUIPlugin:80 - create IPUIPlugin
2024-08-28 10:42:41,179 [INFO] PluginManager:220 - loadIPPluginJar : add aes
2024-08-28 10:42:41,314 [INFO] IPUIPlugin:80 - create IPUIPlugin
2024-08-28 10:42:41,316 [INFO] PluginManager:220 - loadIPPluginJar : add can
2024-08-28 10:42:41,381 [INFO] IPUIPlugin:80 - create IPUIPlugin
2024-08-28 10:42:41,381 [INFO] PluginManager:220 - loadIPPluginJar : add comp
2024-08-28 10:42:41,499 [INFO] IPUIPlugin:80 - create IPUIPlugin
2024-08-28 10:42:41,500 [INFO] PluginManager:220 - loadIPPluginJar : add cryp
2024-08-28 10:42:41,527 [INFO] IPUIPlugin:80 - create IPUIPlugin
2024-08-28 10:42:41,527 [INFO] PluginManager:220 - loadIPPluginJar : add ddr_ctrl_phy
2024-08-28 10:42:41,599 [INFO] IPUIPlugin:80 - create IPUIPlugin
2024-08-28 10:42:41,599 [INFO] PluginManager:220 - loadIPPluginJar : add dfsdm
2024-08-28 10:42:41,612 [INFO] IPUIPlugin:80 - create IPUIPlugin
2024-08-28 10:42:41,613 [INFO] PluginManager:220 - loadIPPluginJar : add dma
2024-08-28 10:42:41,663 [INFO] IPUIPlugin:80 - create IPUIPlugin
2024-08-28 10:42:41,663 [INFO] PluginManager:220 - loadIPPluginJar : add dma3
2024-08-28 10:42:41,704 [INFO] IPUIPlugin:80 - create IPUIPlugin
2024-08-28 10:42:41,704 [INFO] PluginManager:220 - loadIPPluginJar : add extmemmanager
2024-08-28 10:42:41,725 [INFO] IPUIPlugin:80 - create IPUIPlugin
2024-08-28 10:42:41,727 [INFO] PluginManager:220 - loadIPPluginJar : add fatfs
2024-08-28 10:42:41,775 [INFO] IPUIPlugin:80 - create IPUIPlugin
2024-08-28 10:42:41,775 [INFO] PluginManager:220 - loadIPPluginJar : add fmc
2024-08-28 10:42:41,793 [INFO] IPUIPlugin:80 - create IPUIPlugin
2024-08-28 10:42:41,794 [INFO] PluginManager:220 - loadIPPluginJar : add freertos
2024-08-28 10:42:41,819 [INFO] IPUIPlugin:80 - create IPUIPlugin
2024-08-28 10:42:41,819 [INFO] PluginManager:220 - loadIPPluginJar : add genericplugin
2024-08-28 10:42:41,965 [INFO] IPUIPlugin:80 - create IPUIPlugin
2024-08-28 10:42:41,967 [INFO] PluginManager:220 - loadIPPluginJar : add gfxmmu
2024-08-28 10:42:42,115 [INFO] IPUIPlugin:80 - create IPUIPlugin
2024-08-28 10:42:42,115 [INFO] PluginManager:220 - loadIPPluginJar : add gic
2024-08-28 10:42:42,128 [INFO] IPUIPlugin:80 - create IPUIPlugin
2024-08-28 10:42:42,128 [INFO] PluginManager:220 - loadIPPluginJar : add gpio
2024-08-28 10:42:42,233 [INFO] IPUIPlugin:80 - create IPUIPlugin
2024-08-28 10:42:42,233 [INFO] PluginManager:220 - loadIPPluginJar : add gtzc
2024-08-28 10:42:42,268 [INFO] IPUIPlugin:80 - create IPUIPlugin
2024-08-28 10:42:42,268 [INFO] PluginManager:220 - loadIPPluginJar : add hash
2024-08-28 10:42:42,333 [INFO] IPUIPlugin:80 - create IPUIPlugin
2024-08-28 10:42:42,334 [INFO] PluginManager:220 - loadIPPluginJar : add i2c
2024-08-28 10:42:42,374 [INFO] IPUIPlugin:80 - create IPUIPlugin
2024-08-28 10:42:42,374 [INFO] PluginManager:220 - loadIPPluginJar : add i2s
2024-08-28 10:42:42,413 [INFO] IPUIPlugin:80 - create IPUIPlugin
2024-08-28 10:42:42,414 [INFO] PluginManager:220 - loadIPPluginJar : add i3c
2024-08-28 10:42:42,534 [INFO] IPUIPlugin:80 - create IPUIPlugin
2024-08-28 10:42:42,534 [INFO] PluginManager:220 - loadIPPluginJar : add ipddr
2024-08-28 10:42:42,640 [INFO] IPUIPlugin:80 - create IPUIPlugin
2024-08-28 10:42:42,641 [INFO] PluginManager:220 - loadIPPluginJar : add linkedlist
2024-08-28 10:42:42,687 [INFO] IPUIPlugin:80 - create IPUIPlugin
2024-08-28 10:42:42,687 [INFO] PluginManager:220 - loadIPPluginJar : add lorawan
2024-08-28 10:42:42,689 [INFO] ThirdPartyUpdaterWithRetryManager:70 - Updater plugin not ready yet. [2/15]
2024-08-28 10:42:42,742 [INFO] IPUIPlugin:80 - create IPUIPlugin
2024-08-28 10:42:42,742 [INFO] PluginManager:220 - loadIPPluginJar : add ltdc
2024-08-28 10:42:42,763 [INFO] IPUIPlugin:80 - create IPUIPlugin
2024-08-28 10:42:42,763 [INFO] PluginManager:220 - loadIPPluginJar : add mdma
2024-08-28 10:42:42,777 [INFO] IPUIPlugin:80 - create IPUIPlugin
2024-08-28 10:42:42,777 [INFO] PluginManager:220 - loadIPPluginJar : add nvic
2024-08-28 10:42:42,816 [INFO] IPUIPlugin:80 - create IPUIPlugin
2024-08-28 10:42:42,816 [INFO] PluginManager:220 - loadIPPluginJar : add opamp
2024-08-28 10:42:42,874 [INFO] IPUIPlugin:80 - create IPUIPlugin
2024-08-28 10:42:42,874 [INFO] PluginManager:220 - loadIPPluginJar : add openamp
2024-08-28 10:42:42,914 [INFO] IPUIPlugin:80 - create IPUIPlugin
2024-08-28 10:42:42,915 [INFO] PluginManager:220 - loadIPPluginJar : add pdm2pcm
2024-08-28 10:42:42,930 [INFO] IPUIPlugin:80 - create IPUIPlugin
2024-08-28 10:42:42,932 [INFO] PluginManager:220 - loadIPPluginJar : add plateformsettings
2024-08-28 10:42:42,957 [INFO] IPUIPlugin:80 - create IPUIPlugin
2024-08-28 10:42:42,957 [INFO] PluginManager:220 - loadIPPluginJar : add quadspi
2024-08-28 10:42:42,981 [INFO] IPUIPlugin:80 - create IPUIPlugin
2024-08-28 10:42:42,982 [INFO] PluginManager:220 - loadIPPluginJar : add radio
2024-08-28 10:42:42,993 [INFO] IPUIPlugin:80 - create IPUIPlugin
2024-08-28 10:42:42,993 [INFO] PluginManager:220 - loadIPPluginJar : add resmgrutility
2024-08-28 10:42:43,030 [INFO] IPUIPlugin:80 - create IPUIPlugin
2024-08-28 10:42:43,030 [INFO] PluginManager:220 - loadIPPluginJar : add sai
2024-08-28 10:42:43,063 [INFO] IPUIPlugin:80 - create IPUIPlugin
2024-08-28 10:42:43,063 [INFO] PluginManager:220 - loadIPPluginJar : add spi
2024-08-28 10:42:43,124 [INFO] IPUIPlugin:80 - create IPUIPlugin
2024-08-28 10:42:43,124 [INFO] PluginManager:220 - loadIPPluginJar : add stm32_wpan
2024-08-28 10:42:43,143 [INFO] IPUIPlugin:80 - create IPUIPlugin
2024-08-28 10:42:43,143 [INFO] PluginManager:220 - loadIPPluginJar : add tim
2024-08-28 10:42:43,197 [INFO] IPUIPlugin:80 - create IPUIPlugin
2024-08-28 10:42:43,198 [INFO] PluginManager:220 - loadIPPluginJar : add touchsensing
2024-08-28 10:42:43,224 [INFO] IPUIPlugin:80 - create IPUIPlugin
2024-08-28 10:42:43,224 [INFO] PluginManager:220 - loadIPPluginJar : add tracer_emb
2024-08-28 10:42:43,245 [INFO] IPUIPlugin:80 - create IPUIPlugin
2024-08-28 10:42:43,245 [INFO] PluginManager:220 - loadIPPluginJar : add ts
2024-08-28 10:42:43,263 [INFO] IPUIPlugin:80 - create IPUIPlugin
2024-08-28 10:42:43,263 [INFO] PluginManager:220 - loadIPPluginJar : add tsc
2024-08-28 10:42:43,282 [INFO] IPUIPlugin:80 - create IPUIPlugin
2024-08-28 10:42:43,282 [INFO] PluginManager:220 - loadIPPluginJar : add ucpd
2024-08-28 10:42:43,318 [INFO] IPUIPlugin:80 - create IPUIPlugin
2024-08-28 10:42:43,318 [INFO] PluginManager:220 - loadIPPluginJar : add usart
2024-08-28 10:42:43,355 [INFO] IPUIPlugin:80 - create IPUIPlugin
2024-08-28 10:42:43,355 [INFO] PluginManager:220 - loadIPPluginJar : add usbx
2024-08-28 10:42:43,492 [INFO] CADModel:165 - CPN selected for project level
2024-08-28 10:42:43,492 [INFO] CADModel:114 - Register for checkConnection events
2024-08-28 10:42:43,492 [FATAL] Updater:334 - Updater called before beeing initialized
2024-08-28 10:42:43,493 [ERROR] CADModel:125 - Updater not yet initialized, retry later 
2024-08-28 10:42:43,647 [INFO] CADModel:165 - CPN selected for project level
2024-08-28 10:42:43,647 [INFO] CADModel:114 - Register for checkConnection events
2024-08-28 10:42:43,647 [FATAL] Updater:334 - Updater called before beeing initialized
2024-08-28 10:42:43,647 [ERROR] CADModel:125 - Updater not yet initialized, retry later 
2024-08-28 10:42:43,651 [FATAL] Updater:334 - Updater called before beeing initialized
2024-08-28 10:42:43,751 [FATAL] Updater:334 - Updater called before beeing initialized
2024-08-28 10:42:43,761 [INFO] DbMcusAds:53 - JSON generation date=Thu May 16 06:22:00 BRT 2024 (1715851320667)
2024-08-28 10:42:43,761 [FATAL] Updater:334 - Updater called before beeing initialized
2024-08-28 10:42:43,799 [WARN] DetailPanel:346 - Failed to get advertising image, set to default
2024-08-28 10:42:43,868 [FATAL] Updater:334 - Updater called before beeing initialized
2024-08-28 10:42:43,870 [FATAL] Updater:334 - Updater called before beeing initialized
2024-08-28 10:42:43,871 [FATAL] Updater:334 - Updater called before beeing initialized
2024-08-28 10:42:43,871 [WARN] DetailPanel:346 - Failed to get advertising image, set to default
2024-08-28 10:42:43,871 [FATAL] Updater:334 - Updater called before beeing initialized
2024-08-28 10:42:43,941 [ERROR] Updater:1164 - MainUpdater not yet initialized. External WinMGr cannot be set.
2024-08-28 10:42:43,951 [INFO] Updater:1100 - Updater Version found : 6.12.0
2024-08-28 10:42:43,967 [INFO] ApplicationProperties:184 - Using Application install path: C:\ST\STM32CubeIDE_1.16.0\STM32CubeIDE\plugins\com.st.stm32cube.common.mx_6.12.0.202406281431
2024-08-28 10:42:45,585 [ERROR] LogOutputStream:75 - [STDERR_REDIRECT] Aug 28, 2024 10:42:45 AM java.util.prefs.WindowsPreferences <init>
2024-08-28 10:42:45,587 [ERROR] LogOutputStream:75 - [STDERR_REDIRECT] WARNING: Could not open/create prefs root node Software\JavaSoft\Prefs at root 0xffffffff80000002. Windows RegCreateKeyEx(...) returned error code 5.
2024-08-28 10:42:45,587 [ERROR] LogOutputStream:75 - [STDERR_REDIRECT] 
2024-08-28 10:42:45,704 [INFO] ThirdPartyUpdaterWithRetryManager:70 - Updater plugin not ready yet. [3/15]
2024-08-28 10:42:45,942 [INFO] MainUpdater:2873 - connection check result : 10
2024-08-28 10:42:45,944 [INFO] MainUpdater:290 - Updater Check For Update Now.
2024-08-28 10:42:45,944 [INFO] MicroXplorer:498 - Change Database Version : DB.6.0.120
2024-08-28 10:42:45,969 [INFO] McuFinderGlobals:63 - Set McuFinder mode to 2 (CubeIDE integrated)
2024-08-28 10:42:45,979 [INFO] UserAuth:417 - Internet connection configuration mode: 1
2024-08-28 10:42:46,020 [INFO] JxBrowserEngine:152 - Initiate JxBrowser Engine with user profile folder
2024-08-28 10:42:46,157 [INFO] CheckServerUpdateThread:120 - End of CheckServer Thread
2024-08-28 10:42:48,870 [WARN] PackLoader:240 - Cannot read IP mode file for STMicroelectronics.FP-SNS-MOTENVWB1.1.4.0
2024-08-28 10:42:48,884 [WARN] PackLoader:240 - Cannot read IP mode file for STMicroelectronics.X-CUBE-SMBUS.2.1.0
2024-08-28 10:42:48,894 [WARN] PackLoader:240 - Cannot read IP mode file for STMicroelectronics.X-CUBE-TOUCHGFX.4.23.1
2024-08-28 10:42:48,903 [WARN] PackLoader:240 - Cannot read IP mode file for STMicroelectronics.X-CUBE-TOUCHGFX.4.23.0
2024-08-28 10:42:48,911 [WARN] PackLoader:240 - Cannot read IP mode file for STMicroelectronics.X-CUBE-TOUCHGFX.4.23.2
2024-08-28 10:42:48,949 [WARN] PackLoader:240 - Cannot read IP mode file for STMicroelectronics.X-CUBE-AZRTOS-F7.1.1.0
2024-08-28 10:42:48,966 [WARN] PackLoader:240 - Cannot read IP mode file for STMicroelectronics.FP-SNS-MOTENV1.4.3.2
2024-08-28 10:42:49,042 [WARN] PackLoader:240 - Cannot read IP mode file for STMicroelectronics.X-CUBE-MEMS1.11.0.0
2024-08-28 10:42:49,189 [WARN] PackLoader:240 - Cannot read IP mode file for STMicroelectronics.FP-SNS-FLIGHT1.5.0.2
2024-08-28 10:42:49,303 [WARN] PackLoader:240 - Cannot read IP mode file for STMicroelectronics.X-CUBE-DISPLAY.3.0.0
2024-08-28 10:42:49,325 [WARN] PackLoader:240 - Cannot read IP mode file for STMicroelectronics.X-CUBE-BLE1.7.0.0
2024-08-28 10:42:49,345 [WARN] PackLoader:240 - Cannot read IP mode file for emotas.I-CUBE-CANOPEN.1.3.0
2024-08-28 10:42:49,361 [WARN] PackLoader:240 - Cannot read IP mode file for STMicroelectronics.X-CUBE-BLEMGR.3.1.0
2024-08-28 10:42:49,373 [WARN] PackLoader:240 - Cannot read IP mode file for STMicroelectronics.FP-SNS-SMARTAG2.1.2.0
2024-08-28 10:42:49,389 [INFO] LogOutputStream:77 - [STDOUT_REDIRECT] 1 : Invalid condition id : UX_CORESTACK_Condition cause : null
2024-08-28 10:42:49,391 [INFO] LogOutputStream:77 - [STDOUT_REDIRECT] 1 : Invalid condition id : UX_CORESTACK_Condition cause : null
2024-08-28 10:42:49,392 [INFO] LogOutputStream:77 - [STDOUT_REDIRECT] 1 : Invalid condition id : UX_CORESTACK_Condition cause : null
2024-08-28 10:42:49,392 [INFO] LogOutputStream:77 - [STDOUT_REDIRECT] 1 : Invalid condition id : UX_CORESTACK_Condition cause : null
2024-08-28 10:42:49,393 [INFO] LogOutputStream:77 - [STDOUT_REDIRECT] 1 : Invalid condition id : UX_CORESTACK_Condition cause : null
2024-08-28 10:42:49,395 [WARN] PackLoader:240 - Cannot read IP mode file for STMicroelectronics.X-CUBE-AZRTOS-WL.2.0.0
2024-08-28 10:42:49,403 [WARN] PackLoader:240 - Cannot read IP mode file for STMicroelectronics.FP-SNS-MOTENV1.5.0.0
2024-08-28 10:42:49,414 [WARN] PackLoader:240 - Cannot read IP mode file for wolfSSL.I-CUBE-wolfMQTT.1.19.0
2024-08-28 10:42:49,434 [WARN] PackLoader:240 - Cannot read IP mode file for WES.I-CUBE-Cesium.1.3.0
2024-08-28 10:42:49,455 [WARN] PackLoader:240 - Cannot read IP mode file for STMicroelectronics.X-CUBE-BLE2.3.3.0
2024-08-28 10:42:49,493 [WARN] PackLoader:240 - Cannot read IP mode file for STMicroelectronics.X-CUBE-TCPP.4.1.0
2024-08-28 10:42:49,529 [WARN] PackLoader:240 - Cannot read IP mode file for STMicroelectronics.X-CUBE-ALGOBUILD.1.3.0
2024-08-28 10:42:49,567 [WARN] PackLoader:240 - Cannot read IP mode file for STMicroelectronics.X-CUBE-AZRTOS-G0.1.1.0
2024-08-28 10:42:49,587 [WARN] PackLoader:240 - Cannot read IP mode file for STMicroelectronics.X-CUBE-SAFEA1.1.2.2
2024-08-28 10:42:49,610 [WARN] PackLoader:240 - Cannot read IP mode file for STMicroelectronics.X-CUBE-NFC4.3.0.0
2024-08-28 10:42:49,628 [WARN] PackLoader:240 - Cannot read IP mode file for EmbeddedOffice.I-CUBE-FS-RTOS.1.0.1
2024-08-28 10:42:49,629 [ERROR] ConditionMgr:805 - Attr not supported : Dmpu
2024-08-28 10:42:49,629 [ERROR] ConditionMgr:805 - Attr not supported : Dmpu
2024-08-28 10:42:49,629 [ERROR] ConditionMgr:805 - Attr not supported : Dmpu
2024-08-28 10:42:49,629 [ERROR] ConditionMgr:805 - Attr not supported : Dmpu
2024-08-28 10:42:49,629 [ERROR] ConditionMgr:805 - Attr not supported : Dmpu
2024-08-28 10:42:49,629 [ERROR] ConditionMgr:805 - Attr not supported : Dmpu
2024-08-28 10:42:49,629 [ERROR] ConditionMgr:805 - Attr not supported : Dmpu
2024-08-28 10:42:49,629 [ERROR] ConditionMgr:805 - Attr not supported : Dmpu
2024-08-28 10:42:49,629 [ERROR] ConditionMgr:805 - Attr not supported : Dmpu
2024-08-28 10:42:49,629 [ERROR] ConditionMgr:805 - Attr not supported : Dmpu
2024-08-28 10:42:49,629 [ERROR] ConditionMgr:805 - Attr not supported : Dmpu
2024-08-28 10:42:49,629 [ERROR] ConditionMgr:805 - Attr not supported : Dmpu
2024-08-28 10:42:49,629 [ERROR] ConditionMgr:805 - Attr not supported : Dmpu
2024-08-28 10:42:49,629 [ERROR] ConditionMgr:805 - Attr not supported : Dmpu
2024-08-28 10:42:49,629 [ERROR] ConditionMgr:805 - Attr not supported : Dmpu
2024-08-28 10:42:49,629 [ERROR] ConditionMgr:805 - Attr not supported : Dmpu
2024-08-28 10:42:49,630 [ERROR] ConditionMgr:805 - Attr not supported : Dmpu
2024-08-28 10:42:49,630 [ERROR] ConditionMgr:805 - Attr not supported : Dmpu
2024-08-28 10:42:49,630 [ERROR] ConditionMgr:805 - Attr not supported : Dmpu
2024-08-28 10:42:49,630 [ERROR] ConditionMgr:805 - Attr not supported : Dmpu
2024-08-28 10:42:49,630 [ERROR] ConditionMgr:805 - Attr not supported : Dmpu
2024-08-28 10:42:49,630 [ERROR] ConditionMgr:805 - Attr not supported : Dmpu
2024-08-28 10:42:49,630 [ERROR] ConditionMgr:805 - Attr not supported : Dmpu
2024-08-28 10:42:49,630 [ERROR] ConditionMgr:805 - Attr not supported : Dmpu
2024-08-28 10:42:49,630 [ERROR] ConditionMgr:805 - Attr not supported : Dmpu
2024-08-28 10:42:49,630 [ERROR] ConditionMgr:805 - Attr not supported : Dmpu
2024-08-28 10:42:49,630 [ERROR] ConditionMgr:805 - Attr not supported : Dmpu
2024-08-28 10:42:49,630 [ERROR] ConditionMgr:805 - Attr not supported : Dmpu
2024-08-28 10:42:49,630 [ERROR] ConditionMgr:805 - Attr not supported : Dmpu
2024-08-28 10:42:49,630 [ERROR] ConditionMgr:805 - Attr not supported : Dmpu
2024-08-28 10:42:49,630 [ERROR] ConditionMgr:805 - Attr not supported : Dmpu
2024-08-28 10:42:49,630 [ERROR] ConditionMgr:805 - Attr not supported : Dmpu
2024-08-28 10:42:49,630 [ERROR] ConditionMgr:805 - Attr not supported : Dmpu
2024-08-28 10:42:49,630 [ERROR] ConditionMgr:805 - Attr not supported : Dmpu
2024-08-28 10:42:49,631 [ERROR] ConditionMgr:805 - Attr not supported : Dmpu
2024-08-28 10:42:49,631 [ERROR] ConditionMgr:805 - Attr not supported : Dmpu
2024-08-28 10:42:49,631 [ERROR] ConditionMgr:805 - Attr not supported : Dmpu
2024-08-28 10:42:49,631 [ERROR] ConditionMgr:805 - Attr not supported : Dmpu
2024-08-28 10:42:49,631 [ERROR] ConditionMgr:805 - Attr not supported : Dmpu
2024-08-28 10:42:49,631 [ERROR] ConditionMgr:805 - Attr not supported : Dmpu
2024-08-28 10:42:49,631 [ERROR] ConditionMgr:805 - Attr not supported : Dmpu
2024-08-28 10:42:49,631 [ERROR] ConditionMgr:805 - Attr not supported : Dmpu
2024-08-28 10:42:49,631 [ERROR] ConditionMgr:805 - Attr not supported : Dmpu
2024-08-28 10:42:49,631 [ERROR] ConditionMgr:805 - Attr not supported : Dmpu
2024-08-28 10:42:49,631 [ERROR] ConditionMgr:805 - Attr not supported : Dmpu
2024-08-28 10:42:49,631 [ERROR] ConditionMgr:805 - Attr not supported : Dmpu
2024-08-28 10:42:49,631 [ERROR] ConditionMgr:805 - Attr not supported : Dmpu
2024-08-28 10:42:49,631 [ERROR] ConditionMgr:805 - Attr not supported : Dmpu
2024-08-28 10:42:49,631 [ERROR] ConditionMgr:805 - Attr not supported : Dmpu
2024-08-28 10:42:49,631 [ERROR] ConditionMgr:805 - Attr not supported : Dmpu
2024-08-28 10:42:49,631 [ERROR] ConditionMgr:805 - Attr not supported : Dmpu
2024-08-28 10:42:49,631 [ERROR] ConditionMgr:805 - Attr not supported : Dmpu
2024-08-28 10:42:49,631 [ERROR] ConditionMgr:805 - Attr not supported : Dmpu
2024-08-28 10:42:49,631 [ERROR] ConditionMgr:805 - Attr not supported : Dmpu
2024-08-28 10:42:49,631 [ERROR] ConditionMgr:805 - Attr not supported : Dmpu
2024-08-28 10:42:49,631 [ERROR] ConditionMgr:805 - Attr not supported : Dmpu
2024-08-28 10:42:49,631 [ERROR] ConditionMgr:805 - Attr not supported : Dmpu
2024-08-28 10:42:49,631 [ERROR] ConditionMgr:805 - Attr not supported : Dmpu
2024-08-28 10:42:49,631 [ERROR] ConditionMgr:805 - Attr not supported : Dmpu
2024-08-28 10:42:49,632 [ERROR] ConditionMgr:805 - Attr not supported : Dmpu
2024-08-28 10:42:49,632 [ERROR] ConditionMgr:805 - Attr not supported : Dmpu
2024-08-28 10:42:49,632 [ERROR] ConditionMgr:805 - Attr not supported : Dmpu
2024-08-28 10:42:49,632 [ERROR] ConditionMgr:805 - Attr not supported : Dmpu
2024-08-28 10:42:49,632 [ERROR] ConditionMgr:805 - Attr not supported : Dmpu
2024-08-28 10:42:49,647 [WARN] PackLoader:240 - Cannot read IP mode file for RealThread.X-CUBE-RT-Thread_Nano.4.1.1
2024-08-28 10:42:49,665 [WARN] PackLoader:240 - Cannot read IP mode file for STMicroelectronics.FP-ATR-SIGFOX1.3.2.0
2024-08-28 10:42:49,676 [WARN] PackLoader:240 - Cannot read IP mode file for STMicroelectronics.X-CUBE-EEPRMA1.5.1.0
2024-08-28 10:42:49,704 [WARN] PackLoader:240 - Cannot read IP mode file for SEGGER.I-CUBE-embOS.1.3.1
2024-08-28 10:42:49,744 [WARN] PackLoader:240 - Cannot read IP mode file for STMicroelectronics.X-CUBE-ALGOBUILD.1.4.0
2024-08-28 10:42:49,760 [WARN] PackLoader:240 - Cannot read IP mode file for STMicroelectronics.X-CUBE-GNSS1.6.0.0
2024-08-28 10:42:49,790 [WARN] PackLoader:240 - Cannot read IP mode file for STMicroelectronics.X-CUBE-AZRTOS-F4.1.1.0
2024-08-28 10:42:49,804 [WARN] PackLoader:240 - Cannot read IP mode file for STMicroelectronics.X-CUBE-FREERTOS.1.2.0
2024-08-28 10:42:49,815 [WARN] PackLoader:240 - Cannot read IP mode file for wolfSSL.I-CUBE-wolfSSL.5.6.6
2024-08-28 10:42:49,833 [INFO] WebApp:167 - Instantiating new browser for Auth
2024-08-28 10:42:49,841 [WARN] PackLoader:240 - Cannot read IP mode file for STMicroelectronics.X-CUBE-AZRTOS-L5.2.0.0
2024-08-28 10:42:49,866 [WARN] PackLoader:240 - Cannot read IP mode file for STMicroelectronics.X-CUBE-NFC6.3.1.0
2024-08-28 10:42:49,885 [WARN] PackLoader:240 - Cannot read IP mode file for ITTIA_DB.I-CUBE-ITTIADB.8.8.0
2024-08-28 10:42:49,902 [WARN] PackLoader:240 - Cannot read IP mode file for STMicroelectronics.X-CUBE-DPower.1.2.0
2024-08-28 10:42:49,917 [WARN] PackLoader:240 - Cannot read IP mode file for STMicroelectronics.X-CUBE-AI.9.0.0
2024-08-28 10:42:49,930 [WARN] PackLoader:240 - Cannot read IP mode file for STMicroelectronics.X-CUBE-NFC7.1.0.1
2024-08-28 10:42:49,945 [WARN] PackLoader:240 - Cannot read IP mode file for STMicroelectronics.X-CUBE-NFC6.3.0.0
2024-08-28 10:42:49,956 [WARN] PackLoader:240 - Cannot read IP mode file for STMicroelectronics.X-CUBE-AI.8.1.0
2024-08-28 10:42:49,984 [WARN] ConditionMgr:438 - getConditionDescription Invalid condition id : LAN8742 Phy interface Condition cause : null
2024-08-28 10:42:49,986 [WARN] PackLoader:240 - Cannot read IP mode file for STMicroelectronics.X-CUBE-AZRTOS-L4.2.0.0
2024-08-28 10:42:49,988 [WARN] ConditionMgr:1039 - genDependencies : Invalid condition id : LAN8742 Phy interface Condition cause : null
2024-08-28 10:42:49,989 [WARN] ConditionMgr:1039 - genDependencies : Invalid condition id : LAN8742 Phy interface Condition cause : null
2024-08-28 10:42:49,990 [WARN] ConditionMgr:1039 - genDependencies : Invalid condition id : LAN8742 Phy interface Condition cause : null
2024-08-28 10:42:50,011 [WARN] PackLoader:240 - Cannot read IP mode file for STMicroelectronics.X-CUBE-SFXS2LP1.4.0.0
2024-08-28 10:42:50,040 [WARN] PackLoader:240 - Cannot read IP mode file for STMicroelectronics.X-CUBE-AZRTOS-H7.3.3.0
2024-08-28 10:42:50,072 [WARN] ConditionMgr:438 - getConditionDescription Invalid condition id : UX DEVICE CLASS RTOS Condition cause : null
2024-08-28 10:42:50,072 [WARN] ConditionMgr:438 - getConditionDescription Invalid condition id : UX DEVICE CLASS RTOS Condition cause : null
2024-08-28 10:42:50,076 [WARN] PackLoader:240 - Cannot read IP mode file for STMicroelectronics.X-CUBE-AZRTOS-WB.2.0.0
2024-08-28 10:42:50,077 [WARN] ConditionMgr:1039 - genDependencies : Invalid condition id : UX DEVICE CLASS RTOS Condition cause : null
2024-08-28 10:42:50,077 [WARN] ConditionMgr:1039 - genDependencies : Invalid condition id : UX DEVICE CLASS RTOS Condition cause : null
2024-08-28 10:42:50,078 [WARN] ConditionMgr:1039 - genDependencies : Invalid condition id : UX DEVICE CLASS RTOS Condition cause : null
2024-08-28 10:42:50,079 [WARN] ConditionMgr:1039 - genDependencies : Invalid condition id : UX DEVICE CLASS RTOS Condition cause : null
2024-08-28 10:42:50,079 [WARN] ConditionMgr:1039 - genDependencies : Invalid condition id : UX DEVICE CLASS RTOS Condition cause : null
2024-08-28 10:42:50,094 [WARN] PackLoader:240 - Cannot read IP mode file for STMicroelectronics.FP-SNS-STBOX1.2.0.0
2024-08-28 10:42:50,114 [WARN] PackLoader:240 - Cannot read IP mode file for STMicroelectronics.X-CUBE-SUBG2.5.0.0
2024-08-28 10:42:50,152 [WARN] PackLoader:240 - Cannot read IP mode file for STMicroelectronics.X-CUBE-AZRTOS-G4.2.0.0
2024-08-28 10:42:50,174 [WARN] PackLoader:240 - Cannot read IP mode file for Infineon.AIROC-Wi-Fi-Bluetooth-STM32.1.5.1
2024-08-28 10:42:50,189 [WARN] PackLoader:240 - Cannot read IP mode file for STMicroelectronics.FP-SNS-MOTENVWB1.1.3.1
2024-08-28 10:42:50,200 [WARN] PackLoader:240 - Cannot read IP mode file for STMicroelectronics.X-CUBE-ISPU.2.0.0
2024-08-28 10:42:50,211 [WARN] PackLoader:240 - Cannot read IP mode file for STMicroelectronics.X-CUBE-ALS.1.0.2
2024-08-28 10:42:50,239 [WARN] PackLoader:240 - Cannot read IP mode file for STMicroelectronics.X-CUBE-MEMS1.10.0.0
2024-08-28 10:42:50,290 [WARN] PackLoader:240 - Cannot read IP mode file for STMicroelectronics.X-CUBE-FREERTOS.1.1.0
2024-08-28 10:42:50,306 [WARN] PackLoader:240 - Cannot read IP mode file for STMicroelectronics.X-CUBE-TOUCHGFX.4.24.0
2024-08-28 10:42:50,319 [WARN] PackLoader:240 - Cannot read IP mode file for wolfSSL.I-CUBE-wolfTPM.3.4.0
2024-08-28 10:42:50,332 [WARN] PackLoader:240 - Cannot read IP mode file for portGmbH.I-Cube-SoM-uGOAL.1.1.0
2024-08-28 10:42:50,342 [WARN] PackLoader:240 - Cannot read IP mode file for STMicroelectronics.X-CUBE-ALS.1.0.1
2024-08-28 10:42:50,366 [WARN] PackLoader:240 - Cannot read IP mode file for STMicroelectronics.X-CUBE-AZRTOS-H7RS.1.0.0
2024-08-28 10:42:50,376 [WARN] PackLoader:240 - Cannot read IP mode file for STMicroelectronics.FP-ATR-ASTRA1.2.0.0
2024-08-28 10:42:50,390 [WARN] PackLoader:240 - Cannot read IP mode file for STMicroelectronics.X-CUBE-TOF1.3.4.2
2024-08-28 10:42:50,408 [WARN] PackLoader:240 - Cannot read IP mode file for STMicroelectronics.X-CUBE-TOF1.3.4.1
2024-08-28 10:42:50,432 [WARN] PackLoader:240 - Cannot read IP mode file for STMicroelectronics.X-CUBE-AZRTOS-H7.3.2.0
2024-08-28 10:42:50,444 [WARN] PackLoader:240 - Cannot read IP mode file for wolfSSL.I-CUBE-wolfSSH.1.4.17
2024-08-28 10:42:50,445 [INFO] ThirdParty:978 - Integrity check success = true
2024-08-28 10:42:50,445 [INFO] IntegrityCheckThread:100 - exiting critical section [integrity check]
2024-08-28 10:42:50,445 [INFO] IntegrityCheckThread:103 - End integrity checks thread
2024-08-28 10:42:50,866 [INFO] WebApp:448 - Apply proxy settings
2024-08-28 10:42:50,867 [INFO] WebApp:533 - Chromium requires no authentication
2024-08-28 10:42:50,881 [INFO] WebApp:476 - Direct internet connection detected
2024-08-28 10:42:50,928 [INFO] WebApp:869 - Register for checkConnection events
2024-08-28 10:42:50,928 [INFO] WebApp:448 - Apply proxy settings
2024-08-28 10:42:50,928 [INFO] WebApp:533 - Chromium requires no authentication
2024-08-28 10:42:50,929 [INFO] WebApp:476 - Direct internet connection detected
2024-08-28 10:42:51,175 [INFO] WebApp:220 - Starting web application
2024-08-28 10:42:51,175 [INFO] WebApp:578 - Web application path used C:\ST\STM32CubeIDE_1.16.0\STM32CubeIDE\plugins\com.st.stm32cube.common.mx_6.12.0.202406281431\db\plugins\mcufinder\reactClient1\index.html
2024-08-28 10:42:51,303 [INFO] WebApp:186 - Connection restablished
2024-08-28 10:42:51,356 [INFO] UserAuth:417 - Internet connection configuration mode: 1
2024-08-28 10:42:55,583 [INFO] McuFinderGlobals:63 - Set McuFinder mode to 2 (CubeIDE integrated)
2024-08-28 10:42:55,607 [INFO] MainUpdater:2873 - connection check result : 10
2024-08-28 10:42:55,614 [INFO] MainUpdater:2873 - connection check result : 10
2024-08-28 10:42:55,815 [INFO] RulesReader:64 - Compatibility file has been processed (297 Rules)
2024-08-28 10:42:55,825 [INFO] RulesReader:64 - Compatibility file has been processed (297 Rules)
2024-08-28 10:42:55,832 [INFO] MicroXplorer:468 - Change Database Path : 
2024-08-28 10:42:55,832 [INFO] MicroXplorer:498 - Change Database Version : DB.6.0.120
2024-08-28 10:42:55,859 [WARN] ThirdParty:871 - waiting for thirdparty lock release [close project]
2024-08-28 10:42:55,859 [INFO] ThirdParty:873 - entering critical section [close project]
2024-08-28 10:42:55,861 [INFO] ThirdParty:883 - exiting critical section [close project]
2024-08-28 10:42:55,868 [INFO] PinOutPanel:1561 - setPackage(No Configuration,No Configuration)
2024-08-28 10:42:55,881 [INFO] UtilMem:75 - Begin LoadConfig() Used Memory: 196298704 Bytes (268435456)
2024-08-28 10:42:55,884 [INFO] MicroXplorer:468 - Change Database Path : 
2024-08-28 10:42:55,884 [INFO] MicroXplorer:498 - Change Database Version : DB.6.0.120
2024-08-28 10:42:55,884 [INFO] OpenFileManager:332 - Change cursor
2024-08-28 10:42:55,923 [INFO] Mcu:2032 - Initializing MCU STM32G474R(B-C-E)Tx STM32G474RETx STM32G474RET6
2024-08-28 10:43:00,292 [INFO] Context:742 - Trying to add GPIOservice into a context  which must be forbidden
2024-08-28 10:43:01,776 [INFO] ApiDbMcu:508 - Load IP Config File for NUCLEO-G474RE
2024-08-28 10:43:01,998 [INFO] RtosManager:555 - Registered RTOS mode: class=CMSIS, group=RTOS, mode=CMSIS_V1, owner=FREERTOS
2024-08-28 10:43:01,998 [INFO] RtosManager:555 - Registered RTOS mode: class=CMSIS, group=RTOS2, mode=CMSIS_V2, owner=FREERTOS
2024-08-28 10:43:01,999 [INFO] RtosManager:555 - Registered RTOS mode: class=RTOS, group=Core, mode=CMSIS_V1, owner=FREERTOS
2024-08-28 10:43:01,999 [INFO] RtosManager:555 - Registered RTOS mode: class=RTOS, group=Core, mode=CMSIS_V2, owner=FREERTOS
2024-08-28 10:43:01,999 [WARN] ModelIntegratedComponent:184 - Missing modes for component STMicroelectronics:FreeRTOS:0.0.1:STMicroelectronics:RTOS:FreeRTOS:Core:::10.2.0:
2024-08-28 10:43:02,007 [WARN] ModelIntegratedComponent:63 - No mode defined for component null
2024-08-28 10:43:02,008 [WARN] ModelIntegratedComponent:63 - No mode defined for component null
2024-08-28 10:43:02,008 [WARN] ModelIntegratedComponent:63 - No mode defined for component null
2024-08-28 10:43:02,008 [WARN] ModelIntegratedComponent:63 - No mode defined for component null
2024-08-28 10:43:02,008 [WARN] ModelIntegratedComponent:63 - No mode defined for component null
2024-08-28 10:43:02,008 [WARN] ModelIntegratedComponent:63 - No mode defined for component null
2024-08-28 10:43:02,008 [WARN] ModelIntegratedComponent:63 - No mode defined for component null
2024-08-28 10:43:02,008 [WARN] ModelIntegratedComponent:63 - No mode defined for component null
2024-08-28 10:43:02,009 [WARN] ModelIntegratedComponent:63 - No mode defined for component null
2024-08-28 10:43:02,009 [WARN] ModelIntegratedComponent:63 - No mode defined for component null
2024-08-28 10:43:02,009 [WARN] ModelIntegratedComponent:63 - No mode defined for component null
2024-08-28 10:43:02,009 [WARN] ModelIntegratedComponent:63 - No mode defined for component null
2024-08-28 10:43:02,009 [WARN] ModelIntegratedComponent:63 - No mode defined for component null
2024-08-28 10:43:02,009 [WARN] ModelIntegratedComponent:63 - No mode defined for component null
2024-08-28 10:43:02,009 [WARN] ModelIntegratedComponent:63 - No mode defined for component null
2024-08-28 10:43:02,009 [WARN] ModelIntegratedComponent:63 - No mode defined for component null
2024-08-28 10:43:02,009 [WARN] ModelIntegratedComponent:63 - No mode defined for component null
2024-08-28 10:43:02,009 [WARN] ModelIntegratedComponent:63 - No mode defined for component null
2024-08-28 10:43:02,009 [WARN] ModelIntegratedComponent:63 - No mode defined for component null
2024-08-28 10:43:02,009 [WARN] ModelIntegratedComponent:63 - No mode defined for component null
2024-08-28 10:43:02,009 [WARN] ModelIntegratedComponent:63 - No mode defined for component null
2024-08-28 10:43:02,009 [WARN] ModelIntegratedComponent:63 - No mode defined for component null
2024-08-28 10:43:02,010 [WARN] ModelIntegratedComponent:63 - No mode defined for component null
2024-08-28 10:43:02,010 [WARN] ModelIntegratedComponent:63 - No mode defined for component null
2024-08-28 10:43:02,010 [WARN] ModelIntegratedComponent:63 - No mode defined for component null
2024-08-28 10:43:02,010 [WARN] ModelIntegratedComponent:63 - No mode defined for component null
2024-08-28 10:43:02,010 [WARN] ModelIntegratedComponent:63 - No mode defined for component null
2024-08-28 10:43:02,010 [WARN] ModelIntegratedComponent:63 - No mode defined for component null
2024-08-28 10:43:02,010 [WARN] ModelIntegratedComponent:63 - No mode defined for component null
2024-08-28 10:43:02,010 [WARN] ModelIntegratedComponent:63 - No mode defined for component null
2024-08-28 10:43:02,010 [WARN] ModelIntegratedComponent:63 - No mode defined for component null
2024-08-28 10:43:02,010 [WARN] ModelIntegratedComponent:63 - No mode defined for component null
2024-08-28 10:43:02,010 [WARN] ModelIntegratedComponent:63 - No mode defined for component null
2024-08-28 10:43:02,010 [WARN] ModelIntegratedComponent:63 - No mode defined for component null
2024-08-28 10:43:02,010 [WARN] ModelIntegratedComponent:63 - No mode defined for component null
2024-08-28 10:43:02,010 [WARN] ModelPack:524 - Component already loaded: STMicroelectronics:HAL Drivers:0.0.0:STMicroelectronics:Device:STMicro_Driver:XSPI:HAL::0.0.1:HAL_XSPI
2024-08-28 10:43:02,073 [INFO] ThirdPartyModel:298 - Start build external matchings
2024-08-28 10:43:02,389 [INFO] ThirdPartyModel:316 - End build external matchings
2024-08-28 10:43:02,419 [INFO] ImportTextPane:205 - (OptionalMessage_ERROR) IP (RCC) : Invalid parameter (FamilyName)
2024-08-28 10:43:02,421 [INFO] ImportTextPane:205 - (OptionalMessage_ERROR) IP (RCC) : Parameter (RNGFreq_Value) has invalid value (170000000)
2024-08-28 10:43:02,421 [INFO] ImportTextPane:205 - (OptionalMessage_ERROR) IP (RCC) : Parameter (USBFreq_Value) has invalid value (170000000)
2024-08-28 10:43:02,985 [INFO] ApiDb:581 - Connected to CubeFinder SQLite database (C:\Users\jvmen\.stmcufinder\plugins\mcufinder\mcu\cube-finder-db.db)
2024-08-28 10:43:03,070 [INFO] ApiDb:668 - CubeFinder database Data Model version=2.1
2024-08-28 10:43:03,070 [INFO] ApiDb:669 - CubeFinder database Configuration version=3.0.39
2024-08-28 10:43:03,071 [INFO] ApiDb:670 - CubeFinder database generation date=2024-08-06 (1722941618)
2024-08-28 10:43:03,071 [INFO] ApiDb:671 - CubeFinder database FW Pack versions=[FP-ATR-ASTRA1_V2.0.0, FP-SNS-FLIGHT1_V5.0.2, FP-SNS-MOTENV1_V5.0.0, FP-SNS-MOTENVWB1_V1.4.0, FP-SNS-SMARTAG2_V1.2.0, FP-SNS-STBOX1_V2.0.0, STM32Cube_FW_C0_V1.2.0, STM32Cube_FW_F4_V1.28.0, STM32Cube_FW_F7_V1.17.2, STM32Cube_FW_G0_V1.6.2, STM32Cube_FW_G4_V1.6.0, STM32Cube_FW_H5_V1.3.0, STM32Cube_FW_H7RS_V1.1.0, STM32Cube_FW_H7_V1.11.2, STM32Cube_FW_L0_V1.12.2, STM32Cube_FW_L5_V1.5.1, STM32Cube_FW_U0_V1.1.0, STM32Cube_FW_U5_V1.6.0, STM32Cube_FW_WB0_V1.0.0, STM32Cube_FW_WBA_V1.4.1, STM32Cube_FW_WB_V1.20.0, STM32Cube_FW_WL_V1.3.0, X-CUBE-ALGOBUILD_V1.4.0, X-CUBE-ALS_V1.0.2, X-CUBE-AZRTOS-F4_V1.1.0, X-CUBE-AZRTOS-F7_V1.1.0, X-CUBE-AZRTOS-G0_V1.1.0, X-CUBE-AZRTOS-G4_V2.0.0, X-CUBE-AZRTOS-H7RS_V1.0.0, X-CUBE-AZRTOS-H7_V3.2.0, X-CUBE-AZRTOS-L4_V2.0.0, X-CUBE-AZRTOS-L5_V1.1.0, X-CUBE-AZRTOS-WB_V2.0.0, X-CUBE-AZRTOS-WL_V2.0.0, X-CUBE-BLE1_V7.0.0, X-CUBE-BLE2_V3.3.0, X-CUBE-BLEMGR_V3.1.0, X-CUBE-EEPRMA1_V5.1.0, X-CUBE-FREERTOS_V1.2.0, X-CUBE-GNSS1_V6.0.0, X-CUBE-MEMS1_V10.0.0, X-CUBE-NFC4_V3.0.0, X-CUBE-NFC7_V1.0.1, X-CUBE-SFXS2LP1_V4.0.0, X-CUBE-SUBG2_V5.0.0, X-CUBE-TOF1_V3.4.2]
2024-08-28 10:43:03,190 [INFO] DbBoardsSqlite:226 - include board P-NUCLEO-WB55-NUCLEO as a kit item of type 'Nucleo-64'
2024-08-28 10:43:03,190 [INFO] DbBoardsSqlite:226 - include board P-NUCLEO-WB55-USBDONGLE as a kit item of type 'Nucleo USB Dongle'
2024-08-28 10:43:03,191 [INFO] DbBoardsSqlite:226 - include board STEVAL-IDP005V1 as a kit item of type 'Evaluation Board'
2024-08-28 10:43:03,192 [INFO] DbBoardsSqlite:226 - include board STEVAL-IDP005V2 as a kit item of type 'Evaluation Board'
2024-08-28 10:43:03,496 [INFO] ApiDb:240 - Found 646 in-development CPN: [B-G473E-ZEST1S, B-WB1M-WPAN1, B-WL5M-SUBG1, NUCLEO-C031C6, NUCLEO-C071RB, NUCLEO-H503RB, NUCLEO-H533RE, NUCLEO-H563ZI, NUCLEO-H7S3L8, NUCLEO-U031R8, NUCLEO-U083RC, NUCLEO-U545RE-Q, NUCLEO-U5A5ZJ-Q, NUCLEO-WB05KZ, NUCLEO-WB07CC, NUCLEO-WB09KE, NUCLEO-WBA52CG, NUCLEO-WBA55CG, STEVAL-PROTEUS1, STEVAL-SMARTAG2, STEVAL-STWINBX1, STM320518-EVAL, STM32C0116-DK, STM32C011D6Y3TR, STM32C011D6Y6TR, STM32C011F4P3, STM32C011F4P6, STM32C011F4U3, STM32C011F4U6TR, STM32C011F6P3, STM32C011F6P6, STM32C011F6U3, STM32C011F6U6TR, STM32C011J4M3, STM32C011J4M6, STM32C011J6M3, STM32C011J6M6, STM32C0316-DK, STM32C031C4T3, STM32C031C4T6, STM32C031C4U3, STM32C031C4U6, STM32C031C6T3, STM32C031C6T6, STM32C031C6U3, STM32C031C6U6, STM32C031F4P3, STM32C031F4P6, STM32C031F6P3, STM32C031F6P6, STM32C031G4U3, STM32C031G4U6, STM32C031G6U3, STM32C031G6U6, STM32C031K4T3, STM32C031K4T6, STM32C031K4U3, STM32C031K4U6, STM32C031K6T3, STM32C031K6T6, STM32C031K6U3, STM32C031K6U6, STM32C071C8T6, STM32C071C8T6N, STM32C071C8U6, STM32C071C8U6N, STM32C071CBT6, STM32C071CBT6N, STM32C071CBU6, STM32C071CBU6N, STM32C071F8P6, STM32C071F8P6N, STM32C071FBP6, STM32C071FBP6N, STM32C071FBY6TR, STM32C071G8U6, STM32C071G8U6N, STM32C071GBU6, STM32C071GBU6N, STM32C071K8T6, STM32C071K8T6N, STM32C071K8U6, STM32C071K8U6N, STM32C071KBT6, STM32C071KBT6N, STM32C071KBU6, STM32C071KBU6N, STM32C071R8T6, STM32C071R8T6N, STM32C071RBI6N, STM32C071RBT6, STM32C071RBT6N, STM32G071K8TXN, STM32G071K8UXN, STM32G081GBU6N, STM32G081KBT6N, STM32G081KBUXN, STM32G0B1CCT6N, STM32G0B1KCT6, STM32G0B1NEY6TR, STM32G0B1RCT6N, STM32G0C1CCT6, STM32G0C1CCT6N, STM32G0C1CCU6N, STM32G0C1CET6N, STM32G0C1CEU6N, STM32G0C1KCT6, STM32G0C1NEY6TR, STM32G0C1RCI6N, STM32G0C1RCT6N, STM32G0C1REI6N, STM32G0C1RET6N, STM32G0C1VCI6, STM32G0C1VEI6, STM32G411C6T3, STM32G411C6T6, STM32G411C6U3, STM32G411C6U6, STM32G411C8T3, STM32G411C8T6, STM32G411C8U3, STM32G411C8U6, STM32G411CBT3, STM32G411CBT6, STM32G411CBU3, STM32G411CBU6, STM32G411K6T3, STM32G411K6T6, STM32G411K6U3, STM32G411K6U6, STM32G411K8T3, STM32G411K8T6, STM32G411K8U3, STM32G411K8U6, STM32G411KBT3, STM32G411KBT6, STM32G411KBU3, STM32G411KBU6, STM32G411M6T3, STM32G411M6T6, STM32G411M8T3, STM32G411M8T6, STM32G411MBT3, STM32G411MBT6, STM32G411R6T3, STM32G411R6T6, STM32G411R8T3, STM32G411R8T6, STM32G411RBT3, STM32G411RBT6, STM32G414CBT3, STM32G414CBT6, STM32G414CBU3, STM32G414CBU6, STM32G414CCT3, STM32G414CCT6, STM32G414CCU3, STM32G414CCU6, STM32G414MBT3, STM32G414MBT6, STM32G414MCT3, STM32G414MCT6, STM32G414RBT3, STM32G414RBT6, STM32G414RCT3, STM32G414RCT6, STM32G414VBT3, STM32G414VBT6, STM32G414VCT3, STM32G414VCT6, STM32G431CBT3Z, STM32G431RBT3Z, STM32G471CCT6, STM32G471CCU6, STM32G471CET3, STM32G471CET6, STM32G471CEU3, STM32G471CEU6, STM32G471MCT6, STM32G471MET3, STM32G471MET6, STM32G471MEY6TR, STM32G471QCT6, STM32G471QET3, STM32G471RCT6, STM32G471RET3, STM32G471RET6, STM32G471VCH6, STM32G471VCI6, STM32G471VCT6, STM32G471VEH3, STM32G471VEH6, STM32G471VEI3, STM32G471VEI6, STM32G471VET3, STM32G471VET6, STM32G473QET3Z, STM32G473RET3Z, STM32G474CCT6, STM32G491RET3Z, STM32H503CBT6, STM32H503CBU6, STM32H503EBY6TR, STM32H503KBU6, STM32H503RBT6, STM32H523CCT6, STM32H523CCU6, STM32H523CET6, STM32H523CEU6, STM32H523HEY6TR, STM32H523RCT6, STM32H523RET6, STM32H523VCI6, STM32H523VCT6, STM32H523VEI6, STM32H523VET6, STM32H523ZCJ6, STM32H523ZCT6, STM32H523ZEJ6, STM32H523ZET6, STM32H533CET6, STM32H533CEU6, STM32H533HEY6TR, STM32H533RET6, STM32H533VEI6, STM32H533VET6, STM32H533ZEJ6, STM32H533ZET6, STM32H562AGI6, STM32H562AII6, STM32H562IGK6, STM32H562IGT6, STM32H562IIK6, STM32H562IIT6, STM32H562RGT6, STM32H562RGV6, STM32H562RIT6, STM32H562RIV6, STM32H562VGT6, STM32H562VIT6, STM32H562ZGT6, STM32H562ZIT6, STM32H563AGI6, STM32H563AII3Q, STM32H563AII6, STM32H563IGK6, STM32H563IGT6, STM32H563IIK3Q, STM32H563IIK6, STM32H563IIT3Q, STM32H563IIT6, STM32H563MIY3QTR, STM32H563RGT6, STM32H563RGV6, STM32H563RIT6, STM32H563RIV6, STM32H563VGT6, STM32H563VIT3Q, STM32H563VIT6, STM32H563ZGT6, STM32H563ZIT3Q, STM32H563ZIT6, STM32H573AII3Q, STM32H573AII6, STM32H573I-DK, STM32H573IIK3Q, STM32H573IIK6, STM32H573IIT3Q, STM32H573IIT6, STM32H573MIY3QTR, STM32H573RIT6, STM32H573RIV6, STM32H573VIT3Q, STM32H573VIT6, STM32H573ZIT3Q, STM32H573ZIT6, STM32H7R3A8I6, STM32H7R3I8K6, STM32H7R3I8T6, STM32H7R3L8H6, STM32H7R3L8H6H, STM32H7R3R8V6, STM32H7R3V8H6, STM32H7R3V8T6, STM32H7R3V8Y6TR, STM32H7R3Z8J6, STM32H7R3Z8T6, STM32H7R7A8I6, STM32H7R7I8K6, STM32H7R7I8T6, STM32H7R7L8H6, STM32H7R7L8H6H, STM32H7R7Z8J6, STM32H7S3A8I6, STM32H7S3I8K6, STM32H7S3I8T6, STM32H7S3L8H6, STM32H7S3L8H6H, STM32H7S3R8V6, STM32H7S3V8H6, STM32H7S3V8T6, STM32H7S3V8Y6TR, STM32H7S3Z8J6, STM32H7S3Z8T6, STM32H7S78-DK, STM32H7S7A8I6, STM32H7S7I8K6, STM32H7S7I8T6, STM32H7S7L8H6, STM32H7S7L8H6H, STM32H7S7Z8J6, STM32L4R5QGI6STR, STM32MP131AAE3, STM32MP131AAF3, STM32MP131AAG3, STM32MP131CAE3, STM32MP131CAF3, STM32MP131CAG3, STM32MP131DAE7, STM32MP131DAF7, STM32MP131DAG7, STM32MP131FAE7, STM32MP131FAF7, STM32MP131FAG7, STM32MP133AAE3, STM32MP133AAF3, STM32MP133AAG3, STM32MP133CAE3, STM32MP133CAF3, STM32MP133CAG3, STM32MP133DAE7, STM32MP133DAF7, STM32MP133DAG7, STM32MP133FAE7, STM32MP133FAF7, STM32MP133FAG7, STM32MP135AAE3, STM32MP135AAF3, STM32MP135AAG3, STM32MP135CAE3, STM32MP135CAF3, STM32MP135CAG3, STM32MP135DAE7, STM32MP135DAF7, STM32MP135DAG7, STM32MP135F-DK, STM32MP135FAE7, STM32MP135FAF7, STM32MP135FAF7T, STM32MP135FAF7U, STM32MP135FAG7, STM32MP251AAI3, STM32MP251AAK3, STM32MP251AAL3, STM32MP251CAI3, STM32MP251CAK3, STM32MP251CAL3, STM32MP251DAI3, STM32MP251DAK3, STM32MP251DAL3, STM32MP251FAI3, STM32MP251FAK3, STM32MP251FAL3, STM32MP253AAI3, STM32MP253AAK3, STM32MP253AAL3, STM32MP253CAI3, STM32MP253CAK3, STM32MP253CAL3, STM32MP253DAI3, STM32MP253DAK3, STM32MP253DAL3, STM32MP253FAI3, STM32MP253FAK3, STM32MP253FAL3, STM32MP255AAI3, STM32MP255AAK3, STM32MP255AAL3, STM32MP255CAI3, STM32MP255CAK3, STM32MP255CAL3, STM32MP255DAI3, STM32MP255DAK3, STM32MP255DAL3, STM32MP255FAI3, STM32MP255FAK3, STM32MP255FAL3, STM32MP257AAI3, STM32MP257AAK3, STM32MP257AAL3, STM32MP257CAI3, STM32MP257CAK3, STM32MP257CAL3, STM32MP257DAI3, STM32MP257DAK3, STM32MP257DAL3, STM32MP257F-DK, STM32MP257F-EV1, STM32MP257FAI3, STM32MP257FAK3, STM32MP257FAL3, STM32U031C6T6, STM32U031C6U6, STM32U031C8T6, STM32U031C8U6, STM32U031F4P6, STM32U031F6P6, STM32U031F8P6, STM32U031G6Y6TR, STM32U031G8Y6TR, STM32U031K4U6, STM32U031K6U6, STM32U031K8U6, STM32U031R6I6, STM32U031R6T6, STM32U031R8I6, STM32U031R8T6, STM32U073C8T6, STM32U073C8U6, STM32U073CBT6, STM32U073CBU6, STM32U073CCT6, STM32U073CCU6, STM32U073H8Y6TR, STM32U073HBY6TR, STM32U073HCY6TR, STM32U073K8U6, STM32U073KBU6, STM32U073KCU6, STM32U073M8I6, STM32U073M8T6, STM32U073MBI6, STM32U073MBT6, STM32U073MCI6, STM32U073MCT6, STM32U073R8I6, STM32U073R8T6, STM32U073RBI6, STM32U073RBT6, STM32U073RCI6, STM32U073RCT6, STM32U083C-DK, STM32U083CCT6, STM32U083CCU6, STM32U083HCY6TR, STM32U083KCU6, STM32U083MCI6, STM32U083MCT6, STM32U083RCI6, STM32U083RCT6, STM32U535CBT6, STM32U535CBT6Q, STM32U535CBU6, STM32U535CBU6Q, STM32U535CCT6, STM32U535CCT6Q, STM32U535CCU6, STM32U535CCU6Q, STM32U535CET6, STM32U535CET6Q, STM32U535CEU6, STM32U535CEU6Q, STM32U535JEY6QTR, STM32U535NCY6QTR, STM32U535NEY6QTR, STM32U535RBI6, STM32U535RBI6Q, STM32U535RBT6, STM32U535RBT6Q, STM32U535RCI6, STM32U535RCI6Q, STM32U535RCT6, STM32U535RCT6Q, STM32U535REI6, STM32U535REI6Q, STM32U535RET6, STM32U535RET6Q, STM32U535VCI6, STM32U535VCI6Q, STM32U535VCT6, STM32U535VCT6Q, STM32U535VEI6, STM32U535VEI6Q, STM32U535VET6, STM32U535VET6Q, STM32U545CET6, STM32U545CET6Q, STM32U545CEU6, STM32U545CEU6Q, STM32U545JEY6QTR, STM32U545NEY6QTR, STM32U545REI6, STM32U545REI6Q, STM32U545RET6, STM32U545RET6Q, STM32U545VEI6, STM32U545VEI6Q, STM32U545VET6, STM32U545VET6Q, STM32U595AIH6, STM32U595AIH6Q, STM32U595AJH6, STM32U595AJH6Q, STM32U595QII6, STM32U595QII6Q, STM32U595QJI6, STM32U595QJI6Q, STM32U595RIT6, STM32U595RIT6Q, STM32U595RJT6, STM32U595RJT6Q, STM32U595VIT6, STM32U595VIT6Q, STM32U595VJT6, STM32U595VJT6Q, STM32U595ZIT6, STM32U595ZIT6Q, STM32U595ZIY6QTR, STM32U595ZJT6, STM32U595ZJT6Q, STM32U595ZJY6QTR, STM32U599BJY6QTR, STM32U599NIH6Q, STM32U599NJH6Q, STM32U599VIT6Q, STM32U599VJT6, STM32U599VJT6Q, STM32U599ZIT6Q, STM32U599ZIY6QTR, STM32U599ZJT6Q, STM32U599ZJY6QTR, STM32U5A5AJH6, STM32U5A5AJH6Q, STM32U5A5QII3Q , STM32U5A5QJI6, STM32U5A5QJI6Q, STM32U5A5RJT6, STM32U5A5RJT6Q, STM32U5A5VJT6, STM32U5A5VJT6Q, STM32U5A5ZJT6, STM32U5A5ZJT6Q, STM32U5A5ZJY6QTR, STM32U5A9BJY6QTR, STM32U5A9J-DK, STM32U5A9NJH6Q, STM32U5A9VJT6Q, STM32U5A9ZJT6Q, STM32U5A9ZJY6QTR, STM32U5F7VIT6, STM32U5F7VIT6Q, STM32U5F7VJT6, STM32U5F7VJT6Q, STM32U5F9BJY6QTR, STM32U5F9NJH6Q, STM32U5F9VIT6Q, STM32U5F9VJT6Q, STM32U5F9ZIJ6QTR, STM32U5F9ZIT6Q, STM32U5F9ZJJ6QTR, STM32U5F9ZJT6Q, STM32U5G7VJT6, STM32U5G7VJT6Q, STM32U5G9BJY6QTR, STM32U5G9J-DK1, STM32U5G9J-DK2, STM32U5G9NJH6Q, STM32U5G9VJT6Q, STM32U5G9ZJJ6QTR, STM32U5G9ZJT6Q, STM32WB05KZV6TR, STM32WB05KZV7TR, STM32WB05TZF6TR, STM32WB05TZF7TR, STM32WB06CCF6TR, STM32WB06CCF7TR, STM32WB06CCV6TR, STM32WB06CCV7TR, STM32WB06KCV6TR, STM32WB06KCV7TR, STM32WB07CCF6TR, STM32WB07CCF7TR, STM32WB07CCV6TR, STM32WB07CCV7TR, STM32WB07KCV6TR, STM32WB07KCV7TR, STM32WB09KEV6TR, STM32WB09KEV7TR, STM32WB09TEF6TR, STM32WB09TEF7TR, STM32WB1MMCH6, STM32WBA50KGU6, STM32WBA50KGU6TR, STM32WBA52CEU6, STM32WBA52CEU6TR, STM32WBA52CEU7, STM32WBA52CEU7TR, STM32WBA52CGU6, STM32WBA52CGU6TR, STM32WBA52CGU6U, STM32WBA52CGU7, STM32WBA52CGU7TR, STM32WBA52KEU6, STM32WBA52KEU6TR, STM32WBA52KGU6, STM32WBA52KGU6TR, STM32WBA54CEU6, STM32WBA54CEU6TR, STM32WBA54CEU7, STM32WBA54CEU7TR, STM32WBA54CGU6, STM32WBA54CGU6TR, STM32WBA54CGU7, STM32WBA54CGU7TR, STM32WBA54KEU6, STM32WBA54KEU6TR, STM32WBA54KEU7, STM32WBA54KEU7TR, STM32WBA54KGU6, STM32WBA54KGU6TR, STM32WBA54KGU7, STM32WBA54KGU7TR, STM32WBA55CEU6, STM32WBA55CEU6TR, STM32WBA55CEU7, STM32WBA55CEU7TR, STM32WBA55CGU6, STM32WBA55CGU6TR, STM32WBA55CGU6U, STM32WBA55CGU7, STM32WBA55CGU7TR, STM32WBA55G-DK1, STM32WBA55HEF6, STM32WBA55HEF7, STM32WBA55HGF6, STM32WBA55HGF7, STM32WBA55UEI6, STM32WBA55UEI6TR, STM32WBA55UEI7, STM32WBA55UEI7TR, STM32WBA55UGI6, STM32WBA55UGI6TR, STM32WBA55UGI7, STM32WBA55UGI7TR, STM32WL5MOCH6, STM32WL5MOCH6TR]
2024-08-28 10:43:03,594 [INFO] BoardInfo:889 - No configuration file found for board P-NUCLEO-WB55
2024-08-28 10:43:03,594 [INFO] DbBoards:161 - Kit is not supported: P-NUCLEO-WB55
2024-08-28 10:43:03,597 [INFO] BoardInfo:889 - No configuration file found for board STEVAL-BFA001V1B
2024-08-28 10:43:03,597 [INFO] DbBoards:161 - Kit is not supported: STEVAL-BFA001V1B
2024-08-28 10:43:03,598 [INFO] BoardInfo:889 - No configuration file found for board STEVAL-BFA001V2B
2024-08-28 10:43:03,598 [INFO] DbBoards:161 - Kit is not supported: STEVAL-BFA001V2B
2024-08-28 10:43:03,684 [INFO] DbBoards:168 - Found 201 boards, 198 are supported
2024-08-28 10:43:03,684 [INFO] DbBoards:169 - Found 201 boards, 25 of them is supported for  Bsp
2024-08-28 10:43:03,687 [INFO] ApiDb:668 - CubeFinder database Data Model version=2.1
2024-08-28 10:43:03,687 [INFO] ApiDb:669 - CubeFinder database Configuration version=3.0.39
2024-08-28 10:43:03,687 [INFO] ApiDb:670 - CubeFinder database generation date=2024-08-06 (1722941618)
2024-08-28 10:43:03,687 [INFO] ApiDb:671 - CubeFinder database FW Pack versions=[FP-ATR-ASTRA1_V2.0.0, FP-SNS-FLIGHT1_V5.0.2, FP-SNS-MOTENV1_V5.0.0, FP-SNS-MOTENVWB1_V1.4.0, FP-SNS-SMARTAG2_V1.2.0, FP-SNS-STBOX1_V2.0.0, STM32Cube_FW_C0_V1.2.0, STM32Cube_FW_F4_V1.28.0, STM32Cube_FW_F7_V1.17.2, STM32Cube_FW_G0_V1.6.2, STM32Cube_FW_G4_V1.6.0, STM32Cube_FW_H5_V1.3.0, STM32Cube_FW_H7RS_V1.1.0, STM32Cube_FW_H7_V1.11.2, STM32Cube_FW_L0_V1.12.2, STM32Cube_FW_L5_V1.5.1, STM32Cube_FW_U0_V1.1.0, STM32Cube_FW_U5_V1.6.0, STM32Cube_FW_WB0_V1.0.0, STM32Cube_FW_WBA_V1.4.1, STM32Cube_FW_WB_V1.20.0, STM32Cube_FW_WL_V1.3.0, X-CUBE-ALGOBUILD_V1.4.0, X-CUBE-ALS_V1.0.2, X-CUBE-AZRTOS-F4_V1.1.0, X-CUBE-AZRTOS-F7_V1.1.0, X-CUBE-AZRTOS-G0_V1.1.0, X-CUBE-AZRTOS-G4_V2.0.0, X-CUBE-AZRTOS-H7RS_V1.0.0, X-CUBE-AZRTOS-H7_V3.2.0, X-CUBE-AZRTOS-L4_V2.0.0, X-CUBE-AZRTOS-L5_V1.1.0, X-CUBE-AZRTOS-WB_V2.0.0, X-CUBE-AZRTOS-WL_V2.0.0, X-CUBE-BLE1_V7.0.0, X-CUBE-BLE2_V3.3.0, X-CUBE-BLEMGR_V3.1.0, X-CUBE-EEPRMA1_V5.1.0, X-CUBE-FREERTOS_V1.2.0, X-CUBE-GNSS1_V6.0.0, X-CUBE-MEMS1_V10.0.0, X-CUBE-NFC4_V3.0.0, X-CUBE-NFC7_V1.0.1, X-CUBE-SFXS2LP1_V4.0.0, X-CUBE-SUBG2_V5.0.0, X-CUBE-TOF1_V3.4.2]
2024-08-28 10:43:05,092 [INFO] ApiDb:240 - Found 646 in-development CPN: [B-G473E-ZEST1S, B-WB1M-WPAN1, B-WL5M-SUBG1, NUCLEO-C031C6, NUCLEO-C071RB, NUCLEO-H503RB, NUCLEO-H533RE, NUCLEO-H563ZI, NUCLEO-H7S3L8, NUCLEO-U031R8, NUCLEO-U083RC, NUCLEO-U545RE-Q, NUCLEO-U5A5ZJ-Q, NUCLEO-WB05KZ, NUCLEO-WB07CC, NUCLEO-WB09KE, NUCLEO-WBA52CG, NUCLEO-WBA55CG, STEVAL-PROTEUS1, STEVAL-SMARTAG2, STEVAL-STWINBX1, STM320518-EVAL, STM32C0116-DK, STM32C011D6Y3TR, STM32C011D6Y6TR, STM32C011F4P3, STM32C011F4P6, STM32C011F4U3, STM32C011F4U6TR, STM32C011F6P3, STM32C011F6P6, STM32C011F6U3, STM32C011F6U6TR, STM32C011J4M3, STM32C011J4M6, STM32C011J6M3, STM32C011J6M6, STM32C0316-DK, STM32C031C4T3, STM32C031C4T6, STM32C031C4U3, STM32C031C4U6, STM32C031C6T3, STM32C031C6T6, STM32C031C6U3, STM32C031C6U6, STM32C031F4P3, STM32C031F4P6, STM32C031F6P3, STM32C031F6P6, STM32C031G4U3, STM32C031G4U6, STM32C031G6U3, STM32C031G6U6, STM32C031K4T3, STM32C031K4T6, STM32C031K4U3, STM32C031K4U6, STM32C031K6T3, STM32C031K6T6, STM32C031K6U3, STM32C031K6U6, STM32C071C8T6, STM32C071C8T6N, STM32C071C8U6, STM32C071C8U6N, STM32C071CBT6, STM32C071CBT6N, STM32C071CBU6, STM32C071CBU6N, STM32C071F8P6, STM32C071F8P6N, STM32C071FBP6, STM32C071FBP6N, STM32C071FBY6TR, STM32C071G8U6, STM32C071G8U6N, STM32C071GBU6, STM32C071GBU6N, STM32C071K8T6, STM32C071K8T6N, STM32C071K8U6, STM32C071K8U6N, STM32C071KBT6, STM32C071KBT6N, STM32C071KBU6, STM32C071KBU6N, STM32C071R8T6, STM32C071R8T6N, STM32C071RBI6N, STM32C071RBT6, STM32C071RBT6N, STM32G071K8TXN, STM32G071K8UXN, STM32G081GBU6N, STM32G081KBT6N, STM32G081KBUXN, STM32G0B1CCT6N, STM32G0B1KCT6, STM32G0B1NEY6TR, STM32G0B1RCT6N, STM32G0C1CCT6, STM32G0C1CCT6N, STM32G0C1CCU6N, STM32G0C1CET6N, STM32G0C1CEU6N, STM32G0C1KCT6, STM32G0C1NEY6TR, STM32G0C1RCI6N, STM32G0C1RCT6N, STM32G0C1REI6N, STM32G0C1RET6N, STM32G0C1VCI6, STM32G0C1VEI6, STM32G411C6T3, STM32G411C6T6, STM32G411C6U3, STM32G411C6U6, STM32G411C8T3, STM32G411C8T6, STM32G411C8U3, STM32G411C8U6, STM32G411CBT3, STM32G411CBT6, STM32G411CBU3, STM32G411CBU6, STM32G411K6T3, STM32G411K6T6, STM32G411K6U3, STM32G411K6U6, STM32G411K8T3, STM32G411K8T6, STM32G411K8U3, STM32G411K8U6, STM32G411KBT3, STM32G411KBT6, STM32G411KBU3, STM32G411KBU6, STM32G411M6T3, STM32G411M6T6, STM32G411M8T3, STM32G411M8T6, STM32G411MBT3, STM32G411MBT6, STM32G411R6T3, STM32G411R6T6, STM32G411R8T3, STM32G411R8T6, STM32G411RBT3, STM32G411RBT6, STM32G414CBT3, STM32G414CBT6, STM32G414CBU3, STM32G414CBU6, STM32G414CCT3, STM32G414CCT6, STM32G414CCU3, STM32G414CCU6, STM32G414MBT3, STM32G414MBT6, STM32G414MCT3, STM32G414MCT6, STM32G414RBT3, STM32G414RBT6, STM32G414RCT3, STM32G414RCT6, STM32G414VBT3, STM32G414VBT6, STM32G414VCT3, STM32G414VCT6, STM32G431CBT3Z, STM32G431RBT3Z, STM32G471CCT6, STM32G471CCU6, STM32G471CET3, STM32G471CET6, STM32G471CEU3, STM32G471CEU6, STM32G471MCT6, STM32G471MET3, STM32G471MET6, STM32G471MEY6TR, STM32G471QCT6, STM32G471QET3, STM32G471RCT6, STM32G471RET3, STM32G471RET6, STM32G471VCH6, STM32G471VCI6, STM32G471VCT6, STM32G471VEH3, STM32G471VEH6, STM32G471VEI3, STM32G471VEI6, STM32G471VET3, STM32G471VET6, STM32G473QET3Z, STM32G473RET3Z, STM32G474CCT6, STM32G491RET3Z, STM32H503CBT6, STM32H503CBU6, STM32H503EBY6TR, STM32H503KBU6, STM32H503RBT6, STM32H523CCT6, STM32H523CCU6, STM32H523CET6, STM32H523CEU6, STM32H523HEY6TR, STM32H523RCT6, STM32H523RET6, STM32H523VCI6, STM32H523VCT6, STM32H523VEI6, STM32H523VET6, STM32H523ZCJ6, STM32H523ZCT6, STM32H523ZEJ6, STM32H523ZET6, STM32H533CET6, STM32H533CEU6, STM32H533HEY6TR, STM32H533RET6, STM32H533VEI6, STM32H533VET6, STM32H533ZEJ6, STM32H533ZET6, STM32H562AGI6, STM32H562AII6, STM32H562IGK6, STM32H562IGT6, STM32H562IIK6, STM32H562IIT6, STM32H562RGT6, STM32H562RGV6, STM32H562RIT6, STM32H562RIV6, STM32H562VGT6, STM32H562VIT6, STM32H562ZGT6, STM32H562ZIT6, STM32H563AGI6, STM32H563AII3Q, STM32H563AII6, STM32H563IGK6, STM32H563IGT6, STM32H563IIK3Q, STM32H563IIK6, STM32H563IIT3Q, STM32H563IIT6, STM32H563MIY3QTR, STM32H563RGT6, STM32H563RGV6, STM32H563RIT6, STM32H563RIV6, STM32H563VGT6, STM32H563VIT3Q, STM32H563VIT6, STM32H563ZGT6, STM32H563ZIT3Q, STM32H563ZIT6, STM32H573AII3Q, STM32H573AII6, STM32H573I-DK, STM32H573IIK3Q, STM32H573IIK6, STM32H573IIT3Q, STM32H573IIT6, STM32H573MIY3QTR, STM32H573RIT6, STM32H573RIV6, STM32H573VIT3Q, STM32H573VIT6, STM32H573ZIT3Q, STM32H573ZIT6, STM32H7R3A8I6, STM32H7R3I8K6, STM32H7R3I8T6, STM32H7R3L8H6, STM32H7R3L8H6H, STM32H7R3R8V6, STM32H7R3V8H6, STM32H7R3V8T6, STM32H7R3V8Y6TR, STM32H7R3Z8J6, STM32H7R3Z8T6, STM32H7R7A8I6, STM32H7R7I8K6, STM32H7R7I8T6, STM32H7R7L8H6, STM32H7R7L8H6H, STM32H7R7Z8J6, STM32H7S3A8I6, STM32H7S3I8K6, STM32H7S3I8T6, STM32H7S3L8H6, STM32H7S3L8H6H, STM32H7S3R8V6, STM32H7S3V8H6, STM32H7S3V8T6, STM32H7S3V8Y6TR, STM32H7S3Z8J6, STM32H7S3Z8T6, STM32H7S78-DK, STM32H7S7A8I6, STM32H7S7I8K6, STM32H7S7I8T6, STM32H7S7L8H6, STM32H7S7L8H6H, STM32H7S7Z8J6, STM32L4R5QGI6STR, STM32MP131AAE3, STM32MP131AAF3, STM32MP131AAG3, STM32MP131CAE3, STM32MP131CAF3, STM32MP131CAG3, STM32MP131DAE7, STM32MP131DAF7, STM32MP131DAG7, STM32MP131FAE7, STM32MP131FAF7, STM32MP131FAG7, STM32MP133AAE3, STM32MP133AAF3, STM32MP133AAG3, STM32MP133CAE3, STM32MP133CAF3, STM32MP133CAG3, STM32MP133DAE7, STM32MP133DAF7, STM32MP133DAG7, STM32MP133FAE7, STM32MP133FAF7, STM32MP133FAG7, STM32MP135AAE3, STM32MP135AAF3, STM32MP135AAG3, STM32MP135CAE3, STM32MP135CAF3, STM32MP135CAG3, STM32MP135DAE7, STM32MP135DAF7, STM32MP135DAG7, STM32MP135F-DK, STM32MP135FAE7, STM32MP135FAF7, STM32MP135FAF7T, STM32MP135FAF7U, STM32MP135FAG7, STM32MP251AAI3, STM32MP251AAK3, STM32MP251AAL3, STM32MP251CAI3, STM32MP251CAK3, STM32MP251CAL3, STM32MP251DAI3, STM32MP251DAK3, STM32MP251DAL3, STM32MP251FAI3, STM32MP251FAK3, STM32MP251FAL3, STM32MP253AAI3, STM32MP253AAK3, STM32MP253AAL3, STM32MP253CAI3, STM32MP253CAK3, STM32MP253CAL3, STM32MP253DAI3, STM32MP253DAK3, STM32MP253DAL3, STM32MP253FAI3, STM32MP253FAK3, STM32MP253FAL3, STM32MP255AAI3, STM32MP255AAK3, STM32MP255AAL3, STM32MP255CAI3, STM32MP255CAK3, STM32MP255CAL3, STM32MP255DAI3, STM32MP255DAK3, STM32MP255DAL3, STM32MP255FAI3, STM32MP255FAK3, STM32MP255FAL3, STM32MP257AAI3, STM32MP257AAK3, STM32MP257AAL3, STM32MP257CAI3, STM32MP257CAK3, STM32MP257CAL3, STM32MP257DAI3, STM32MP257DAK3, STM32MP257DAL3, STM32MP257F-DK, STM32MP257F-EV1, STM32MP257FAI3, STM32MP257FAK3, STM32MP257FAL3, STM32U031C6T6, STM32U031C6U6, STM32U031C8T6, STM32U031C8U6, STM32U031F4P6, STM32U031F6P6, STM32U031F8P6, STM32U031G6Y6TR, STM32U031G8Y6TR, STM32U031K4U6, STM32U031K6U6, STM32U031K8U6, STM32U031R6I6, STM32U031R6T6, STM32U031R8I6, STM32U031R8T6, STM32U073C8T6, STM32U073C8U6, STM32U073CBT6, STM32U073CBU6, STM32U073CCT6, STM32U073CCU6, STM32U073H8Y6TR, STM32U073HBY6TR, STM32U073HCY6TR, STM32U073K8U6, STM32U073KBU6, STM32U073KCU6, STM32U073M8I6, STM32U073M8T6, STM32U073MBI6, STM32U073MBT6, STM32U073MCI6, STM32U073MCT6, STM32U073R8I6, STM32U073R8T6, STM32U073RBI6, STM32U073RBT6, STM32U073RCI6, STM32U073RCT6, STM32U083C-DK, STM32U083CCT6, STM32U083CCU6, STM32U083HCY6TR, STM32U083KCU6, STM32U083MCI6, STM32U083MCT6, STM32U083RCI6, STM32U083RCT6, STM32U535CBT6, STM32U535CBT6Q, STM32U535CBU6, STM32U535CBU6Q, STM32U535CCT6, STM32U535CCT6Q, STM32U535CCU6, STM32U535CCU6Q, STM32U535CET6, STM32U535CET6Q, STM32U535CEU6, STM32U535CEU6Q, STM32U535JEY6QTR, STM32U535NCY6QTR, STM32U535NEY6QTR, STM32U535RBI6, STM32U535RBI6Q, STM32U535RBT6, STM32U535RBT6Q, STM32U535RCI6, STM32U535RCI6Q, STM32U535RCT6, STM32U535RCT6Q, STM32U535REI6, STM32U535REI6Q, STM32U535RET6, STM32U535RET6Q, STM32U535VCI6, STM32U535VCI6Q, STM32U535VCT6, STM32U535VCT6Q, STM32U535VEI6, STM32U535VEI6Q, STM32U535VET6, STM32U535VET6Q, STM32U545CET6, STM32U545CET6Q, STM32U545CEU6, STM32U545CEU6Q, STM32U545JEY6QTR, STM32U545NEY6QTR, STM32U545REI6, STM32U545REI6Q, STM32U545RET6, STM32U545RET6Q, STM32U545VEI6, STM32U545VEI6Q, STM32U545VET6, STM32U545VET6Q, STM32U595AIH6, STM32U595AIH6Q, STM32U595AJH6, STM32U595AJH6Q, STM32U595QII6, STM32U595QII6Q, STM32U595QJI6, STM32U595QJI6Q, STM32U595RIT6, STM32U595RIT6Q, STM32U595RJT6, STM32U595RJT6Q, STM32U595VIT6, STM32U595VIT6Q, STM32U595VJT6, STM32U595VJT6Q, STM32U595ZIT6, STM32U595ZIT6Q, STM32U595ZIY6QTR, STM32U595ZJT6, STM32U595ZJT6Q, STM32U595ZJY6QTR, STM32U599BJY6QTR, STM32U599NIH6Q, STM32U599NJH6Q, STM32U599VIT6Q, STM32U599VJT6, STM32U599VJT6Q, STM32U599ZIT6Q, STM32U599ZIY6QTR, STM32U599ZJT6Q, STM32U599ZJY6QTR, STM32U5A5AJH6, STM32U5A5AJH6Q, STM32U5A5QII3Q , STM32U5A5QJI6, STM32U5A5QJI6Q, STM32U5A5RJT6, STM32U5A5RJT6Q, STM32U5A5VJT6, STM32U5A5VJT6Q, STM32U5A5ZJT6, STM32U5A5ZJT6Q, STM32U5A5ZJY6QTR, STM32U5A9BJY6QTR, STM32U5A9J-DK, STM32U5A9NJH6Q, STM32U5A9VJT6Q, STM32U5A9ZJT6Q, STM32U5A9ZJY6QTR, STM32U5F7VIT6, STM32U5F7VIT6Q, STM32U5F7VJT6, STM32U5F7VJT6Q, STM32U5F9BJY6QTR, STM32U5F9NJH6Q, STM32U5F9VIT6Q, STM32U5F9VJT6Q, STM32U5F9ZIJ6QTR, STM32U5F9ZIT6Q, STM32U5F9ZJJ6QTR, STM32U5F9ZJT6Q, STM32U5G7VJT6, STM32U5G7VJT6Q, STM32U5G9BJY6QTR, STM32U5G9J-DK1, STM32U5G9J-DK2, STM32U5G9NJH6Q, STM32U5G9VJT6Q, STM32U5G9ZJJ6QTR, STM32U5G9ZJT6Q, STM32WB05KZV6TR, STM32WB05KZV7TR, STM32WB05TZF6TR, STM32WB05TZF7TR, STM32WB06CCF6TR, STM32WB06CCF7TR, STM32WB06CCV6TR, STM32WB06CCV7TR, STM32WB06KCV6TR, STM32WB06KCV7TR, STM32WB07CCF6TR, STM32WB07CCF7TR, STM32WB07CCV6TR, STM32WB07CCV7TR, STM32WB07KCV6TR, STM32WB07KCV7TR, STM32WB09KEV6TR, STM32WB09KEV7TR, STM32WB09TEF6TR, STM32WB09TEF7TR, STM32WB1MMCH6, STM32WBA50KGU6, STM32WBA50KGU6TR, STM32WBA52CEU6, STM32WBA52CEU6TR, STM32WBA52CEU7, STM32WBA52CEU7TR, STM32WBA52CGU6, STM32WBA52CGU6TR, STM32WBA52CGU6U, STM32WBA52CGU7, STM32WBA52CGU7TR, STM32WBA52KEU6, STM32WBA52KEU6TR, STM32WBA52KGU6, STM32WBA52KGU6TR, STM32WBA54CEU6, STM32WBA54CEU6TR, STM32WBA54CEU7, STM32WBA54CEU7TR, STM32WBA54CGU6, STM32WBA54CGU6TR, STM32WBA54CGU7, STM32WBA54CGU7TR, STM32WBA54KEU6, STM32WBA54KEU6TR, STM32WBA54KEU7, STM32WBA54KEU7TR, STM32WBA54KGU6, STM32WBA54KGU6TR, STM32WBA54KGU7, STM32WBA54KGU7TR, STM32WBA55CEU6, STM32WBA55CEU6TR, STM32WBA55CEU7, STM32WBA55CEU7TR, STM32WBA55CGU6, STM32WBA55CGU6TR, STM32WBA55CGU6U, STM32WBA55CGU7, STM32WBA55CGU7TR, STM32WBA55G-DK1, STM32WBA55HEF6, STM32WBA55HEF7, STM32WBA55HGF6, STM32WBA55HGF7, STM32WBA55UEI6, STM32WBA55UEI6TR, STM32WBA55UEI7, STM32WBA55UEI7TR, STM32WBA55UGI6, STM32WBA55UGI6TR, STM32WBA55UGI7, STM32WBA55UGI7TR, STM32WL5MOCH6, STM32WL5MOCH6TR]
2024-08-28 10:43:05,098 [INFO] DbMcus:218 - Found 4251 MCUs, 4251 are supported
2024-08-28 10:43:05,099 [INFO] ApiDb:423 - Load user favorites file C:\Users\jvmen/.stm32cubeide/favorites.mcus.txt: 0 item(s)
2024-08-28 10:43:05,099 [INFO] ApiDb:427 - User favorites MCUs=[]
2024-08-28 10:43:05,099 [INFO] DbMcus:224 - Set 0 / 0 favorites MCUs
2024-08-28 10:43:05,327 [INFO] ApiDb:423 - Load user favorites file C:\Users\jvmen/.stm32cubeide/favorites.boards.txt: 0 item(s)
2024-08-28 10:43:05,327 [INFO] ApiDb:427 - User favorites Boards=[]
2024-08-28 10:43:05,327 [INFO] DbBoards:198 - Set 0 / 0 favorites Boards
2024-08-28 10:43:05,428 [INFO] UtilMem:75 - End LoadConfig() Used Memory: 217968872 Bytes (448790528)
2024-08-28 10:43:05,549 [WARN] ThirdParty:833 - waiting for thirdparty lock release [change project]
2024-08-28 10:43:05,549 [INFO] ThirdParty:835 - entering critical section [change project]
2024-08-28 10:43:05,550 [INFO] ThirdParty:1030 - CMSIS Pack Vendor :STMicroelectronics USBPD 4.1
2024-08-28 10:43:05,550 [INFO] ThirdParty:1030 - CMSIS Pack Vendor :STMicroelectronics X-CUBE-AZRTOS-H7 3.3.0
2024-08-28 10:43:05,550 [INFO] ThirdParty:1030 - CMSIS Pack Vendor :STMicroelectronics X-CUBE-GNSS1 6.0.0
2024-08-28 10:43:05,550 [INFO] ThirdParty:1030 - CMSIS Pack Vendor :STMicroelectronics USB_HOST 2.0.0
2024-08-28 10:43:05,550 [INFO] ThirdParty:1030 - CMSIS Pack Vendor :STMicroelectronics FP-SNS-MOTENVWB1 1.4.0
2024-08-28 10:43:05,550 [INFO] ThirdParty:1030 - CMSIS Pack Vendor :STMicroelectronics X-CUBE-AZRTOS-F4 1.1.0
2024-08-28 10:43:05,550 [INFO] ThirdParty:1030 - CMSIS Pack Vendor :STMicroelectronics LIBJPEG 8.0.0
2024-08-28 10:43:05,550 [INFO] ThirdParty:1030 - CMSIS Pack Vendor :STMicroelectronics X-CUBE-SMBUS 2.1.0
2024-08-28 10:43:05,550 [INFO] ThirdParty:1030 - CMSIS Pack Vendor :STMicroelectronics USB_DEVICE 3.0.0
2024-08-28 10:43:05,550 [INFO] ThirdParty:1030 - CMSIS Pack Vendor :STMicroelectronics X-CUBE-TCPP 4.1.0
2024-08-28 10:43:05,550 [INFO] ThirdParty:1030 - CMSIS Pack Vendor :STMicroelectronics X-CUBE-FREERTOS 1.2.0
2024-08-28 10:43:05,550 [INFO] ThirdParty:1030 - CMSIS Pack Vendor :STMicroelectronics X-CUBE-AZRTOS-WB 2.0.0
2024-08-28 10:43:05,550 [INFO] ThirdParty:1030 - CMSIS Pack Vendor :wolfSSL I-CUBE-wolfSSL 5.6.6
2024-08-28 10:43:05,550 [INFO] ThirdParty:1030 - CMSIS Pack Vendor :STMicroelectronics X-CUBE-TOUCHGFX 4.23.1
2024-08-28 10:43:05,550 [INFO] ThirdParty:1030 - CMSIS Pack Vendor :STMicroelectronics X-CUBE-TOUCHGFX 4.23.0
2024-08-28 10:43:05,550 [INFO] ThirdParty:1030 - CMSIS Pack Vendor :STMicroelectronics X-CUBE-TOUCHGFX 4.23.2
2024-08-28 10:43:05,550 [INFO] ThirdParty:1030 - CMSIS Pack Vendor :STMicroelectronics X-CUBE-AZRTOS-F7 1.1.0
2024-08-28 10:43:05,550 [INFO] ThirdParty:1030 - CMSIS Pack Vendor :STMicroelectronics X-CUBE-AZRTOS-L5 2.0.0
2024-08-28 10:43:05,550 [INFO] ThirdParty:1030 - CMSIS Pack Vendor :STMicroelectronics USB_DEVICE 2.0.0
2024-08-28 10:43:05,550 [INFO] ThirdParty:1030 - CMSIS Pack Vendor :STMicroelectronics X-CUBE-NFC6 3.1.0
2024-08-28 10:43:05,550 [INFO] ThirdParty:1030 - CMSIS Pack Vendor :ITTIA_DB I-CUBE-ITTIADB 8.8.0
2024-08-28 10:43:05,550 [INFO] ThirdParty:1030 - CMSIS Pack Vendor :STMicroelectronics FP-SNS-STBOX1 2.0.0
2024-08-28 10:43:05,550 [INFO] ThirdParty:1030 - CMSIS Pack Vendor :STMicroelectronics FP-SNS-MOTENV1 4.3.2
2024-08-28 10:43:05,550 [INFO] ThirdParty:1030 - CMSIS Pack Vendor :STMicroelectronics X-CUBE-ALGOBUILD 1.3.0
2024-08-28 10:43:05,550 [INFO] ThirdParty:1030 - CMSIS Pack Vendor :STMicroelectronics X-CUBE-MEMS1 11.0.0
2024-08-28 10:43:05,550 [INFO] ThirdParty:1030 - CMSIS Pack Vendor :STMicroelectronics FreeRTOS 0.0.1
2024-08-28 10:43:05,550 [INFO] ThirdParty:1030 - CMSIS Pack Vendor :STMicroelectronics X-CUBE-AZRTOS-G0 1.1.0
2024-08-28 10:43:05,550 [INFO] ThirdParty:1030 - CMSIS Pack Vendor :STMicroelectronics X-CUBE-SAFEA1 1.2.2
2024-08-28 10:43:05,550 [INFO] ThirdParty:1030 - CMSIS Pack Vendor :STMicroelectronics X-CUBE-NFC4 3.0.0
2024-08-28 10:43:05,550 [INFO] ThirdParty:1030 - CMSIS Pack Vendor :STMicroelectronics X-CUBE-DPower 1.2.0
2024-08-28 10:43:05,550 [INFO] ThirdParty:1030 - CMSIS Pack Vendor :STMicroelectronics X-CUBE-SUBG2 5.0.0
2024-08-28 10:43:05,550 [INFO] ThirdParty:1030 - CMSIS Pack Vendor :STMicroelectronics STM32_WPAN 1.0.0
2024-08-28 10:43:05,550 [INFO] ThirdParty:1030 - CMSIS Pack Vendor :EmbeddedOffice I-CUBE-FS-RTOS 1.0.1
2024-08-28 10:43:05,550 [INFO] ThirdParty:1030 - CMSIS Pack Vendor :STMicroelectronics lwIP 2.0.3
2024-08-28 10:43:05,550 [INFO] ThirdParty:1030 - CMSIS Pack Vendor :STMicroelectronics FP-SNS-FLIGHT1 5.0.2
2024-08-28 10:43:05,550 [INFO] ThirdParty:1030 - CMSIS Pack Vendor :STMicroelectronics USB_HOST 1.0.0
2024-08-28 10:43:05,550 [INFO] ThirdParty:1030 - CMSIS Pack Vendor :STMicroelectronics X-CUBE-AI 9.0.0
2024-08-28 10:43:05,550 [INFO] ThirdParty:1030 - CMSIS Pack Vendor :STMicroelectronics X-CUBE-AZRTOS-G4 2.0.0
2024-08-28 10:43:05,550 [INFO] ThirdParty:1030 - CMSIS Pack Vendor :STMicroelectronics PDM2PCM 3.1.0
2024-08-28 10:43:05,550 [INFO] ThirdParty:1030 - CMSIS Pack Vendor :Infineon AIROC-Wi-Fi-Bluetooth-STM32 1.5.1
2024-08-28 10:43:05,550 [INFO] ThirdParty:1030 - CMSIS Pack Vendor :STMicroelectronics PDM2PCM 3.3.0
2024-08-28 10:43:05,550 [INFO] ThirdParty:1030 - CMSIS Pack Vendor :STMicroelectronics X-CUBE-DISPLAY 3.0.0
2024-08-28 10:43:05,550 [INFO] ThirdParty:1030 - CMSIS Pack Vendor :RealThread X-CUBE-RT-Thread_Nano 4.1.1
2024-08-28 10:43:05,550 [INFO] ThirdParty:1030 - CMSIS Pack Vendor :STMicroelectronics FP-SNS-MOTENVWB1 1.3.1
2024-08-28 10:43:05,550 [INFO] ThirdParty:1030 - CMSIS Pack Vendor :STMicroelectronics X-CUBE-BLE1 7.0.0
2024-08-28 10:43:05,550 [INFO] ThirdParty:1030 - CMSIS Pack Vendor :STMicroelectronics FP-ATR-SIGFOX1 3.2.0
2024-08-28 10:43:05,550 [INFO] ThirdParty:1030 - CMSIS Pack Vendor :STMicroelectronics X-CUBE-ISPU 2.0.0
2024-08-28 10:43:05,550 [INFO] ThirdParty:1030 - CMSIS Pack Vendor :STMicroelectronics X-CUBE-EEPRMA1 5.1.0
2024-08-28 10:43:05,550 [INFO] ThirdParty:1030 - CMSIS Pack Vendor :STMicroelectronics HAL Drivers 0.0.0
2024-08-28 10:43:05,550 [INFO] ThirdParty:1030 - CMSIS Pack Vendor :STMicroelectronics MBEDTLS 2.16.2
2024-08-28 10:43:05,550 [INFO] ThirdParty:1030 - CMSIS Pack Vendor :STMicroelectronics X-CUBE-ALS 1.0.2
2024-08-28 10:43:05,550 [INFO] ThirdParty:1030 - CMSIS Pack Vendor :emotas I-CUBE-CANOPEN 1.3.0
2024-08-28 10:43:05,550 [INFO] ThirdParty:1030 - CMSIS Pack Vendor :STMicroelectronics X-CUBE-MEMS1 10.0.0
2024-08-28 10:43:05,551 [INFO] ThirdParty:1030 - CMSIS Pack Vendor :STMicroelectronics X-CUBE-FREERTOS 1.1.0
2024-08-28 10:43:05,551 [INFO] ThirdParty:1030 - CMSIS Pack Vendor :STMicroelectronics X-CUBE-NFC7 1.0.1
2024-08-28 10:43:05,551 [INFO] ThirdParty:1030 - CMSIS Pack Vendor :STMicroelectronics MBEDTLS 2.14.1
2024-08-28 10:43:05,551 [INFO] ThirdParty:1030 - CMSIS Pack Vendor :STMicroelectronics X-CUBE-TOUCHGFX 4.24.0
2024-08-28 10:43:05,551 [INFO] ThirdParty:1030 - CMSIS Pack Vendor :STMicroelectronics X-CUBE-NFC6 3.0.0
2024-08-28 10:43:05,551 [INFO] ThirdParty:1030 - CMSIS Pack Vendor :wolfSSL I-CUBE-wolfTPM 3.4.0
2024-08-28 10:43:05,551 [INFO] ThirdParty:1030 - CMSIS Pack Vendor :portGmbH I-Cube-SoM-uGOAL 1.1.0
2024-08-28 10:43:05,551 [INFO] ThirdParty:1030 - CMSIS Pack Vendor :STMicroelectronics X-CUBE-ALS 1.0.1
2024-08-28 10:43:05,551 [INFO] ThirdParty:1030 - CMSIS Pack Vendor :STMicroelectronics X-CUBE-BLEMGR 3.1.0
2024-08-28 10:43:05,551 [INFO] ThirdParty:1030 - CMSIS Pack Vendor :STMicroelectronics ThreadX 1.0.0
2024-08-28 10:43:05,551 [INFO] ThirdParty:1030 - CMSIS Pack Vendor :STMicroelectronics FP-SNS-SMARTAG2 1.2.0
2024-08-28 10:43:05,551 [INFO] ThirdParty:1030 - CMSIS Pack Vendor :STMicroelectronics X-CUBE-AZRTOS-WL 2.0.0
2024-08-28 10:43:05,551 [INFO] ThirdParty:1030 - CMSIS Pack Vendor :SEGGER I-CUBE-embOS 1.3.1
2024-08-28 10:43:05,551 [INFO] ThirdParty:1030 - CMSIS Pack Vendor :STMicroelectronics X-CUBE-ALGOBUILD 1.4.0
2024-08-28 10:43:05,551 [INFO] ThirdParty:1030 - CMSIS Pack Vendor :STMicroelectronics FP-SNS-MOTENV1 5.0.0
2024-08-28 10:43:05,551 [INFO] ThirdParty:1030 - CMSIS Pack Vendor :STMicroelectronics USB_DEVICE 1.0.0
2024-08-28 10:43:05,551 [INFO] ThirdParty:1030 - CMSIS Pack Vendor :STMicroelectronics X-CUBE-AI 8.1.0
2024-08-28 10:43:05,551 [INFO] ThirdParty:1030 - CMSIS Pack Vendor :STMicroelectronics X-CUBE-AZRTOS-H7RS 1.0.0
2024-08-28 10:43:05,551 [INFO] ThirdParty:1030 - CMSIS Pack Vendor :wolfSSL I-CUBE-wolfMQTT 1.19.0
2024-08-28 10:43:05,551 [INFO] ThirdParty:1030 - CMSIS Pack Vendor :STMicroelectronics X-CUBE-AZRTOS-L4 2.0.0
2024-08-28 10:43:05,551 [INFO] ThirdParty:1030 - CMSIS Pack Vendor :STMicroelectronics ThreadX 0.0.2
2024-08-28 10:43:05,551 [INFO] ThirdParty:1030 - CMSIS Pack Vendor :WES I-CUBE-Cesium 1.3.0
2024-08-28 10:43:05,551 [INFO] ThirdParty:1030 - CMSIS Pack Vendor :STMicroelectronics FP-ATR-ASTRA1 2.0.0
2024-08-28 10:43:05,551 [INFO] ThirdParty:1030 - CMSIS Pack Vendor :STMicroelectronics lwIP 2.1.2
2024-08-28 10:43:05,551 [INFO] ThirdParty:1030 - CMSIS Pack Vendor :STMicroelectronics X-CUBE-SFXS2LP1 4.0.0
2024-08-28 10:43:05,551 [INFO] ThirdParty:1030 - CMSIS Pack Vendor :STMicroelectronics X-CUBE-BLE2 3.3.0
2024-08-28 10:43:05,551 [INFO] ThirdParty:1030 - CMSIS Pack Vendor :STMicroelectronics X-CUBE-TOF1 3.4.2
2024-08-28 10:43:05,551 [INFO] ThirdParty:1030 - CMSIS Pack Vendor :STMicroelectronics X-CUBE-TOF1 3.4.1
2024-08-28 10:43:05,551 [INFO] ThirdParty:1030 - CMSIS Pack Vendor :STMicroelectronics X-CUBE-AZRTOS-H7 3.2.0
2024-08-28 10:43:05,551 [INFO] ThirdParty:1030 - CMSIS Pack Vendor :STMicroelectronics PDM2PCM 3.2.0
2024-08-28 10:43:05,551 [INFO] ThirdParty:1030 - CMSIS Pack Vendor :wolfSSL I-CUBE-wolfSSH 1.4.17
2024-08-28 10:43:05,551 [INFO] ThirdParty:841 - exiting critical section [change project]
2024-08-28 10:43:05,995 [INFO] PinOutPanel:1561 - setPackage(No Configuration,No Configuration)
2024-08-28 10:43:05,996 [INFO] PinOutPanel:1561 - setPackage(STM32G474RETx,LQFP64)
2024-08-28 10:43:06,380 [INFO] UtilMem:75 - Before build in PCC Used Memory: 358969408 Bytes (448790528)
2024-08-28 10:43:07,237 [INFO] UtilMem:75 - After build in PCC Used Memory: 324354872 Bytes (448790528)
2024-08-28 10:43:07,262 [INFO] IPUIPlugin:80 - create IPUIPlugin
2024-08-28 10:43:07,262 [INFO] IPUIPlugin:80 - create IPUIPlugin
2024-08-28 10:43:07,263 [INFO] IPUIPlugin:80 - create IPUIPlugin
2024-08-28 10:43:07,263 [INFO] IPUIPlugin:80 - create IPUIPlugin
2024-08-28 10:43:07,263 [INFO] IPUIPlugin:80 - create IPUIPlugin
2024-08-28 10:43:07,263 [INFO] IPUIPlugin:80 - create IPUIPlugin
2024-08-28 10:43:07,263 [INFO] IPUIPlugin:80 - create IPUIPlugin
2024-08-28 10:43:07,263 [INFO] IPUIPlugin:80 - create IPUIPlugin
2024-08-28 10:43:07,263 [INFO] IPUIPlugin:80 - create IPUIPlugin
2024-08-28 10:43:07,263 [INFO] IPUIPlugin:80 - create IPUIPlugin
2024-08-28 10:43:07,263 [INFO] IPUIPlugin:80 - create IPUIPlugin
2024-08-28 10:43:07,263 [INFO] IPUIPlugin:80 - create IPUIPlugin
2024-08-28 10:43:07,263 [INFO] IPUIPlugin:80 - create IPUIPlugin
2024-08-28 10:43:07,263 [INFO] IPUIPlugin:80 - create IPUIPlugin
2024-08-28 10:43:07,263 [INFO] IPUIPlugin:80 - create IPUIPlugin
2024-08-28 10:43:07,263 [INFO] IPUIPlugin:80 - create IPUIPlugin
2024-08-28 10:43:07,264 [INFO] IPUIPlugin:80 - create IPUIPlugin
2024-08-28 10:43:07,264 [INFO] IPUIPlugin:80 - create IPUIPlugin
2024-08-28 10:43:07,264 [INFO] IPUIPlugin:80 - create IPUIPlugin
2024-08-28 10:43:07,264 [INFO] IPUIPlugin:80 - create IPUIPlugin
2024-08-28 10:43:07,264 [INFO] IPUIPlugin:80 - create IPUIPlugin
2024-08-28 10:43:07,264 [INFO] IPUIPlugin:80 - create IPUIPlugin
2024-08-28 10:43:07,264 [INFO] IPUIPlugin:80 - create IPUIPlugin
2024-08-28 10:43:07,264 [INFO] IPUIPlugin:80 - create IPUIPlugin
2024-08-28 10:43:07,265 [INFO] IPUIPlugin:80 - create IPUIPlugin
2024-08-28 10:43:07,265 [INFO] IPUIPlugin:80 - create IPUIPlugin
2024-08-28 10:43:07,266 [INFO] IPUIPlugin:80 - create IPUIPlugin
2024-08-28 10:43:07,266 [INFO] IPUIPlugin:80 - create IPUIPlugin
2024-08-28 10:43:07,266 [INFO] IPUIPlugin:80 - create IPUIPlugin
2024-08-28 10:43:07,266 [INFO] IPUIPlugin:80 - create IPUIPlugin
2024-08-28 10:43:07,266 [INFO] IPUIPlugin:80 - create IPUIPlugin
2024-08-28 10:43:07,266 [INFO] IPUIPlugin:80 - create IPUIPlugin
2024-08-28 10:43:07,267 [INFO] IPUIPlugin:80 - create IPUIPlugin
2024-08-28 10:43:07,267 [INFO] IPUIPlugin:80 - create IPUIPlugin
2024-08-28 10:43:07,267 [INFO] IPUIPlugin:80 - create IPUIPlugin
2024-08-28 10:43:07,267 [INFO] IPUIPlugin:80 - create IPUIPlugin
2024-08-28 10:43:07,267 [INFO] IPUIPlugin:80 - create IPUIPlugin
2024-08-28 10:43:07,267 [INFO] IPUIPlugin:80 - create IPUIPlugin
2024-08-28 10:43:07,267 [INFO] IPUIPlugin:80 - create IPUIPlugin
2024-08-28 10:43:07,268 [INFO] IPUIPlugin:80 - create IPUIPlugin
2024-08-28 10:43:07,268 [INFO] IPUIPlugin:80 - create IPUIPlugin
2024-08-28 10:43:07,268 [INFO] IPUIPlugin:80 - create IPUIPlugin
2024-08-28 10:43:07,268 [INFO] IPUIPlugin:80 - create IPUIPlugin
2024-08-28 10:43:07,268 [INFO] IPUIPlugin:80 - create IPUIPlugin
2024-08-28 10:43:07,268 [INFO] IPUIPlugin:80 - create IPUIPlugin
2024-08-28 10:43:07,268 [INFO] IPUIPlugin:80 - create IPUIPlugin
2024-08-28 10:43:07,268 [INFO] IPUIPlugin:80 - create IPUIPlugin
2024-08-28 10:43:07,268 [INFO] IPUIPlugin:80 - create IPUIPlugin
2024-08-28 10:43:07,269 [INFO] IPUIPlugin:80 - create IPUIPlugin
2024-08-28 10:43:07,269 [INFO] IPUIPlugin:80 - create IPUIPlugin
2024-08-28 10:43:07,269 [INFO] IPUIPlugin:80 - create IPUIPlugin
2024-08-28 10:43:07,269 [INFO] IPUIPlugin:80 - create IPUIPlugin
2024-08-28 10:43:07,270 [INFO] IPUIPlugin:80 - create IPUIPlugin
2024-08-28 10:43:07,270 [INFO] IPUIPlugin:80 - create IPUIPlugin
2024-08-28 10:43:07,270 [INFO] IPUIPlugin:80 - create IPUIPlugin
2024-08-28 10:43:07,270 [INFO] IPUIPlugin:80 - create IPUIPlugin
2024-08-28 10:43:07,270 [INFO] IPUIPlugin:80 - create IPUIPlugin
2024-08-28 10:43:07,270 [INFO] IPUIPlugin:80 - create IPUIPlugin
2024-08-28 10:43:07,270 [INFO] IPUIPlugin:80 - create IPUIPlugin
2024-08-28 10:43:07,270 [INFO] IPUIPlugin:80 - create IPUIPlugin
2024-08-28 10:43:07,271 [INFO] IPUIPlugin:80 - create IPUIPlugin
2024-08-28 10:43:07,271 [INFO] IPUIPlugin:80 - create IPUIPlugin
2024-08-28 10:43:07,271 [INFO] IPUIPlugin:80 - create IPUIPlugin
2024-08-28 10:43:07,271 [INFO] IPUIPlugin:80 - create IPUIPlugin
2024-08-28 10:43:07,271 [INFO] IPUIPlugin:80 - create IPUIPlugin
2024-08-28 10:43:07,271 [INFO] IPUIPlugin:80 - create IPUIPlugin
2024-08-28 10:43:07,271 [INFO] IPUIPlugin:80 - create IPUIPlugin
2024-08-28 10:43:07,272 [INFO] IPUIPlugin:80 - create IPUIPlugin
2024-08-28 10:43:07,272 [INFO] IPUIPlugin:80 - create IPUIPlugin
2024-08-28 10:43:07,272 [INFO] IPUIPlugin:80 - create IPUIPlugin
2024-08-28 10:43:07,272 [INFO] IPUIPlugin:80 - create IPUIPlugin
2024-08-28 10:43:07,272 [INFO] IPUIPlugin:80 - create IPUIPlugin
2024-08-28 10:43:07,274 [INFO] IPUIPlugin:80 - create IPUIPlugin
2024-08-28 10:43:07,275 [INFO] IPUIPlugin:80 - create IPUIPlugin
2024-08-28 10:43:07,275 [INFO] IPUIPlugin:80 - create IPUIPlugin
2024-08-28 10:43:07,275 [INFO] IPUIPlugin:80 - create IPUIPlugin
2024-08-28 10:43:07,275 [INFO] IPUIPlugin:80 - create IPUIPlugin
2024-08-28 10:43:07,276 [INFO] IPUIPlugin:80 - create IPUIPlugin
2024-08-28 10:43:07,502 [INFO] CADModel:165 - CPN selected for project levelSTM32G474RET6
2024-08-28 10:43:07,502 [INFO] CADModel:114 - Register for checkConnection events
2024-08-28 10:43:07,563 [INFO] OpenFileManager:363 - Restore cursor
2024-08-28 10:45:37,072 [INFO] NvicIntPanel:101 - NVIC parent = com.st.microxplorer.plugins.ip.nvic.MultiNvicIntPanel[,0,0,0x0,invalid,layout=javax.swing.BoxLayout,alignmentX=0.0,alignmentY=0.0,border=,flags=9,maximumSize=,minimumSize=,preferredSize=]
2024-08-28 10:47:29,500 [INFO] UtilMem:75 - End SaveConfig() Used Memory: 785814960 Bytes (1073741824)
2024-08-28 10:47:32,543 [INFO] UtilMem:75 - End SaveConfig() Used Memory: 900661608 Bytes (1073741824)
2024-08-28 10:47:33,124 [INFO] BlockDiagram:2766 - set Specific Code input for plugin: SYS
2024-08-28 10:47:33,124 [INFO] BlockDiagram:2766 - set Specific Code input for plugin: RCC
2024-08-28 10:47:33,124 [INFO] BlockDiagram:2766 - set Specific Code input for plugin: LPUART
2024-08-28 10:47:33,124 [INFO] BlockDiagram:2766 - set Specific Code input for plugin: NVIC
2024-08-28 10:47:33,124 [INFO] BlockDiagram:2766 - set Specific Code input for plugin: USART
2024-08-28 10:47:33,125 [INFO] BlockDiagram:2766 - set Specific Code input for plugin: GPIO
2024-08-28 10:47:33,127 [INFO] CodeGenerator:807 - code generatio: config db path: C:\ST\STM32CubeIDE_1.16.0\STM32CubeIDE\plugins\com.st.stm32cube.common.mx_6.12.0.202406281431\\db\
2024-08-28 10:47:33,404 [INFO] CodeEngine:255 - oldGeneratedFile, C:\Users\jvmen\Documents\ES070-2024-GrupoA2\codes\Carro Seguidor\MXTmpFiles\license.tmp_save
2024-08-28 10:47:33,792 [INFO] CodeEngine:279 - Generated code: C:\Users\jvmen\Documents\ES070-2024-GrupoA2\codes\Carro Seguidor\MXTmpFiles\license.tmp
2024-08-28 10:47:33,899 [INFO] CodeEngine:255 - oldGeneratedFile, C:\Users\jvmen\Documents\ES070-2024-GrupoA2\codes\Carro Seguidor\MXTmpFiles\gpio.tmp_save
2024-08-28 10:47:34,032 [INFO] CodeEngine:279 - Generated code: C:\Users\jvmen\Documents\ES070-2024-GrupoA2\codes\Carro Seguidor\MXTmpFiles\gpio.tmp
2024-08-28 10:47:34,217 [INFO] CodeEngine:255 - oldGeneratedFile, C:\Users\jvmen\Documents\ES070-2024-GrupoA2\codes\Carro Seguidor\Core\Src\stm32g4xx_it.c_save
2024-08-28 10:47:34,343 [INFO] CodeEngine:279 - Generated code: C:\Users\jvmen\Documents\ES070-2024-GrupoA2\codes\Carro Seguidor\Core\Src\stm32g4xx_it.c
2024-08-28 10:47:34,362 [INFO] CodeEngine:255 - oldGeneratedFile, C:\Users\jvmen\Documents\ES070-2024-GrupoA2\codes\Carro Seguidor\Core\Inc\stm32g4xx_it.h_save
2024-08-28 10:47:34,457 [INFO] CodeEngine:279 - Generated code: C:\Users\jvmen\Documents\ES070-2024-GrupoA2\codes\Carro Seguidor\Core\Inc\stm32g4xx_it.h
2024-08-28 10:47:34,495 [INFO] CodeEngine:255 - oldGeneratedFile, C:\Users\jvmen\Documents\ES070-2024-GrupoA2\codes\Carro Seguidor\Core\Src\stm32g4xx_hal_msp.c_save
2024-08-28 10:47:34,646 [INFO] CodeEngine:279 - Generated code: C:\Users\jvmen\Documents\ES070-2024-GrupoA2\codes\Carro Seguidor\Core\Src\stm32g4xx_hal_msp.c
2024-08-28 10:47:34,658 [INFO] CodeEngine:255 - oldGeneratedFile, C:\Users\jvmen\Documents\ES070-2024-GrupoA2\codes\Carro Seguidor\MXTmpFiles\system.tmp_save
2024-08-28 10:47:34,722 [INFO] CodeEngine:279 - Generated code: C:\Users\jvmen\Documents\ES070-2024-GrupoA2\codes\Carro Seguidor\MXTmpFiles\system.tmp
2024-08-28 10:47:34,753 [INFO] CodeEngine:311 - oldGeneratedFile, C:\Users\jvmen\Documents\ES070-2024-GrupoA2\codes\Carro Seguidor\Core\Inc\stm32g4xx_hal_conf.h_save
2024-08-28 10:47:34,840 [INFO] CodeEngine:335 - Generated code: C:\Users\jvmen\Documents\ES070-2024-GrupoA2\codes\Carro Seguidor\Core\Inc\stm32g4xx_hal_conf.h
2024-08-28 10:47:34,867 [WARN] IPConfigManager:3005 - Warning: the RefConfig RCC_CommonPeriphClockConfig is not available in your config.xml file
2024-08-28 10:47:34,901 [INFO] CodeEngine:255 - oldGeneratedFile, C:\Users\jvmen\Documents\ES070-2024-GrupoA2\codes\Carro Seguidor\Core\Inc\main.h_save
2024-08-28 10:47:35,016 [INFO] CodeEngine:279 - Generated code: C:\Users\jvmen\Documents\ES070-2024-GrupoA2\codes\Carro Seguidor\Core\Inc\main.h
2024-08-28 10:47:35,036 [INFO] CodeEngine:255 - oldGeneratedFile, C:\Users\jvmen\Documents\ES070-2024-GrupoA2\codes\Carro Seguidor\Core\Src\main.c_save
2024-08-28 10:47:35,190 [INFO] CodeEngine:279 - Generated code: C:\Users\jvmen\Documents\ES070-2024-GrupoA2\codes\Carro Seguidor\Core\Src\main.c
2024-08-28 10:47:35,487 [INFO] ProjectBuilder:3249 - Time for Copy HAL[1] : 195mS.
2024-08-28 10:47:35,495 [INFO] ProjectBuilder:4828 - Project Generator version: 4.4.0-B60
2024-08-28 10:47:35,553 [INFO] ConfigFileManager:1531 - The Die is : DIE469
2024-08-28 10:47:35,565 [INFO] ApiDbMcu:508 - Load IP Config File for FATFS
2024-08-28 10:47:35,577 [INFO] ApiDbMcu:508 - Load IP Config File for FREERTOS
2024-08-28 10:47:35,588 [INFO] ApiDbMcu:508 - Load IP Config File for USBPD
2024-08-28 10:47:35,607 [INFO] ApiDbMcu:508 - Load IP Config File for USB_Device
2024-08-28 10:47:36,151 [INFO] LogOutputStream:77 - [STDOUT_REDIRECT] 
2024-08-28 10:47:37,411 [INFO] ProjectBuilder:5097 - Time for Generating toolchain IDE Files: 1916mS.
2024-08-28 10:47:37,412 [INFO] ProjectBuilder:3107 - Time for Copy CMSIS : 1mS.
2024-08-28 10:47:37,413 [INFO] ProjectBuilder:3107 - Time for Copy CMSIS : 0mS.
2024-08-28 10:50:15,452 [INFO] UtilMem:75 - End SaveConfig() Used Memory: 816062272 Bytes (1073741824)
2024-08-28 10:50:15,587 [INFO] BlockDiagram:2766 - set Specific Code input for plugin: SYS
2024-08-28 10:50:15,587 [INFO] BlockDiagram:2766 - set Specific Code input for plugin: RCC
2024-08-28 10:50:15,587 [INFO] BlockDiagram:2766 - set Specific Code input for plugin: LPUART
2024-08-28 10:50:15,587 [INFO] BlockDiagram:2766 - set Specific Code input for plugin: NVIC
2024-08-28 10:50:15,587 [INFO] BlockDiagram:2766 - set Specific Code input for plugin: USART
2024-08-28 10:50:15,588 [INFO] BlockDiagram:2766 - set Specific Code input for plugin: GPIO
2024-08-28 10:50:15,590 [INFO] CodeGenerator:807 - code generatio: config db path: C:\ST\STM32CubeIDE_1.16.0\STM32CubeIDE\plugins\com.st.stm32cube.common.mx_6.12.0.202406281431\\db\
2024-08-28 10:50:15,654 [INFO] CodeEngine:255 - oldGeneratedFile, C:\Users\jvmen\Documents\ES070-2024-GrupoA2\codes\Carro Seguidor\MXTmpFiles\license.tmp_save
2024-08-28 10:50:15,732 [INFO] CodeEngine:279 - Generated code: C:\Users\jvmen\Documents\ES070-2024-GrupoA2\codes\Carro Seguidor\MXTmpFiles\license.tmp
2024-08-28 10:50:15,769 [INFO] CodeEngine:255 - oldGeneratedFile, C:\Users\jvmen\Documents\ES070-2024-GrupoA2\codes\Carro Seguidor\MXTmpFiles\gpio.tmp_save
2024-08-28 10:50:15,833 [INFO] CodeEngine:279 - Generated code: C:\Users\jvmen\Documents\ES070-2024-GrupoA2\codes\Carro Seguidor\MXTmpFiles\gpio.tmp
2024-08-28 10:50:15,935 [INFO] CodeEngine:255 - oldGeneratedFile, C:\Users\jvmen\Documents\ES070-2024-GrupoA2\codes\Carro Seguidor\Core\Src\stm32g4xx_it.c_save
2024-08-28 10:50:15,990 [INFO] CodeEngine:279 - Generated code: C:\Users\jvmen\Documents\ES070-2024-GrupoA2\codes\Carro Seguidor\Core\Src\stm32g4xx_it.c
2024-08-28 10:50:15,995 [INFO] CodeEngine:255 - oldGeneratedFile, C:\Users\jvmen\Documents\ES070-2024-GrupoA2\codes\Carro Seguidor\Core\Inc\stm32g4xx_it.h_save
2024-08-28 10:50:16,053 [INFO] CodeEngine:279 - Generated code: C:\Users\jvmen\Documents\ES070-2024-GrupoA2\codes\Carro Seguidor\Core\Inc\stm32g4xx_it.h
2024-08-28 10:50:16,078 [INFO] CodeEngine:255 - oldGeneratedFile, C:\Users\jvmen\Documents\ES070-2024-GrupoA2\codes\Carro Seguidor\Core\Src\stm32g4xx_hal_msp.c_save
2024-08-28 10:50:16,143 [INFO] CodeEngine:279 - Generated code: C:\Users\jvmen\Documents\ES070-2024-GrupoA2\codes\Carro Seguidor\Core\Src\stm32g4xx_hal_msp.c
2024-08-28 10:50:16,147 [INFO] CodeEngine:255 - oldGeneratedFile, C:\Users\jvmen\Documents\ES070-2024-GrupoA2\codes\Carro Seguidor\MXTmpFiles\system.tmp_save
2024-08-28 10:50:16,192 [INFO] CodeEngine:279 - Generated code: C:\Users\jvmen\Documents\ES070-2024-GrupoA2\codes\Carro Seguidor\MXTmpFiles\system.tmp
2024-08-28 10:50:16,209 [INFO] CodeEngine:311 - oldGeneratedFile, C:\Users\jvmen\Documents\ES070-2024-GrupoA2\codes\Carro Seguidor\Core\Inc\stm32g4xx_hal_conf.h_save
2024-08-28 10:50:16,284 [INFO] CodeEngine:335 - Generated code: C:\Users\jvmen\Documents\ES070-2024-GrupoA2\codes\Carro Seguidor\Core\Inc\stm32g4xx_hal_conf.h
2024-08-28 10:50:16,307 [WARN] IPConfigManager:3005 - Warning: the RefConfig RCC_CommonPeriphClockConfig is not available in your config.xml file
2024-08-28 10:50:16,327 [INFO] CodeEngine:255 - oldGeneratedFile, C:\Users\jvmen\Documents\ES070-2024-GrupoA2\codes\Carro Seguidor\Core\Inc\main.h_save
2024-08-28 10:50:16,380 [INFO] CodeEngine:279 - Generated code: C:\Users\jvmen\Documents\ES070-2024-GrupoA2\codes\Carro Seguidor\Core\Inc\main.h
2024-08-28 10:50:16,393 [INFO] CodeEngine:255 - oldGeneratedFile, C:\Users\jvmen\Documents\ES070-2024-GrupoA2\codes\Carro Seguidor\Core\Src\main.c_save
2024-08-28 10:50:16,479 [INFO] CodeEngine:279 - Generated code: C:\Users\jvmen\Documents\ES070-2024-GrupoA2\codes\Carro Seguidor\Core\Src\main.c
2024-08-28 10:50:16,821 [INFO] ProjectBuilder:3249 - Time for Copy HAL[1] : 225mS.
2024-08-28 10:50:16,824 [INFO] ProjectBuilder:4828 - Project Generator version: 4.4.0-B60
2024-08-28 10:50:16,869 [INFO] ConfigFileManager:1531 - The Die is : DIE469
2024-08-28 10:50:17,314 [INFO] ProjectBuilder:5097 - Time for Generating toolchain IDE Files: 490mS.
2024-08-28 10:50:17,314 [INFO] ProjectBuilder:3107 - Time for Copy CMSIS : 0mS.
2024-08-28 10:50:17,317 [INFO] ProjectBuilder:3107 - Time for Copy CMSIS : 0mS.
2024-08-28 12:33:18,627 [INFO] WebApp:189 - Connection lost
2024-08-28 12:33:18,935 [INFO] WebApp:186 - Connection restablished
2024-08-28 17:11:19,534 [ERROR] LogOutputStream:75 - [STDERR_REDIRECT] 
