2024-09-17 15:50:23,125 [INFO] Activator:176 - 


2024-09-17 15:50:23,130 [INFO] Activator:177 - !SESSION log4j initialized
2024-09-17 15:50:29,015 [INFO] LogOutputStream:77 - [STDOUT_REDIRECT] 
2024-09-17 15:50:30,079 [INFO] ApplicationProperties:184 - Using Application install path: C:\ST\STM32CubeIDE_1.16.0\STM32CubeIDE\plugins\com.st.stm32cube.common.mx_6.12.0.202406281431
2024-09-17 15:50:30,102 [INFO] DbMcusXml:78 - Set database path to: C:\ST\STM32CubeIDE_1.16.0\STM32CubeIDE\plugins\com.st.stm32cube.common.mx_6.12.0.202406281431\\db\/mcu/
2024-09-17 15:50:30,102 [INFO] ApiDb:274 - Set plugin database path to: C:\ST\STM32CubeIDE_1.16.0\STM32CubeIDE\plugins\com.st.stm32cube.common.mx_6.12.0.202406281431\\db\/plugins/boardmanager/
2024-09-17 15:50:30,102 [WARN] ApiDb:259 - Overriding images path with different value:  => C:\ST\STM32CubeIDE_1.16.0\STM32CubeIDE\plugins\com.st.stm32cube.common.mx_6.12.0.202406281431\\db\/plugins/mcufinder/images/
2024-09-17 15:50:30,111 [INFO] ApiDb:250 - Set database path to: C:\Users\jvmen\.stmcufinder\plugins\mcufinder//mcu/
2024-09-17 15:50:30,113 [INFO] DbMcusAds:125 - Set database path to: C:\Users\jvmen\.stmcufinder\plugins\mcufinder//mcu/
2024-09-17 15:50:30,115 [INFO] CrossReferenceDbSqlite:203 - Set database path to: C:\Users\jvmen\.stmcufinder\plugins\mcufinder//mcu/cs/
2024-09-17 15:50:30,216 [INFO] RulesReader:64 - Compatibility file has been processed (297 Rules)
2024-09-17 15:50:30,283 [INFO] DbMcusXml:78 - Set database path to: C:\ST\STM32CubeIDE_1.16.0\STM32CubeIDE\plugins\com.st.stm32cube.common.mx_6.12.0.202406281431\\db\/mcu/
2024-09-17 15:50:30,283 [INFO] ApiDb:274 - Set plugin database path to: C:\ST\STM32CubeIDE_1.16.0\STM32CubeIDE\plugins\com.st.stm32cube.common.mx_6.12.0.202406281431\\db\/plugins/boardmanager/
2024-09-17 15:50:30,283 [INFO] ApiDb:261 - Set plugin images path to: C:\ST\STM32CubeIDE_1.16.0\STM32CubeIDE\plugins\com.st.stm32cube.common.mx_6.12.0.202406281431\\db\/plugins/mcufinder/images/
2024-09-17 15:50:30,283 [WARN] DbFile:41 - Overriding database path with different value: C:\Users\jvmen\.stmcufinder\plugins\mcufinder/ => C:\Users\jvmen\.stmcufinder\plugins\mcufinder
2024-09-17 15:50:30,283 [INFO] ApiDb:250 - Set database path to: C:\Users\jvmen\.stmcufinder\plugins\mcufinder//mcu/
2024-09-17 15:50:30,283 [WARN] DbFile:41 - Overriding database path with different value: C:\Users\jvmen\.stmcufinder\plugins\mcufinder/ => C:\Users\jvmen\.stmcufinder\plugins\mcufinder
2024-09-17 15:50:30,283 [INFO] DbMcusAds:125 - Set database path to: C:\Users\jvmen\.stmcufinder\plugins\mcufinder//mcu/
2024-09-17 15:50:30,283 [WARN] DbFile:41 - Overriding database path with different value: C:\Users\jvmen\.stmcufinder\plugins\mcufinder/ => C:\Users\jvmen\.stmcufinder\plugins\mcufinder
2024-09-17 15:50:30,283 [WARN] DbFile:41 - Overriding database path with different value: C:\Users\jvmen\.stmcufinder\plugins\mcufinder/ => C:\Users\jvmen\.stmcufinder\plugins\mcufinder
2024-09-17 15:50:30,283 [INFO] CrossReferenceDbSqlite:203 - Set database path to: C:\Users\jvmen\.stmcufinder\plugins\mcufinder//mcu/cs/
2024-09-17 15:50:30,353 [INFO] MainPanel:268 - HeapMemory: 268435456
2024-09-17 15:50:30,453 [INFO] DbMcusXml:78 - Set database path to: C:\ST\STM32CubeIDE_1.16.0\STM32CubeIDE\plugins\com.st.stm32cube.common.mx_6.12.0.202406281431\\db\/mcu/
2024-09-17 15:50:30,453 [INFO] ApiDb:274 - Set plugin database path to: C:\ST\STM32CubeIDE_1.16.0\STM32CubeIDE\plugins\com.st.stm32cube.common.mx_6.12.0.202406281431\\db\/plugins/boardmanager/
2024-09-17 15:50:30,453 [INFO] ApiDb:261 - Set plugin images path to: C:\ST\STM32CubeIDE_1.16.0\STM32CubeIDE\plugins\com.st.stm32cube.common.mx_6.12.0.202406281431\\db\/plugins/mcufinder/images/
2024-09-17 15:50:30,453 [WARN] DbFile:41 - Overriding database path with different value: C:\Users\jvmen\.stmcufinder\plugins\mcufinder/ => C:\Users\jvmen\.stmcufinder\plugins\mcufinder
2024-09-17 15:50:30,453 [INFO] ApiDb:250 - Set database path to: C:\Users\jvmen\.stmcufinder\plugins\mcufinder//mcu/
2024-09-17 15:50:30,453 [WARN] DbFile:41 - Overriding database path with different value: C:\Users\jvmen\.stmcufinder\plugins\mcufinder/ => C:\Users\jvmen\.stmcufinder\plugins\mcufinder
2024-09-17 15:50:30,454 [INFO] DbMcusAds:125 - Set database path to: C:\Users\jvmen\.stmcufinder\plugins\mcufinder//mcu/
2024-09-17 15:50:30,454 [WARN] DbFile:41 - Overriding database path with different value: C:\Users\jvmen\.stmcufinder\plugins\mcufinder/ => C:\Users\jvmen\.stmcufinder\plugins\mcufinder
2024-09-17 15:50:30,454 [WARN] DbFile:41 - Overriding database path with different value: C:\Users\jvmen\.stmcufinder\plugins\mcufinder/ => C:\Users\jvmen\.stmcufinder\plugins\mcufinder
2024-09-17 15:50:30,454 [INFO] CrossReferenceDbSqlite:203 - Set database path to: C:\Users\jvmen\.stmcufinder\plugins\mcufinder//mcu/cs/
2024-09-17 15:50:30,470 [INFO] ApplicationProperties:184 - Using Application install path: C:\ST\STM32CubeIDE_1.16.0\STM32CubeIDE\plugins\com.st.stm32cube.common.mx_6.12.0.202406281431
2024-09-17 15:50:30,471 [INFO] PluginManage:196 - Search for loadable plugins [exclusion list=, ]
2024-09-17 15:50:30,473 [INFO] PluginManage:310 - Check plugin analytics
2024-09-17 15:50:30,622 [INFO] AnalyticsPlugin:253 - Accepted Software Licenses: 
2024-09-17 15:50:30,622 [INFO] AnalyticsPlugin:255 - Accepted CMSIS Pack Licenses: 
2024-09-17 15:50:30,622 [INFO] AnalyticsPlugin:257 - Accepted Firmware Licenses: FW.G4.1.5.0,FW.G4.1.6.0
2024-09-17 15:50:30,624 [INFO] PluginManage:359 - Loaded plugin analytics (category:tool,tabindex:-1)
2024-09-17 15:50:30,624 [INFO] PluginManage:310 - Check plugin cadmodel
2024-09-17 15:50:30,639 [INFO] CADModel:105 - Init CAD model plugin
2024-09-17 15:50:30,639 [INFO] PluginManage:359 - Loaded plugin cadmodel (category:power,tabindex:5)
2024-09-17 15:50:30,639 [INFO] PluginManage:310 - Check plugin clock
2024-09-17 15:50:30,658 [INFO] PluginManage:359 - Loaded plugin clock (category:base,tabindex:2)
2024-09-17 15:50:30,659 [INFO] PluginManage:310 - Check plugin ddr
2024-09-17 15:50:30,662 [INFO] PluginManage:359 - Loaded plugin ddr (category:tool,tabindex:6)
2024-09-17 15:50:30,662 [INFO] PluginManage:310 - Check plugin filemanager
2024-09-17 15:50:30,800 [INFO] PluginManage:359 - Loaded plugin filemanager (category:base,tabindex:10)
2024-09-17 15:50:30,800 [INFO] PluginManage:310 - Check plugin ipmanager
2024-09-17 15:50:30,807 [INFO] PluginManage:359 - Loaded plugin ipmanager (category:base,tabindex:5)
2024-09-17 15:50:30,807 [INFO] PluginManage:310 - Check plugin lpbam
2024-09-17 15:50:30,822 [INFO] PluginManage:359 - Loaded plugin lpbam (category:base,tabindex:0)
2024-09-17 15:50:30,822 [INFO] PluginManage:310 - Check plugin memorymap
2024-09-17 15:50:30,841 [INFO] PluginManage:359 - Loaded plugin memorymap (category:base,tabindex:4)
2024-09-17 15:50:30,841 [INFO] PluginManage:310 - Check plugin pinoutandconfiguration
2024-09-17 15:50:30,856 [INFO] PluginManage:359 - Loaded plugin pinoutandconfiguration (category:base,tabindex:1)
2024-09-17 15:50:30,856 [INFO] PluginManage:310 - Check plugin pinoutconfig
2024-09-17 15:50:30,939 [WARN] SupportedApi:132 - Cannot load RTOS API schema: s4s-elt-must-match.1: The content of 'definitions' must match (annotation?, (simpleType | complexType)?, (unique | key | keyref)*)). A problem was found starting at: attribute.
2024-09-17 15:50:31,064 [INFO] PluginManage:359 - Loaded plugin pinoutconfig (category:base,tabindex:0)
2024-09-17 15:50:31,064 [INFO] PluginManage:310 - Check plugin power
2024-09-17 15:50:31,079 [INFO] PluginManage:359 - Loaded plugin power (category:power,tabindex:4)
2024-09-17 15:50:31,080 [INFO] PluginManage:310 - Check plugin projectmanager
2024-09-17 15:50:31,095 [INFO] PluginManage:359 - Loaded plugin projectmanager (category:projectmanager,tabindex:4)
2024-09-17 15:50:31,095 [INFO] PluginManage:310 - Check plugin rif
2024-09-17 15:50:31,107 [INFO] PluginManage:359 - Loaded plugin rif (category:base,tabindex:3)
2024-09-17 15:50:31,107 [INFO] PluginManage:310 - Check plugin thirdparty
2024-09-17 15:50:31,329 [INFO] PluginManage:359 - Loaded plugin thirdparty (category:base,tabindex:-1)
2024-09-17 15:50:31,329 [WARN] IntegrityCheckThread:84 - waiting for thirdparty lock release [integrity check]
2024-09-17 15:50:31,329 [INFO] PluginManage:310 - Check plugin tools
2024-09-17 15:50:31,329 [INFO] IntegrityCheckThread:86 - entering critical section [integrity check]
2024-09-17 15:50:31,329 [INFO] ThirdPartyUpdaterWithRetryManager:70 - Updater plugin not ready yet. [1/15]
2024-09-17 15:50:31,357 [INFO] PluginManage:359 - Loaded plugin tools (category:base,tabindex:7)
2024-09-17 15:50:31,358 [INFO] PluginManage:310 - Check plugin tutovideos
2024-09-17 15:50:31,527 [INFO] PluginManage:359 - Loaded plugin tutovideos (category:base,tabindex:-1)
2024-09-17 15:50:31,527 [INFO] PluginManage:310 - Check plugin updater
2024-09-17 15:50:31,542 [INFO] PluginManage:359 - Loaded plugin updater (category:base,tabindex:12)
2024-09-17 15:50:31,543 [INFO] PluginManage:310 - Check plugin userauth
2024-09-17 15:50:31,548 [INFO] UserAuth:113 - Init User Auth plugin
2024-09-17 15:50:31,548 [INFO] PluginManage:359 - Loaded plugin userauth (category:base,tabindex:14)
2024-09-17 15:50:31,549 [INFO] PluginManage:283 - PluginManage : Loaded plugins [18]
2024-09-17 15:50:31,744 [INFO] PinOutPanel:1561 - setPackage(No Configuration,No Configuration)
2024-09-17 15:50:31,819 [INFO] CADModel:165 - CPN selected for project level
2024-09-17 15:50:31,819 [INFO] CADModel:114 - Register for checkConnection events
2024-09-17 15:50:31,845 [INFO] IPUIPlugin:80 - create IPUIPlugin
2024-09-17 15:50:31,845 [INFO] PluginManager:220 - loadIPPluginJar : add adc
2024-09-17 15:50:31,872 [INFO] IPUIPlugin:80 - create IPUIPlugin
2024-09-17 15:50:31,873 [INFO] PluginManager:220 - loadIPPluginJar : add aes
2024-09-17 15:50:31,902 [INFO] IPUIPlugin:80 - create IPUIPlugin
2024-09-17 15:50:31,902 [INFO] PluginManager:220 - loadIPPluginJar : add can
2024-09-17 15:50:31,921 [INFO] IPUIPlugin:80 - create IPUIPlugin
2024-09-17 15:50:31,922 [INFO] PluginManager:220 - loadIPPluginJar : add comp
2024-09-17 15:50:31,950 [INFO] IPUIPlugin:80 - create IPUIPlugin
2024-09-17 15:50:31,950 [INFO] PluginManager:220 - loadIPPluginJar : add cryp
2024-09-17 15:50:31,961 [INFO] IPUIPlugin:80 - create IPUIPlugin
2024-09-17 15:50:31,961 [INFO] PluginManager:220 - loadIPPluginJar : add ddr_ctrl_phy
2024-09-17 15:50:31,985 [INFO] IPUIPlugin:80 - create IPUIPlugin
2024-09-17 15:50:31,985 [INFO] PluginManager:220 - loadIPPluginJar : add dfsdm
2024-09-17 15:50:31,996 [INFO] IPUIPlugin:80 - create IPUIPlugin
2024-09-17 15:50:31,997 [INFO] PluginManager:220 - loadIPPluginJar : add dma
2024-09-17 15:50:32,027 [INFO] IPUIPlugin:80 - create IPUIPlugin
2024-09-17 15:50:32,027 [INFO] PluginManager:220 - loadIPPluginJar : add dma3
2024-09-17 15:50:32,060 [INFO] IPUIPlugin:80 - create IPUIPlugin
2024-09-17 15:50:32,060 [INFO] PluginManager:220 - loadIPPluginJar : add extmemmanager
2024-09-17 15:50:32,074 [INFO] IPUIPlugin:80 - create IPUIPlugin
2024-09-17 15:50:32,075 [INFO] PluginManager:220 - loadIPPluginJar : add fatfs
2024-09-17 15:50:32,107 [INFO] IPUIPlugin:80 - create IPUIPlugin
2024-09-17 15:50:32,108 [INFO] PluginManager:220 - loadIPPluginJar : add fmc
2024-09-17 15:50:32,119 [INFO] IPUIPlugin:80 - create IPUIPlugin
2024-09-17 15:50:32,119 [INFO] PluginManager:220 - loadIPPluginJar : add freertos
2024-09-17 15:50:32,134 [INFO] IPUIPlugin:80 - create IPUIPlugin
2024-09-17 15:50:32,134 [INFO] PluginManager:220 - loadIPPluginJar : add genericplugin
2024-09-17 15:50:32,202 [INFO] IPUIPlugin:80 - create IPUIPlugin
2024-09-17 15:50:32,202 [INFO] PluginManager:220 - loadIPPluginJar : add gfxmmu
2024-09-17 15:50:32,297 [INFO] IPUIPlugin:80 - create IPUIPlugin
2024-09-17 15:50:32,298 [INFO] PluginManager:220 - loadIPPluginJar : add gic
2024-09-17 15:50:32,307 [INFO] IPUIPlugin:80 - create IPUIPlugin
2024-09-17 15:50:32,307 [INFO] PluginManager:220 - loadIPPluginJar : add gpio
2024-09-17 15:50:32,372 [INFO] IPUIPlugin:80 - create IPUIPlugin
2024-09-17 15:50:32,372 [INFO] PluginManager:220 - loadIPPluginJar : add gtzc
2024-09-17 15:50:32,397 [INFO] IPUIPlugin:80 - create IPUIPlugin
2024-09-17 15:50:32,397 [INFO] PluginManager:220 - loadIPPluginJar : add hash
2024-09-17 15:50:32,435 [INFO] IPUIPlugin:80 - create IPUIPlugin
2024-09-17 15:50:32,435 [INFO] PluginManager:220 - loadIPPluginJar : add i2c
2024-09-17 15:50:32,465 [INFO] IPUIPlugin:80 - create IPUIPlugin
2024-09-17 15:50:32,465 [INFO] PluginManager:220 - loadIPPluginJar : add i2s
2024-09-17 15:50:32,494 [INFO] IPUIPlugin:80 - create IPUIPlugin
2024-09-17 15:50:32,494 [INFO] PluginManager:220 - loadIPPluginJar : add i3c
2024-09-17 15:50:32,575 [INFO] IPUIPlugin:80 - create IPUIPlugin
2024-09-17 15:50:32,575 [INFO] PluginManager:220 - loadIPPluginJar : add ipddr
2024-09-17 15:50:32,646 [INFO] IPUIPlugin:80 - create IPUIPlugin
2024-09-17 15:50:32,646 [INFO] PluginManager:220 - loadIPPluginJar : add linkedlist
2024-09-17 15:50:32,679 [INFO] IPUIPlugin:80 - create IPUIPlugin
2024-09-17 15:50:32,679 [INFO] PluginManager:220 - loadIPPluginJar : add lorawan
2024-09-17 15:50:32,712 [INFO] IPUIPlugin:80 - create IPUIPlugin
2024-09-17 15:50:32,712 [INFO] PluginManager:220 - loadIPPluginJar : add ltdc
2024-09-17 15:50:32,727 [INFO] IPUIPlugin:80 - create IPUIPlugin
2024-09-17 15:50:32,727 [INFO] PluginManager:220 - loadIPPluginJar : add mdma
2024-09-17 15:50:32,737 [INFO] IPUIPlugin:80 - create IPUIPlugin
2024-09-17 15:50:32,737 [INFO] PluginManager:220 - loadIPPluginJar : add nvic
2024-09-17 15:50:32,771 [INFO] IPUIPlugin:80 - create IPUIPlugin
2024-09-17 15:50:32,771 [INFO] PluginManager:220 - loadIPPluginJar : add opamp
2024-09-17 15:50:32,820 [INFO] IPUIPlugin:80 - create IPUIPlugin
2024-09-17 15:50:32,820 [INFO] PluginManager:220 - loadIPPluginJar : add openamp
2024-09-17 15:50:32,850 [INFO] IPUIPlugin:80 - create IPUIPlugin
2024-09-17 15:50:32,850 [INFO] PluginManager:220 - loadIPPluginJar : add pdm2pcm
2024-09-17 15:50:32,863 [INFO] IPUIPlugin:80 - create IPUIPlugin
2024-09-17 15:50:32,865 [INFO] PluginManager:220 - loadIPPluginJar : add plateformsettings
2024-09-17 15:50:32,881 [INFO] IPUIPlugin:80 - create IPUIPlugin
2024-09-17 15:50:32,881 [INFO] PluginManager:220 - loadIPPluginJar : add quadspi
2024-09-17 15:50:32,901 [INFO] IPUIPlugin:80 - create IPUIPlugin
2024-09-17 15:50:32,902 [INFO] PluginManager:220 - loadIPPluginJar : add radio
2024-09-17 15:50:32,912 [INFO] IPUIPlugin:80 - create IPUIPlugin
2024-09-17 15:50:32,912 [INFO] PluginManager:220 - loadIPPluginJar : add resmgrutility
2024-09-17 15:50:32,947 [INFO] IPUIPlugin:80 - create IPUIPlugin
2024-09-17 15:50:32,947 [INFO] PluginManager:220 - loadIPPluginJar : add sai
2024-09-17 15:50:32,979 [INFO] IPUIPlugin:80 - create IPUIPlugin
2024-09-17 15:50:32,980 [INFO] PluginManager:220 - loadIPPluginJar : add spi
2024-09-17 15:50:33,034 [INFO] IPUIPlugin:80 - create IPUIPlugin
2024-09-17 15:50:33,034 [INFO] PluginManager:220 - loadIPPluginJar : add stm32_wpan
2024-09-17 15:50:33,056 [INFO] IPUIPlugin:80 - create IPUIPlugin
2024-09-17 15:50:33,056 [INFO] PluginManager:220 - loadIPPluginJar : add tim
2024-09-17 15:50:33,104 [INFO] IPUIPlugin:80 - create IPUIPlugin
2024-09-17 15:50:33,104 [INFO] PluginManager:220 - loadIPPluginJar : add touchsensing
2024-09-17 15:50:33,126 [INFO] IPUIPlugin:80 - create IPUIPlugin
2024-09-17 15:50:33,126 [INFO] PluginManager:220 - loadIPPluginJar : add tracer_emb
2024-09-17 15:50:33,147 [INFO] IPUIPlugin:80 - create IPUIPlugin
2024-09-17 15:50:33,147 [INFO] PluginManager:220 - loadIPPluginJar : add ts
2024-09-17 15:50:33,163 [INFO] IPUIPlugin:80 - create IPUIPlugin
2024-09-17 15:50:33,163 [INFO] PluginManager:220 - loadIPPluginJar : add tsc
2024-09-17 15:50:33,187 [INFO] IPUIPlugin:80 - create IPUIPlugin
2024-09-17 15:50:33,187 [INFO] PluginManager:220 - loadIPPluginJar : add ucpd
2024-09-17 15:50:33,224 [INFO] IPUIPlugin:80 - create IPUIPlugin
2024-09-17 15:50:33,224 [INFO] PluginManager:220 - loadIPPluginJar : add usart
2024-09-17 15:50:33,266 [INFO] IPUIPlugin:80 - create IPUIPlugin
2024-09-17 15:50:33,266 [INFO] PluginManager:220 - loadIPPluginJar : add usbx
2024-09-17 15:50:33,383 [INFO] CADModel:165 - CPN selected for project level
2024-09-17 15:50:33,383 [INFO] CADModel:114 - Register for checkConnection events
2024-09-17 15:50:33,383 [FATAL] Updater:334 - Updater called before beeing initialized
2024-09-17 15:50:33,383 [ERROR] CADModel:125 - Updater not yet initialized, retry later 
2024-09-17 15:50:33,485 [INFO] CADModel:165 - CPN selected for project level
2024-09-17 15:50:33,486 [INFO] CADModel:114 - Register for checkConnection events
2024-09-17 15:50:33,486 [FATAL] Updater:334 - Updater called before beeing initialized
2024-09-17 15:50:33,486 [ERROR] CADModel:125 - Updater not yet initialized, retry later 
2024-09-17 15:50:33,488 [FATAL] Updater:334 - Updater called before beeing initialized
2024-09-17 15:50:33,562 [FATAL] Updater:334 - Updater called before beeing initialized
2024-09-17 15:50:33,570 [INFO] DbMcusAds:53 - JSON generation date=Mon Sep 16 11:40:22 BRT 2024 (1726497622318)
2024-09-17 15:50:33,570 [FATAL] Updater:334 - Updater called before beeing initialized
2024-09-17 15:50:33,599 [WARN] DetailPanel:346 - Failed to get advertising image, set to default
2024-09-17 15:50:33,653 [FATAL] Updater:334 - Updater called before beeing initialized
2024-09-17 15:50:33,655 [FATAL] Updater:334 - Updater called before beeing initialized
2024-09-17 15:50:33,656 [FATAL] Updater:334 - Updater called before beeing initialized
2024-09-17 15:50:33,656 [WARN] DetailPanel:346 - Failed to get advertising image, set to default
2024-09-17 15:50:33,656 [FATAL] Updater:334 - Updater called before beeing initialized
2024-09-17 15:50:33,702 [ERROR] Updater:1164 - MainUpdater not yet initialized. External WinMGr cannot be set.
2024-09-17 15:50:33,711 [INFO] Updater:1100 - Updater Version found : 6.12.0
2024-09-17 15:50:33,727 [INFO] ApplicationProperties:184 - Using Application install path: C:\ST\STM32CubeIDE_1.16.0\STM32CubeIDE\plugins\com.st.stm32cube.common.mx_6.12.0.202406281431
2024-09-17 15:50:34,332 [INFO] ThirdPartyUpdaterWithRetryManager:70 - Updater plugin not ready yet. [2/15]
2024-09-17 15:50:35,305 [ERROR] LogOutputStream:75 - [STDERR_REDIRECT] Sep 17, 2024 3:50:35 PM java.util.prefs.WindowsPreferences <init>
2024-09-17 15:50:35,306 [ERROR] LogOutputStream:75 - [STDERR_REDIRECT] WARNING: Could not open/create prefs root node Software\JavaSoft\Prefs at root 0xffffffff80000002. Windows RegCreateKeyEx(...) returned error code 5.
2024-09-17 15:50:35,306 [ERROR] LogOutputStream:75 - [STDERR_REDIRECT] 
2024-09-17 15:50:35,589 [INFO] MainUpdater:2873 - connection check result : 10
2024-09-17 15:50:35,590 [INFO] MainUpdater:290 - Updater Check For Update Now.
2024-09-17 15:50:35,590 [INFO] MicroXplorer:498 - Change Database Version : DB.6.0.120
2024-09-17 15:50:35,605 [INFO] McuFinderGlobals:63 - Set McuFinder mode to 2 (CubeIDE integrated)
2024-09-17 15:50:35,611 [INFO] UserAuth:417 - Internet connection configuration mode: 1
2024-09-17 15:50:35,640 [INFO] JxBrowserEngine:152 - Initiate JxBrowser Engine with user profile folder
2024-09-17 15:50:35,756 [INFO] CheckServerUpdateThread:120 - End of CheckServer Thread
2024-09-17 15:50:37,647 [WARN] PackLoader:240 - Cannot read IP mode file for STMicroelectronics.FP-SNS-MOTENVWB1.1.4.0
2024-09-17 15:50:37,665 [WARN] PackLoader:240 - Cannot read IP mode file for STMicroelectronics.X-CUBE-SMBUS.2.1.0
2024-09-17 15:50:37,679 [WARN] PackLoader:240 - Cannot read IP mode file for STMicroelectronics.X-CUBE-TOUCHGFX.4.23.1
2024-09-17 15:50:37,691 [WARN] PackLoader:240 - Cannot read IP mode file for STMicroelectronics.X-CUBE-TOUCHGFX.4.23.0
2024-09-17 15:50:37,704 [WARN] PackLoader:240 - Cannot read IP mode file for STMicroelectronics.X-CUBE-TOUCHGFX.4.23.2
2024-09-17 15:50:37,740 [WARN] PackLoader:240 - Cannot read IP mode file for STMicroelectronics.X-CUBE-AZRTOS-F7.1.1.0
2024-09-17 15:50:37,754 [WARN] PackLoader:240 - Cannot read IP mode file for STMicroelectronics.FP-SNS-MOTENV1.4.3.2
2024-09-17 15:50:37,811 [WARN] PackLoader:240 - Cannot read IP mode file for STMicroelectronics.X-CUBE-MEMS1.11.0.0
2024-09-17 15:50:37,889 [INFO] WebApp:167 - Instantiating new browser for Auth
2024-09-17 15:50:37,958 [WARN] PackLoader:240 - Cannot read IP mode file for STMicroelectronics.FP-SNS-FLIGHT1.5.0.2
2024-09-17 15:50:37,983 [WARN] PackLoader:240 - Cannot read IP mode file for STMicroelectronics.X-CUBE-DISPLAY.3.0.0
2024-09-17 15:50:38,004 [WARN] PackLoader:240 - Cannot read IP mode file for STMicroelectronics.X-CUBE-BLE1.7.0.0
2024-09-17 15:50:38,021 [WARN] PackLoader:240 - Cannot read IP mode file for emotas.I-CUBE-CANOPEN.1.3.0
2024-09-17 15:50:38,043 [WARN] PackLoader:240 - Cannot read IP mode file for STMicroelectronics.X-CUBE-BLEMGR.3.1.0
2024-09-17 15:50:38,070 [WARN] PackLoader:240 - Cannot read IP mode file for STMicroelectronics.FP-SNS-SMARTAG2.1.2.0
2024-09-17 15:50:38,095 [INFO] LogOutputStream:77 - [STDOUT_REDIRECT] 1 : Invalid condition id : UX_CORESTACK_Condition cause : null
2024-09-17 15:50:38,096 [INFO] LogOutputStream:77 - [STDOUT_REDIRECT] 1 : Invalid condition id : UX_CORESTACK_Condition cause : null
2024-09-17 15:50:38,096 [INFO] LogOutputStream:77 - [STDOUT_REDIRECT] 1 : Invalid condition id : UX_CORESTACK_Condition cause : null
2024-09-17 15:50:38,097 [INFO] LogOutputStream:77 - [STDOUT_REDIRECT] 1 : Invalid condition id : UX_CORESTACK_Condition cause : null
2024-09-17 15:50:38,098 [INFO] LogOutputStream:77 - [STDOUT_REDIRECT] 1 : Invalid condition id : UX_CORESTACK_Condition cause : null
2024-09-17 15:50:38,165 [WARN] PackLoader:240 - Cannot read IP mode file for STMicroelectronics.X-CUBE-AZRTOS-WL.2.0.0
2024-09-17 15:50:38,187 [WARN] PackLoader:240 - Cannot read IP mode file for STMicroelectronics.FP-SNS-MOTENV1.5.0.0
2024-09-17 15:50:38,218 [WARN] PackLoader:240 - Cannot read IP mode file for wolfSSL.I-CUBE-wolfMQTT.1.19.0
2024-09-17 15:50:38,294 [WARN] PackLoader:240 - Cannot read IP mode file for WES.I-CUBE-Cesium.1.3.0
2024-09-17 15:50:38,317 [WARN] PackLoader:240 - Cannot read IP mode file for STMicroelectronics.X-CUBE-BLE2.3.3.0
2024-09-17 15:50:38,337 [WARN] PackLoader:240 - Cannot read IP mode file for STMicroelectronics.X-CUBE-TCPP.4.1.0
2024-09-17 15:50:38,356 [WARN] PackLoader:240 - Cannot read IP mode file for STMicroelectronics.X-CUBE-ALGOBUILD.1.3.0
2024-09-17 15:50:38,380 [WARN] PackLoader:240 - Cannot read IP mode file for STMicroelectronics.X-CUBE-AZRTOS-G0.1.1.0
2024-09-17 15:50:38,395 [WARN] PackLoader:240 - Cannot read IP mode file for STMicroelectronics.X-CUBE-SAFEA1.1.2.2
2024-09-17 15:50:38,407 [WARN] PackLoader:240 - Cannot read IP mode file for STMicroelectronics.X-CUBE-NFC4.3.0.0
2024-09-17 15:50:38,427 [WARN] PackLoader:240 - Cannot read IP mode file for EmbeddedOffice.I-CUBE-FS-RTOS.1.0.1
2024-09-17 15:50:38,427 [ERROR] ConditionMgr:805 - Attr not supported : Dmpu
2024-09-17 15:50:38,427 [ERROR] ConditionMgr:805 - Attr not supported : Dmpu
2024-09-17 15:50:38,427 [ERROR] ConditionMgr:805 - Attr not supported : Dmpu
2024-09-17 15:50:38,427 [ERROR] ConditionMgr:805 - Attr not supported : Dmpu
2024-09-17 15:50:38,427 [ERROR] ConditionMgr:805 - Attr not supported : Dmpu
2024-09-17 15:50:38,427 [ERROR] ConditionMgr:805 - Attr not supported : Dmpu
2024-09-17 15:50:38,427 [ERROR] ConditionMgr:805 - Attr not supported : Dmpu
2024-09-17 15:50:38,427 [ERROR] ConditionMgr:805 - Attr not supported : Dmpu
2024-09-17 15:50:38,427 [ERROR] ConditionMgr:805 - Attr not supported : Dmpu
2024-09-17 15:50:38,427 [ERROR] ConditionMgr:805 - Attr not supported : Dmpu
2024-09-17 15:50:38,427 [ERROR] ConditionMgr:805 - Attr not supported : Dmpu
2024-09-17 15:50:38,427 [ERROR] ConditionMgr:805 - Attr not supported : Dmpu
2024-09-17 15:50:38,427 [ERROR] ConditionMgr:805 - Attr not supported : Dmpu
2024-09-17 15:50:38,428 [ERROR] ConditionMgr:805 - Attr not supported : Dmpu
2024-09-17 15:50:38,428 [ERROR] ConditionMgr:805 - Attr not supported : Dmpu
2024-09-17 15:50:38,428 [ERROR] ConditionMgr:805 - Attr not supported : Dmpu
2024-09-17 15:50:38,435 [ERROR] ConditionMgr:805 - Attr not supported : Dmpu
2024-09-17 15:50:38,435 [ERROR] ConditionMgr:805 - Attr not supported : Dmpu
2024-09-17 15:50:38,436 [ERROR] ConditionMgr:805 - Attr not supported : Dmpu
2024-09-17 15:50:38,436 [ERROR] ConditionMgr:805 - Attr not supported : Dmpu
2024-09-17 15:50:38,436 [ERROR] ConditionMgr:805 - Attr not supported : Dmpu
2024-09-17 15:50:38,436 [ERROR] ConditionMgr:805 - Attr not supported : Dmpu
2024-09-17 15:50:38,436 [ERROR] ConditionMgr:805 - Attr not supported : Dmpu
2024-09-17 15:50:38,436 [ERROR] ConditionMgr:805 - Attr not supported : Dmpu
2024-09-17 15:50:38,436 [ERROR] ConditionMgr:805 - Attr not supported : Dmpu
2024-09-17 15:50:38,436 [ERROR] ConditionMgr:805 - Attr not supported : Dmpu
2024-09-17 15:50:38,436 [ERROR] ConditionMgr:805 - Attr not supported : Dmpu
2024-09-17 15:50:38,436 [ERROR] ConditionMgr:805 - Attr not supported : Dmpu
2024-09-17 15:50:38,436 [ERROR] ConditionMgr:805 - Attr not supported : Dmpu
2024-09-17 15:50:38,436 [ERROR] ConditionMgr:805 - Attr not supported : Dmpu
2024-09-17 15:50:38,436 [ERROR] ConditionMgr:805 - Attr not supported : Dmpu
2024-09-17 15:50:38,436 [ERROR] ConditionMgr:805 - Attr not supported : Dmpu
2024-09-17 15:50:38,436 [ERROR] ConditionMgr:805 - Attr not supported : Dmpu
2024-09-17 15:50:38,436 [ERROR] ConditionMgr:805 - Attr not supported : Dmpu
2024-09-17 15:50:38,436 [ERROR] ConditionMgr:805 - Attr not supported : Dmpu
2024-09-17 15:50:38,436 [ERROR] ConditionMgr:805 - Attr not supported : Dmpu
2024-09-17 15:50:38,438 [ERROR] ConditionMgr:805 - Attr not supported : Dmpu
2024-09-17 15:50:38,438 [ERROR] ConditionMgr:805 - Attr not supported : Dmpu
2024-09-17 15:50:38,438 [ERROR] ConditionMgr:805 - Attr not supported : Dmpu
2024-09-17 15:50:38,438 [ERROR] ConditionMgr:805 - Attr not supported : Dmpu
2024-09-17 15:50:38,438 [ERROR] ConditionMgr:805 - Attr not supported : Dmpu
2024-09-17 15:50:38,438 [ERROR] ConditionMgr:805 - Attr not supported : Dmpu
2024-09-17 15:50:38,438 [ERROR] ConditionMgr:805 - Attr not supported : Dmpu
2024-09-17 15:50:38,438 [ERROR] ConditionMgr:805 - Attr not supported : Dmpu
2024-09-17 15:50:38,438 [ERROR] ConditionMgr:805 - Attr not supported : Dmpu
2024-09-17 15:50:38,438 [ERROR] ConditionMgr:805 - Attr not supported : Dmpu
2024-09-17 15:50:38,438 [ERROR] ConditionMgr:805 - Attr not supported : Dmpu
2024-09-17 15:50:38,438 [ERROR] ConditionMgr:805 - Attr not supported : Dmpu
2024-09-17 15:50:38,438 [ERROR] ConditionMgr:805 - Attr not supported : Dmpu
2024-09-17 15:50:38,438 [ERROR] ConditionMgr:805 - Attr not supported : Dmpu
2024-09-17 15:50:38,439 [ERROR] ConditionMgr:805 - Attr not supported : Dmpu
2024-09-17 15:50:38,439 [ERROR] ConditionMgr:805 - Attr not supported : Dmpu
2024-09-17 15:50:38,439 [ERROR] ConditionMgr:805 - Attr not supported : Dmpu
2024-09-17 15:50:38,439 [ERROR] ConditionMgr:805 - Attr not supported : Dmpu
2024-09-17 15:50:38,439 [ERROR] ConditionMgr:805 - Attr not supported : Dmpu
2024-09-17 15:50:38,439 [ERROR] ConditionMgr:805 - Attr not supported : Dmpu
2024-09-17 15:50:38,439 [ERROR] ConditionMgr:805 - Attr not supported : Dmpu
2024-09-17 15:50:38,439 [ERROR] ConditionMgr:805 - Attr not supported : Dmpu
2024-09-17 15:50:38,439 [ERROR] ConditionMgr:805 - Attr not supported : Dmpu
2024-09-17 15:50:38,439 [ERROR] ConditionMgr:805 - Attr not supported : Dmpu
2024-09-17 15:50:38,439 [ERROR] ConditionMgr:805 - Attr not supported : Dmpu
2024-09-17 15:50:38,439 [ERROR] ConditionMgr:805 - Attr not supported : Dmpu
2024-09-17 15:50:38,439 [ERROR] ConditionMgr:805 - Attr not supported : Dmpu
2024-09-17 15:50:38,440 [ERROR] ConditionMgr:805 - Attr not supported : Dmpu
2024-09-17 15:50:38,458 [WARN] PackLoader:240 - Cannot read IP mode file for RealThread.X-CUBE-RT-Thread_Nano.4.1.1
2024-09-17 15:50:38,474 [WARN] PackLoader:240 - Cannot read IP mode file for STMicroelectronics.FP-ATR-SIGFOX1.3.2.0
2024-09-17 15:50:38,487 [WARN] PackLoader:240 - Cannot read IP mode file for STMicroelectronics.X-CUBE-EEPRMA1.5.1.0
2024-09-17 15:50:38,525 [WARN] PackLoader:240 - Cannot read IP mode file for SEGGER.I-CUBE-embOS.1.3.1
2024-09-17 15:50:38,742 [WARN] PackLoader:240 - Cannot read IP mode file for STMicroelectronics.X-CUBE-ALGOBUILD.1.4.0
2024-09-17 15:50:38,868 [WARN] PackLoader:240 - Cannot read IP mode file for STMicroelectronics.X-CUBE-GNSS1.6.0.0
2024-09-17 15:50:38,904 [WARN] PackLoader:240 - Cannot read IP mode file for STMicroelectronics.X-CUBE-AZRTOS-F4.1.1.0
2024-09-17 15:50:38,924 [WARN] PackLoader:240 - Cannot read IP mode file for STMicroelectronics.X-CUBE-ISPU.2.1.0
2024-09-17 15:50:38,940 [WARN] PackLoader:240 - Cannot read IP mode file for STMicroelectronics.X-CUBE-FREERTOS.1.2.0
2024-09-17 15:50:38,953 [WARN] PackLoader:240 - Cannot read IP mode file for wolfSSL.I-CUBE-wolfSSL.5.6.6
2024-09-17 15:50:38,979 [WARN] PackLoader:240 - Cannot read IP mode file for STMicroelectronics.X-CUBE-AZRTOS-L5.2.0.0
2024-09-17 15:50:38,993 [WARN] PackLoader:240 - Cannot read IP mode file for STMicroelectronics.X-CUBE-NFC6.3.1.0
2024-09-17 15:50:39,003 [WARN] PackLoader:240 - Cannot read IP mode file for ITTIA_DB.I-CUBE-ITTIADB.8.8.0
2024-09-17 15:50:39,014 [WARN] PackLoader:240 - Cannot read IP mode file for STMicroelectronics.X-CUBE-DPower.1.2.0
2024-09-17 15:50:39,028 [WARN] PackLoader:240 - Cannot read IP mode file for STMicroelectronics.X-CUBE-AI.9.0.0
2024-09-17 15:50:39,200 [WARN] PackLoader:240 - Cannot read IP mode file for STMicroelectronics.X-CUBE-NFC7.1.0.1
2024-09-17 15:50:39,226 [WARN] PackLoader:240 - Cannot read IP mode file for STMicroelectronics.X-CUBE-NFC6.3.0.0
2024-09-17 15:50:39,246 [WARN] PackLoader:240 - Cannot read IP mode file for STMicroelectronics.X-CUBE-AI.8.1.0
2024-09-17 15:50:39,281 [WARN] ConditionMgr:438 - getConditionDescription Invalid condition id : LAN8742 Phy interface Condition cause : null
2024-09-17 15:50:39,282 [WARN] PackLoader:240 - Cannot read IP mode file for STMicroelectronics.X-CUBE-AZRTOS-L4.2.0.0
2024-09-17 15:50:39,284 [WARN] ConditionMgr:1039 - genDependencies : Invalid condition id : LAN8742 Phy interface Condition cause : null
2024-09-17 15:50:39,285 [WARN] ConditionMgr:1039 - genDependencies : Invalid condition id : LAN8742 Phy interface Condition cause : null
2024-09-17 15:50:39,286 [WARN] ConditionMgr:1039 - genDependencies : Invalid condition id : LAN8742 Phy interface Condition cause : null
2024-09-17 15:50:39,305 [WARN] PackLoader:240 - Cannot read IP mode file for STMicroelectronics.X-CUBE-SFXS2LP1.4.0.0
2024-09-17 15:50:39,335 [WARN] PackLoader:240 - Cannot read IP mode file for STMicroelectronics.X-CUBE-AZRTOS-H7.3.3.0
2024-09-17 15:50:39,361 [WARN] ConditionMgr:438 - getConditionDescription Invalid condition id : UX DEVICE CLASS RTOS Condition cause : null
2024-09-17 15:50:39,361 [WARN] ConditionMgr:438 - getConditionDescription Invalid condition id : UX DEVICE CLASS RTOS Condition cause : null
2024-09-17 15:50:39,365 [WARN] PackLoader:240 - Cannot read IP mode file for STMicroelectronics.X-CUBE-AZRTOS-WB.2.0.0
2024-09-17 15:50:39,365 [WARN] ConditionMgr:1039 - genDependencies : Invalid condition id : UX DEVICE CLASS RTOS Condition cause : null
2024-09-17 15:50:39,365 [WARN] ConditionMgr:1039 - genDependencies : Invalid condition id : UX DEVICE CLASS RTOS Condition cause : null
2024-09-17 15:50:39,366 [WARN] ConditionMgr:1039 - genDependencies : Invalid condition id : UX DEVICE CLASS RTOS Condition cause : null
2024-09-17 15:50:39,366 [WARN] ConditionMgr:1039 - genDependencies : Invalid condition id : UX DEVICE CLASS RTOS Condition cause : null
2024-09-17 15:50:39,366 [WARN] ConditionMgr:1039 - genDependencies : Invalid condition id : UX DEVICE CLASS RTOS Condition cause : null
2024-09-17 15:50:39,379 [WARN] PackLoader:240 - Cannot read IP mode file for STMicroelectronics.X-CUBE-GNSS1.7.0.0
2024-09-17 15:50:39,396 [WARN] PackLoader:240 - Cannot read IP mode file for STMicroelectronics.FP-SNS-STBOX1.2.0.0
2024-09-17 15:50:39,422 [WARN] PackLoader:240 - Cannot read IP mode file for STMicroelectronics.X-CUBE-SUBG2.5.0.0
2024-09-17 15:50:39,459 [WARN] PackLoader:240 - Cannot read IP mode file for STMicroelectronics.X-CUBE-AZRTOS-G4.2.0.0
2024-09-17 15:50:39,482 [WARN] PackLoader:240 - Cannot read IP mode file for Infineon.AIROC-Wi-Fi-Bluetooth-STM32.1.5.1
2024-09-17 15:50:39,497 [WARN] PackLoader:240 - Cannot read IP mode file for STMicroelectronics.FP-SNS-MOTENVWB1.1.3.1
2024-09-17 15:50:39,509 [WARN] PackLoader:240 - Cannot read IP mode file for STMicroelectronics.X-CUBE-ISPU.2.0.0
2024-09-17 15:50:39,549 [WARN] PackLoader:240 - Cannot read IP mode file for STMicroelectronics.X-CUBE-ALS.1.0.2
2024-09-17 15:50:39,597 [WARN] PackLoader:240 - Cannot read IP mode file for STMicroelectronics.X-CUBE-MEMS1.10.0.0
2024-09-17 15:50:39,745 [WARN] PackLoader:240 - Cannot read IP mode file for STMicroelectronics.X-CUBE-FREERTOS.1.1.0
2024-09-17 15:50:39,746 [INFO] WebApp:448 - Apply proxy settings
2024-09-17 15:50:39,746 [INFO] WebApp:533 - Chromium requires no authentication
2024-09-17 15:50:39,762 [WARN] PackLoader:240 - Cannot read IP mode file for STMicroelectronics.X-CUBE-TOUCHGFX.4.24.0
2024-09-17 15:50:39,767 [INFO] WebApp:476 - Direct internet connection detected
2024-09-17 15:50:39,783 [WARN] PackLoader:240 - Cannot read IP mode file for wolfSSL.I-CUBE-wolfTPM.3.4.0
2024-09-17 15:50:39,800 [WARN] PackLoader:240 - Cannot read IP mode file for portGmbH.I-Cube-SoM-uGOAL.1.1.0
2024-09-17 15:50:39,816 [WARN] PackLoader:240 - Cannot read IP mode file for STMicroelectronics.X-CUBE-ALS.1.0.1
2024-09-17 15:50:39,831 [INFO] WebApp:869 - Register for checkConnection events
2024-09-17 15:50:39,831 [INFO] WebApp:448 - Apply proxy settings
2024-09-17 15:50:39,831 [INFO] WebApp:533 - Chromium requires no authentication
2024-09-17 15:50:39,832 [INFO] WebApp:476 - Direct internet connection detected
2024-09-17 15:50:39,851 [WARN] PackLoader:240 - Cannot read IP mode file for STMicroelectronics.X-CUBE-AZRTOS-H7RS.1.0.0
2024-09-17 15:50:39,868 [WARN] PackLoader:240 - Cannot read IP mode file for STMicroelectronics.FP-ATR-ASTRA1.2.0.0
2024-09-17 15:50:39,890 [WARN] PackLoader:240 - Cannot read IP mode file for STMicroelectronics.X-CUBE-TOF1.3.4.2
2024-09-17 15:50:39,918 [WARN] PackLoader:240 - Cannot read IP mode file for STMicroelectronics.X-CUBE-TOF1.3.4.1
2024-09-17 15:50:39,957 [WARN] PackLoader:240 - Cannot read IP mode file for STMicroelectronics.X-CUBE-AZRTOS-H7.3.2.0
2024-09-17 15:50:39,974 [WARN] PackLoader:240 - Cannot read IP mode file for wolfSSL.I-CUBE-wolfSSH.1.4.17
2024-09-17 15:50:39,975 [INFO] ThirdParty:978 - Integrity check success = true
2024-09-17 15:50:39,976 [INFO] IntegrityCheckThread:100 - exiting critical section [integrity check]
2024-09-17 15:50:39,976 [INFO] IntegrityCheckThread:103 - End integrity checks thread
2024-09-17 15:50:40,191 [INFO] WebApp:220 - Starting web application
2024-09-17 15:50:40,192 [INFO] WebApp:578 - Web application path used C:\ST\STM32CubeIDE_1.16.0\STM32CubeIDE\plugins\com.st.stm32cube.common.mx_6.12.0.202406281431\db\plugins\mcufinder\reactClient1\index.html
2024-09-17 15:50:40,217 [INFO] WebApp:186 - Connection restablished
2024-09-17 15:50:40,442 [INFO] UserAuth:417 - Internet connection configuration mode: 1
2024-10-29 19:29:56,996 [INFO] Activator:176 - 


2024-10-29 19:29:56,998 [INFO] Activator:177 - !SESSION log4j initialized
2024-10-29 19:30:05,748 [INFO] LogOutputStream:77 - [STDOUT_REDIRECT] 
2024-10-29 19:30:08,087 [INFO] ApplicationProperties:184 - Using Application install path: C:\ST\STM32CubeIDE_1.16.0\STM32CubeIDE\plugins\com.st.stm32cube.common.mx_6.12.0.202406281431
2024-10-29 19:30:08,117 [INFO] DbMcusXml:78 - Set database path to: C:\ST\STM32CubeIDE_1.16.0\STM32CubeIDE\plugins\com.st.stm32cube.common.mx_6.12.0.202406281431\\db\/mcu/
2024-10-29 19:30:08,118 [INFO] ApiDb:274 - Set plugin database path to: C:\ST\STM32CubeIDE_1.16.0\STM32CubeIDE\plugins\com.st.stm32cube.common.mx_6.12.0.202406281431\\db\/plugins/boardmanager/
2024-10-29 19:30:08,118 [WARN] ApiDb:259 - Overriding images path with different value:  => C:\ST\STM32CubeIDE_1.16.0\STM32CubeIDE\plugins\com.st.stm32cube.common.mx_6.12.0.202406281431\\db\/plugins/mcufinder/images/
2024-10-29 19:30:08,129 [INFO] ApiDb:250 - Set database path to: C:\Users\jvmen\.stmcufinder\plugins\mcufinder//mcu/
2024-10-29 19:30:08,130 [INFO] DbMcusAds:125 - Set database path to: C:\Users\jvmen\.stmcufinder\plugins\mcufinder//mcu/
2024-10-29 19:30:08,133 [INFO] CrossReferenceDbSqlite:203 - Set database path to: C:\Users\jvmen\.stmcufinder\plugins\mcufinder//mcu/cs/
2024-10-29 19:30:08,310 [INFO] RulesReader:64 - Compatibility file has been processed (297 Rules)
2024-10-29 19:30:08,454 [INFO] DbMcusXml:78 - Set database path to: C:\ST\STM32CubeIDE_1.16.0\STM32CubeIDE\plugins\com.st.stm32cube.common.mx_6.12.0.202406281431\\db\/mcu/
2024-10-29 19:30:08,454 [INFO] ApiDb:274 - Set plugin database path to: C:\ST\STM32CubeIDE_1.16.0\STM32CubeIDE\plugins\com.st.stm32cube.common.mx_6.12.0.202406281431\\db\/plugins/boardmanager/
2024-10-29 19:30:08,454 [INFO] ApiDb:261 - Set plugin images path to: C:\ST\STM32CubeIDE_1.16.0\STM32CubeIDE\plugins\com.st.stm32cube.common.mx_6.12.0.202406281431\\db\/plugins/mcufinder/images/
2024-10-29 19:30:08,456 [WARN] DbFile:41 - Overriding database path with different value: C:\Users\jvmen\.stmcufinder\plugins\mcufinder/ => C:\Users\jvmen\.stmcufinder\plugins\mcufinder
2024-10-29 19:30:08,456 [INFO] ApiDb:250 - Set database path to: C:\Users\jvmen\.stmcufinder\plugins\mcufinder//mcu/
2024-10-29 19:30:08,456 [WARN] DbFile:41 - Overriding database path with different value: C:\Users\jvmen\.stmcufinder\plugins\mcufinder/ => C:\Users\jvmen\.stmcufinder\plugins\mcufinder
2024-10-29 19:30:08,456 [INFO] DbMcusAds:125 - Set database path to: C:\Users\jvmen\.stmcufinder\plugins\mcufinder//mcu/
2024-10-29 19:30:08,456 [WARN] DbFile:41 - Overriding database path with different value: C:\Users\jvmen\.stmcufinder\plugins\mcufinder/ => C:\Users\jvmen\.stmcufinder\plugins\mcufinder
2024-10-29 19:30:08,456 [WARN] DbFile:41 - Overriding database path with different value: C:\Users\jvmen\.stmcufinder\plugins\mcufinder/ => C:\Users\jvmen\.stmcufinder\plugins\mcufinder
2024-10-29 19:30:08,456 [INFO] CrossReferenceDbSqlite:203 - Set database path to: C:\Users\jvmen\.stmcufinder\plugins\mcufinder//mcu/cs/
2024-10-29 19:30:08,572 [INFO] MainPanel:268 - HeapMemory: 268435456
2024-10-29 19:30:08,687 [INFO] DbMcusXml:78 - Set database path to: C:\ST\STM32CubeIDE_1.16.0\STM32CubeIDE\plugins\com.st.stm32cube.common.mx_6.12.0.202406281431\\db\/mcu/
2024-10-29 19:30:08,687 [INFO] ApiDb:274 - Set plugin database path to: C:\ST\STM32CubeIDE_1.16.0\STM32CubeIDE\plugins\com.st.stm32cube.common.mx_6.12.0.202406281431\\db\/plugins/boardmanager/
2024-10-29 19:30:08,687 [INFO] ApiDb:261 - Set plugin images path to: C:\ST\STM32CubeIDE_1.16.0\STM32CubeIDE\plugins\com.st.stm32cube.common.mx_6.12.0.202406281431\\db\/plugins/mcufinder/images/
2024-10-29 19:30:08,688 [WARN] DbFile:41 - Overriding database path with different value: C:\Users\jvmen\.stmcufinder\plugins\mcufinder/ => C:\Users\jvmen\.stmcufinder\plugins\mcufinder
2024-10-29 19:30:08,688 [INFO] ApiDb:250 - Set database path to: C:\Users\jvmen\.stmcufinder\plugins\mcufinder//mcu/
2024-10-29 19:30:08,688 [WARN] DbFile:41 - Overriding database path with different value: C:\Users\jvmen\.stmcufinder\plugins\mcufinder/ => C:\Users\jvmen\.stmcufinder\plugins\mcufinder
2024-10-29 19:30:08,688 [INFO] DbMcusAds:125 - Set database path to: C:\Users\jvmen\.stmcufinder\plugins\mcufinder//mcu/
2024-10-29 19:30:08,688 [WARN] DbFile:41 - Overriding database path with different value: C:\Users\jvmen\.stmcufinder\plugins\mcufinder/ => C:\Users\jvmen\.stmcufinder\plugins\mcufinder
2024-10-29 19:30:08,688 [WARN] DbFile:41 - Overriding database path with different value: C:\Users\jvmen\.stmcufinder\plugins\mcufinder/ => C:\Users\jvmen\.stmcufinder\plugins\mcufinder
2024-10-29 19:30:08,689 [INFO] CrossReferenceDbSqlite:203 - Set database path to: C:\Users\jvmen\.stmcufinder\plugins\mcufinder//mcu/cs/
2024-10-29 19:30:08,719 [INFO] ApplicationProperties:184 - Using Application install path: C:\ST\STM32CubeIDE_1.16.0\STM32CubeIDE\plugins\com.st.stm32cube.common.mx_6.12.0.202406281431
2024-10-29 19:30:08,721 [INFO] PluginManage:196 - Search for loadable plugins [exclusion list=, ]
2024-10-29 19:30:08,723 [INFO] PluginManage:310 - Check plugin analytics
2024-10-29 19:30:09,176 [INFO] AnalyticsPlugin:253 - Accepted Software Licenses: 
2024-10-29 19:30:09,177 [INFO] AnalyticsPlugin:255 - Accepted CMSIS Pack Licenses: 
2024-10-29 19:30:09,177 [INFO] AnalyticsPlugin:257 - Accepted Firmware Licenses: FW.G4.1.5.0,FW.G4.1.6.0
2024-10-29 19:30:09,186 [INFO] PluginManage:359 - Loaded plugin analytics (category:tool,tabindex:-1)
2024-10-29 19:30:09,187 [INFO] PluginManage:310 - Check plugin cadmodel
2024-10-29 19:30:09,210 [INFO] CADModel:105 - Init CAD model plugin
2024-10-29 19:30:09,210 [INFO] PluginManage:359 - Loaded plugin cadmodel (category:power,tabindex:5)
2024-10-29 19:30:09,210 [INFO] PluginManage:310 - Check plugin clock
2024-10-29 19:30:09,260 [INFO] PluginManage:359 - Loaded plugin clock (category:base,tabindex:2)
2024-10-29 19:30:09,261 [INFO] PluginManage:310 - Check plugin ddr
2024-10-29 19:30:09,266 [INFO] PluginManage:359 - Loaded plugin ddr (category:tool,tabindex:6)
2024-10-29 19:30:09,267 [INFO] PluginManage:310 - Check plugin filemanager
2024-10-29 19:30:09,564 [INFO] PluginManage:359 - Loaded plugin filemanager (category:base,tabindex:10)
2024-10-29 19:30:09,564 [INFO] PluginManage:310 - Check plugin ipmanager
2024-10-29 19:30:09,574 [INFO] PluginManage:359 - Loaded plugin ipmanager (category:base,tabindex:5)
2024-10-29 19:30:09,575 [INFO] PluginManage:310 - Check plugin lpbam
2024-10-29 19:30:09,596 [INFO] PluginManage:359 - Loaded plugin lpbam (category:base,tabindex:0)
2024-10-29 19:30:09,597 [INFO] PluginManage:310 - Check plugin memorymap
2024-10-29 19:30:09,623 [INFO] PluginManage:359 - Loaded plugin memorymap (category:base,tabindex:4)
2024-10-29 19:30:09,623 [INFO] PluginManage:310 - Check plugin pinoutandconfiguration
2024-10-29 19:30:09,648 [INFO] PluginManage:359 - Loaded plugin pinoutandconfiguration (category:base,tabindex:1)
2024-10-29 19:30:09,649 [INFO] PluginManage:310 - Check plugin pinoutconfig
2024-10-29 19:30:09,817 [WARN] SupportedApi:132 - Cannot load RTOS API schema: s4s-elt-must-match.1: The content of 'definitions' must match (annotation?, (simpleType | complexType)?, (unique | key | keyref)*)). A problem was found starting at: attribute.
2024-10-29 19:30:09,997 [INFO] PluginManage:359 - Loaded plugin pinoutconfig (category:base,tabindex:0)
2024-10-29 19:30:09,997 [INFO] PluginManage:310 - Check plugin power
2024-10-29 19:30:10,025 [INFO] PluginManage:359 - Loaded plugin power (category:power,tabindex:4)
2024-10-29 19:30:10,025 [INFO] PluginManage:310 - Check plugin projectmanager
2024-10-29 19:30:10,053 [INFO] PluginManage:359 - Loaded plugin projectmanager (category:projectmanager,tabindex:4)
2024-10-29 19:30:10,053 [INFO] PluginManage:310 - Check plugin rif
2024-10-29 19:30:10,072 [INFO] PluginManage:359 - Loaded plugin rif (category:base,tabindex:3)
2024-10-29 19:30:10,072 [INFO] PluginManage:310 - Check plugin thirdparty
2024-10-29 19:30:10,486 [INFO] PluginManage:359 - Loaded plugin thirdparty (category:base,tabindex:-1)
2024-10-29 19:30:10,486 [WARN] IntegrityCheckThread:84 - waiting for thirdparty lock release [integrity check]
2024-10-29 19:30:10,487 [INFO] IntegrityCheckThread:86 - entering critical section [integrity check]
2024-10-29 19:30:10,487 [INFO] PluginManage:310 - Check plugin tools
2024-10-29 19:30:10,488 [INFO] ThirdPartyUpdaterWithRetryManager:70 - Updater plugin not ready yet. [1/15]
2024-10-29 19:30:10,535 [INFO] PluginManage:359 - Loaded plugin tools (category:base,tabindex:7)
2024-10-29 19:30:10,535 [INFO] PluginManage:310 - Check plugin tutovideos
2024-10-29 19:30:10,754 [INFO] PluginManage:359 - Loaded plugin tutovideos (category:base,tabindex:-1)
2024-10-29 19:30:10,754 [INFO] PluginManage:310 - Check plugin updater
2024-10-29 19:30:10,785 [INFO] PluginManage:359 - Loaded plugin updater (category:base,tabindex:12)
2024-10-29 19:30:10,785 [INFO] PluginManage:310 - Check plugin userauth
2024-10-29 19:30:10,795 [INFO] UserAuth:113 - Init User Auth plugin
2024-10-29 19:30:10,795 [INFO] PluginManage:359 - Loaded plugin userauth (category:base,tabindex:14)
2024-10-29 19:30:10,796 [INFO] PluginManage:283 - PluginManage : Loaded plugins [18]
2024-10-29 19:30:11,112 [INFO] PinOutPanel:1561 - setPackage(No Configuration,No Configuration)
2024-10-29 19:30:11,221 [INFO] CADModel:165 - CPN selected for project level
2024-10-29 19:30:11,221 [INFO] CADModel:114 - Register for checkConnection events
2024-10-29 19:30:11,259 [INFO] IPUIPlugin:80 - create IPUIPlugin
2024-10-29 19:30:11,260 [INFO] PluginManager:220 - loadIPPluginJar : add adc
2024-10-29 19:30:11,314 [INFO] IPUIPlugin:80 - create IPUIPlugin
2024-10-29 19:30:11,314 [INFO] PluginManager:220 - loadIPPluginJar : add aes
2024-10-29 19:30:11,368 [INFO] IPUIPlugin:80 - create IPUIPlugin
2024-10-29 19:30:11,368 [INFO] PluginManager:220 - loadIPPluginJar : add can
2024-10-29 19:30:11,399 [INFO] IPUIPlugin:80 - create IPUIPlugin
2024-10-29 19:30:11,399 [INFO] PluginManager:220 - loadIPPluginJar : add comp
2024-10-29 19:30:11,445 [INFO] IPUIPlugin:80 - create IPUIPlugin
2024-10-29 19:30:11,446 [INFO] PluginManager:220 - loadIPPluginJar : add cryp
2024-10-29 19:30:11,465 [INFO] IPUIPlugin:80 - create IPUIPlugin
2024-10-29 19:30:11,465 [INFO] PluginManager:220 - loadIPPluginJar : add ddr_ctrl_phy
2024-10-29 19:30:11,511 [INFO] IPUIPlugin:80 - create IPUIPlugin
2024-10-29 19:30:11,511 [INFO] PluginManager:220 - loadIPPluginJar : add dfsdm
2024-10-29 19:30:11,529 [INFO] IPUIPlugin:80 - create IPUIPlugin
2024-10-29 19:30:11,529 [INFO] PluginManager:220 - loadIPPluginJar : add dma
2024-10-29 19:30:11,589 [INFO] IPUIPlugin:80 - create IPUIPlugin
2024-10-29 19:30:11,589 [INFO] PluginManager:220 - loadIPPluginJar : add dma3
2024-10-29 19:30:11,645 [INFO] IPUIPlugin:80 - create IPUIPlugin
2024-10-29 19:30:11,646 [INFO] PluginManager:220 - loadIPPluginJar : add extmemmanager
2024-10-29 19:30:11,670 [INFO] IPUIPlugin:80 - create IPUIPlugin
2024-10-29 19:30:11,670 [INFO] PluginManager:220 - loadIPPluginJar : add fatfs
2024-10-29 19:30:11,732 [INFO] IPUIPlugin:80 - create IPUIPlugin
2024-10-29 19:30:11,733 [INFO] PluginManager:220 - loadIPPluginJar : add fmc
2024-10-29 19:30:11,752 [INFO] IPUIPlugin:80 - create IPUIPlugin
2024-10-29 19:30:11,752 [INFO] PluginManager:220 - loadIPPluginJar : add freertos
2024-10-29 19:30:11,781 [INFO] IPUIPlugin:80 - create IPUIPlugin
2024-10-29 19:30:11,781 [INFO] PluginManager:220 - loadIPPluginJar : add genericplugin
2024-10-29 19:30:11,924 [INFO] IPUIPlugin:80 - create IPUIPlugin
2024-10-29 19:30:11,925 [INFO] PluginManager:220 - loadIPPluginJar : add gfxmmu
2024-10-29 19:30:12,099 [INFO] IPUIPlugin:80 - create IPUIPlugin
2024-10-29 19:30:12,099 [INFO] PluginManager:220 - loadIPPluginJar : add gic
2024-10-29 19:30:12,117 [INFO] IPUIPlugin:80 - create IPUIPlugin
2024-10-29 19:30:12,117 [INFO] PluginManager:220 - loadIPPluginJar : add gpio
2024-10-29 19:30:12,234 [INFO] IPUIPlugin:80 - create IPUIPlugin
2024-10-29 19:30:12,234 [INFO] PluginManager:220 - loadIPPluginJar : add gtzc
2024-10-29 19:30:12,292 [INFO] IPUIPlugin:80 - create IPUIPlugin
2024-10-29 19:30:12,292 [INFO] PluginManager:220 - loadIPPluginJar : add hash
2024-10-29 19:30:12,363 [INFO] IPUIPlugin:80 - create IPUIPlugin
2024-10-29 19:30:12,363 [INFO] PluginManager:220 - loadIPPluginJar : add i2c
2024-10-29 19:30:12,412 [INFO] IPUIPlugin:80 - create IPUIPlugin
2024-10-29 19:30:12,412 [INFO] PluginManager:220 - loadIPPluginJar : add i2s
2024-10-29 19:30:12,464 [INFO] IPUIPlugin:80 - create IPUIPlugin
2024-10-29 19:30:12,465 [INFO] PluginManager:220 - loadIPPluginJar : add i3c
2024-10-29 19:30:12,593 [INFO] IPUIPlugin:80 - create IPUIPlugin
2024-10-29 19:30:12,593 [INFO] PluginManager:220 - loadIPPluginJar : add ipddr
2024-10-29 19:30:12,703 [INFO] IPUIPlugin:80 - create IPUIPlugin
2024-10-29 19:30:12,704 [INFO] PluginManager:220 - loadIPPluginJar : add linkedlist
2024-10-29 19:30:12,754 [INFO] IPUIPlugin:80 - create IPUIPlugin
2024-10-29 19:30:12,754 [INFO] PluginManager:220 - loadIPPluginJar : add lorawan
2024-10-29 19:30:12,804 [INFO] IPUIPlugin:80 - create IPUIPlugin
2024-10-29 19:30:12,804 [INFO] PluginManager:220 - loadIPPluginJar : add ltdc
2024-10-29 19:30:12,825 [INFO] IPUIPlugin:80 - create IPUIPlugin
2024-10-29 19:30:12,825 [INFO] PluginManager:220 - loadIPPluginJar : add mdma
2024-10-29 19:30:12,847 [INFO] IPUIPlugin:80 - create IPUIPlugin
2024-10-29 19:30:12,848 [INFO] PluginManager:220 - loadIPPluginJar : add nvic
2024-10-29 19:30:12,907 [INFO] IPUIPlugin:80 - create IPUIPlugin
2024-10-29 19:30:12,907 [INFO] PluginManager:220 - loadIPPluginJar : add opamp
2024-10-29 19:30:12,990 [INFO] IPUIPlugin:80 - create IPUIPlugin
2024-10-29 19:30:12,990 [INFO] PluginManager:220 - loadIPPluginJar : add openamp
2024-10-29 19:30:13,041 [INFO] IPUIPlugin:80 - create IPUIPlugin
2024-10-29 19:30:13,041 [INFO] PluginManager:220 - loadIPPluginJar : add pdm2pcm
2024-10-29 19:30:13,059 [INFO] IPUIPlugin:80 - create IPUIPlugin
2024-10-29 19:30:13,062 [INFO] PluginManager:220 - loadIPPluginJar : add plateformsettings
2024-10-29 19:30:13,090 [INFO] IPUIPlugin:80 - create IPUIPlugin
2024-10-29 19:30:13,090 [INFO] PluginManager:220 - loadIPPluginJar : add quadspi
2024-10-29 19:30:13,125 [INFO] IPUIPlugin:80 - create IPUIPlugin
2024-10-29 19:30:13,126 [INFO] PluginManager:220 - loadIPPluginJar : add radio
2024-10-29 19:30:13,142 [INFO] IPUIPlugin:80 - create IPUIPlugin
2024-10-29 19:30:13,142 [INFO] PluginManager:220 - loadIPPluginJar : add resmgrutility
2024-10-29 19:30:13,199 [INFO] IPUIPlugin:80 - create IPUIPlugin
2024-10-29 19:30:13,199 [INFO] PluginManager:220 - loadIPPluginJar : add sai
2024-10-29 19:30:13,248 [INFO] IPUIPlugin:80 - create IPUIPlugin
2024-10-29 19:30:13,248 [INFO] PluginManager:220 - loadIPPluginJar : add spi
2024-10-29 19:30:13,339 [INFO] IPUIPlugin:80 - create IPUIPlugin
2024-10-29 19:30:13,339 [INFO] PluginManager:220 - loadIPPluginJar : add stm32_wpan
2024-10-29 19:30:13,369 [INFO] IPUIPlugin:80 - create IPUIPlugin
2024-10-29 19:30:13,369 [INFO] PluginManager:220 - loadIPPluginJar : add tim
2024-10-29 19:30:13,447 [INFO] IPUIPlugin:80 - create IPUIPlugin
2024-10-29 19:30:13,448 [INFO] PluginManager:220 - loadIPPluginJar : add touchsensing
2024-10-29 19:30:13,476 [INFO] IPUIPlugin:80 - create IPUIPlugin
2024-10-29 19:30:13,477 [INFO] PluginManager:220 - loadIPPluginJar : add tracer_emb
2024-10-29 19:30:13,489 [INFO] ThirdPartyUpdaterWithRetryManager:70 - Updater plugin not ready yet. [2/15]
2024-10-29 19:30:13,505 [INFO] IPUIPlugin:80 - create IPUIPlugin
2024-10-29 19:30:13,505 [INFO] PluginManager:220 - loadIPPluginJar : add ts
2024-10-29 19:30:13,535 [INFO] IPUIPlugin:80 - create IPUIPlugin
2024-10-29 19:30:13,535 [INFO] PluginManager:220 - loadIPPluginJar : add tsc
2024-10-29 19:30:13,564 [INFO] IPUIPlugin:80 - create IPUIPlugin
2024-10-29 19:30:13,564 [INFO] PluginManager:220 - loadIPPluginJar : add ucpd
2024-10-29 19:30:13,614 [INFO] IPUIPlugin:80 - create IPUIPlugin
2024-10-29 19:30:13,616 [INFO] PluginManager:220 - loadIPPluginJar : add usart
2024-10-29 19:30:13,674 [INFO] IPUIPlugin:80 - create IPUIPlugin
2024-10-29 19:30:13,674 [INFO] PluginManager:220 - loadIPPluginJar : add usbx
2024-10-29 19:30:13,816 [INFO] CADModel:165 - CPN selected for project level
2024-10-29 19:30:13,817 [INFO] CADModel:114 - Register for checkConnection events
2024-10-29 19:30:13,818 [FATAL] Updater:334 - Updater called before beeing initialized
2024-10-29 19:30:13,818 [ERROR] CADModel:125 - Updater not yet initialized, retry later 
2024-10-29 19:30:14,096 [INFO] CADModel:165 - CPN selected for project level
2024-10-29 19:30:14,096 [INFO] CADModel:114 - Register for checkConnection events
2024-10-29 19:30:14,096 [FATAL] Updater:334 - Updater called before beeing initialized
2024-10-29 19:30:14,096 [ERROR] CADModel:125 - Updater not yet initialized, retry later 
2024-10-29 19:30:14,103 [FATAL] Updater:334 - Updater called before beeing initialized
2024-10-29 19:30:14,252 [FATAL] Updater:334 - Updater called before beeing initialized
2024-10-29 19:30:14,265 [INFO] DbMcusAds:53 - JSON generation date=Fri Sep 20 10:04:23 BRT 2024 (1726837463113)
2024-10-29 19:30:14,266 [FATAL] Updater:334 - Updater called before beeing initialized
2024-10-29 19:30:14,306 [WARN] DetailPanel:346 - Failed to get advertising image, set to default
2024-10-29 19:30:14,442 [FATAL] Updater:334 - Updater called before beeing initialized
2024-10-29 19:30:14,446 [FATAL] Updater:334 - Updater called before beeing initialized
2024-10-29 19:30:14,446 [FATAL] Updater:334 - Updater called before beeing initialized
2024-10-29 19:30:14,446 [WARN] DetailPanel:346 - Failed to get advertising image, set to default
2024-10-29 19:30:14,448 [FATAL] Updater:334 - Updater called before beeing initialized
2024-10-29 19:30:14,519 [ERROR] Updater:1164 - MainUpdater not yet initialized. External WinMGr cannot be set.
2024-10-29 19:30:14,531 [INFO] Updater:1100 - Updater Version found : 6.12.0
2024-10-29 19:30:14,551 [INFO] ApplicationProperties:184 - Using Application install path: C:\ST\STM32CubeIDE_1.16.0\STM32CubeIDE\plugins\com.st.stm32cube.common.mx_6.12.0.202406281431
2024-10-29 19:30:16,161 [ERROR] LogOutputStream:75 - [STDERR_REDIRECT] Oct 29, 2024 7:30:16 PM java.util.prefs.WindowsPreferences <init>
2024-10-29 19:30:16,163 [ERROR] LogOutputStream:75 - [STDERR_REDIRECT] WARNING: Could not open/create prefs root node Software\JavaSoft\Prefs at root 0xffffffff80000002. Windows RegCreateKeyEx(...) returned error code 5.
2024-10-29 19:30:16,163 [ERROR] LogOutputStream:75 - [STDERR_REDIRECT] 
2024-10-29 19:30:16,490 [INFO] ThirdPartyUpdaterWithRetryManager:70 - Updater plugin not ready yet. [3/15]
2024-10-29 19:30:16,661 [INFO] MainUpdater:2873 - connection check result : 10
2024-10-29 19:30:16,662 [INFO] MainUpdater:290 - Updater Check For Update Now.
2024-10-29 19:30:16,662 [INFO] MicroXplorer:498 - Change Database Version : DB.6.0.120
2024-10-29 19:30:16,690 [INFO] McuFinderGlobals:63 - Set McuFinder mode to 2 (CubeIDE integrated)
2024-10-29 19:30:16,700 [INFO] UserAuth:417 - Internet connection configuration mode: 1
2024-10-29 19:30:16,748 [INFO] JxBrowserEngine:152 - Initiate JxBrowser Engine with user profile folder
2024-10-29 19:30:16,952 [INFO] CheckServerUpdateThread:120 - End of CheckServer Thread
2024-10-29 19:30:19,781 [WARN] PackLoader:240 - Cannot read IP mode file for STMicroelectronics.FP-SNS-MOTENVWB1.1.4.0
2024-10-29 19:30:19,807 [WARN] PackLoader:240 - Cannot read IP mode file for STMicroelectronics.X-CUBE-SMBUS.2.1.0
2024-10-29 19:30:19,826 [WARN] PackLoader:240 - Cannot read IP mode file for STMicroelectronics.X-CUBE-WB05N.1.1.0
2024-10-29 19:30:19,844 [WARN] PackLoader:240 - Cannot read IP mode file for STMicroelectronics.X-CUBE-TOUCHGFX.4.23.1
2024-10-29 19:30:19,856 [WARN] PackLoader:240 - Cannot read IP mode file for STMicroelectronics.X-CUBE-TOUCHGFX.4.23.0
2024-10-29 19:30:19,868 [WARN] PackLoader:240 - Cannot read IP mode file for STMicroelectronics.X-CUBE-TOUCHGFX.4.23.2
2024-10-29 19:30:19,918 [WARN] PackLoader:240 - Cannot read IP mode file for STMicroelectronics.X-CUBE-AZRTOS-F7.1.1.0
2024-10-29 19:30:19,948 [WARN] PackLoader:240 - Cannot read IP mode file for STMicroelectronics.FP-SNS-MOTENV1.4.3.2
2024-10-29 19:30:20,041 [WARN] PackLoader:240 - Cannot read IP mode file for STMicroelectronics.X-CUBE-MEMS1.11.0.0
2024-10-29 19:30:20,223 [WARN] PackLoader:240 - Cannot read IP mode file for STMicroelectronics.FP-SNS-FLIGHT1.5.0.2
2024-10-29 19:30:20,260 [WARN] PackLoader:240 - Cannot read IP mode file for STMicroelectronics.X-CUBE-DISPLAY.3.0.0
2024-10-29 19:30:20,282 [WARN] PackLoader:240 - Cannot read IP mode file for STMicroelectronics.X-CUBE-BLE1.7.0.0
2024-10-29 19:30:20,299 [WARN] PackLoader:240 - Cannot read IP mode file for STMicroelectronics.X-CUBE-NFC10.1.0.0
2024-10-29 19:30:20,322 [WARN] PackLoader:240 - Cannot read IP mode file for emotas.I-CUBE-CANOPEN.1.3.0
2024-10-29 19:30:20,339 [WARN] PackLoader:240 - Cannot read IP mode file for STMicroelectronics.X-CUBE-BLEMGR.3.1.0
2024-10-29 19:30:20,358 [WARN] PackLoader:240 - Cannot read IP mode file for STMicroelectronics.FP-SNS-SMARTAG2.1.2.0
2024-10-29 19:30:20,385 [INFO] LogOutputStream:77 - [STDOUT_REDIRECT] 1 : Invalid condition id : UX_CORESTACK_Condition cause : null
2024-10-29 19:30:20,387 [INFO] LogOutputStream:77 - [STDOUT_REDIRECT] 1 : Invalid condition id : UX_CORESTACK_Condition cause : null
2024-10-29 19:30:20,389 [INFO] LogOutputStream:77 - [STDOUT_REDIRECT] 1 : Invalid condition id : UX_CORESTACK_Condition cause : null
2024-10-29 19:30:20,390 [INFO] LogOutputStream:77 - [STDOUT_REDIRECT] 1 : Invalid condition id : UX_CORESTACK_Condition cause : null
2024-10-29 19:30:20,392 [INFO] LogOutputStream:77 - [STDOUT_REDIRECT] 1 : Invalid condition id : UX_CORESTACK_Condition cause : null
2024-10-29 19:30:20,394 [WARN] PackLoader:240 - Cannot read IP mode file for STMicroelectronics.X-CUBE-AZRTOS-WL.2.0.0
2024-10-29 19:30:20,414 [WARN] PackLoader:240 - Cannot read IP mode file for STMicroelectronics.FP-SNS-MOTENV1.5.0.0
2024-10-29 19:30:20,428 [WARN] PackLoader:240 - Cannot read IP mode file for wolfSSL.I-CUBE-wolfMQTT.1.19.0
2024-10-29 19:30:20,449 [WARN] PackLoader:240 - Cannot read IP mode file for WES.I-CUBE-Cesium.1.3.0
2024-10-29 19:30:20,465 [WARN] PackLoader:240 - Cannot read IP mode file for STMicroelectronics.X-CUBE-BLE2.3.3.0
2024-10-29 19:30:20,481 [WARN] PackLoader:240 - Cannot read IP mode file for STMicroelectronics.X-CUBE-NFC9.1.0.0
2024-10-29 19:30:20,496 [WARN] PackLoader:240 - Cannot read IP mode file for STMicroelectronics.X-CUBE-TCPP.4.1.0
2024-10-29 19:30:20,512 [WARN] PackLoader:240 - Cannot read IP mode file for STMicroelectronics.X-CUBE-ALGOBUILD.1.3.0
2024-10-29 19:30:20,542 [WARN] PackLoader:240 - Cannot read IP mode file for STMicroelectronics.X-CUBE-AZRTOS-G0.1.1.0
2024-10-29 19:30:20,564 [WARN] PackLoader:240 - Cannot read IP mode file for STMicroelectronics.X-CUBE-SAFEA1.1.2.2
2024-10-29 19:30:20,582 [WARN] PackLoader:240 - Cannot read IP mode file for STMicroelectronics.X-CUBE-NFC4.3.0.0
2024-10-29 19:30:20,607 [WARN] PackLoader:240 - Cannot read IP mode file for EmbeddedOffice.I-CUBE-FS-RTOS.1.0.1
2024-10-29 19:30:20,608 [ERROR] ConditionMgr:805 - Attr not supported : Dmpu
2024-10-29 19:30:20,608 [ERROR] ConditionMgr:805 - Attr not supported : Dmpu
2024-10-29 19:30:20,608 [ERROR] ConditionMgr:805 - Attr not supported : Dmpu
2024-10-29 19:30:20,608 [ERROR] ConditionMgr:805 - Attr not supported : Dmpu
2024-10-29 19:30:20,608 [ERROR] ConditionMgr:805 - Attr not supported : Dmpu
2024-10-29 19:30:20,609 [ERROR] ConditionMgr:805 - Attr not supported : Dmpu
2024-10-29 19:30:20,609 [ERROR] ConditionMgr:805 - Attr not supported : Dmpu
2024-10-29 19:30:20,609 [ERROR] ConditionMgr:805 - Attr not supported : Dmpu
2024-10-29 19:30:20,609 [ERROR] ConditionMgr:805 - Attr not supported : Dmpu
2024-10-29 19:30:20,609 [ERROR] ConditionMgr:805 - Attr not supported : Dmpu
2024-10-29 19:30:20,609 [ERROR] ConditionMgr:805 - Attr not supported : Dmpu
2024-10-29 19:30:20,609 [ERROR] ConditionMgr:805 - Attr not supported : Dmpu
2024-10-29 19:30:20,609 [ERROR] ConditionMgr:805 - Attr not supported : Dmpu
2024-10-29 19:30:20,609 [ERROR] ConditionMgr:805 - Attr not supported : Dmpu
2024-10-29 19:30:20,609 [ERROR] ConditionMgr:805 - Attr not supported : Dmpu
2024-10-29 19:30:20,609 [ERROR] ConditionMgr:805 - Attr not supported : Dmpu
2024-10-29 19:30:20,609 [ERROR] ConditionMgr:805 - Attr not supported : Dmpu
2024-10-29 19:30:20,609 [ERROR] ConditionMgr:805 - Attr not supported : Dmpu
2024-10-29 19:30:20,609 [ERROR] ConditionMgr:805 - Attr not supported : Dmpu
2024-10-29 19:30:20,609 [ERROR] ConditionMgr:805 - Attr not supported : Dmpu
2024-10-29 19:30:20,609 [ERROR] ConditionMgr:805 - Attr not supported : Dmpu
2024-10-29 19:30:20,610 [ERROR] ConditionMgr:805 - Attr not supported : Dmpu
2024-10-29 19:30:20,610 [ERROR] ConditionMgr:805 - Attr not supported : Dmpu
2024-10-29 19:30:20,610 [ERROR] ConditionMgr:805 - Attr not supported : Dmpu
2024-10-29 19:30:20,610 [ERROR] ConditionMgr:805 - Attr not supported : Dmpu
2024-10-29 19:30:20,610 [ERROR] ConditionMgr:805 - Attr not supported : Dmpu
2024-10-29 19:30:20,610 [ERROR] ConditionMgr:805 - Attr not supported : Dmpu
2024-10-29 19:30:20,610 [ERROR] ConditionMgr:805 - Attr not supported : Dmpu
2024-10-29 19:30:20,610 [ERROR] ConditionMgr:805 - Attr not supported : Dmpu
2024-10-29 19:30:20,610 [ERROR] ConditionMgr:805 - Attr not supported : Dmpu
2024-10-29 19:30:20,610 [ERROR] ConditionMgr:805 - Attr not supported : Dmpu
2024-10-29 19:30:20,610 [ERROR] ConditionMgr:805 - Attr not supported : Dmpu
2024-10-29 19:30:20,610 [ERROR] ConditionMgr:805 - Attr not supported : Dmpu
2024-10-29 19:30:20,610 [ERROR] ConditionMgr:805 - Attr not supported : Dmpu
2024-10-29 19:30:20,610 [ERROR] ConditionMgr:805 - Attr not supported : Dmpu
2024-10-29 19:30:20,610 [ERROR] ConditionMgr:805 - Attr not supported : Dmpu
2024-10-29 19:30:20,610 [ERROR] ConditionMgr:805 - Attr not supported : Dmpu
2024-10-29 19:30:20,610 [ERROR] ConditionMgr:805 - Attr not supported : Dmpu
2024-10-29 19:30:20,610 [ERROR] ConditionMgr:805 - Attr not supported : Dmpu
2024-10-29 19:30:20,610 [ERROR] ConditionMgr:805 - Attr not supported : Dmpu
2024-10-29 19:30:20,611 [ERROR] ConditionMgr:805 - Attr not supported : Dmpu
2024-10-29 19:30:20,611 [ERROR] ConditionMgr:805 - Attr not supported : Dmpu
2024-10-29 19:30:20,611 [ERROR] ConditionMgr:805 - Attr not supported : Dmpu
2024-10-29 19:30:20,611 [ERROR] ConditionMgr:805 - Attr not supported : Dmpu
2024-10-29 19:30:20,611 [ERROR] ConditionMgr:805 - Attr not supported : Dmpu
2024-10-29 19:30:20,611 [ERROR] ConditionMgr:805 - Attr not supported : Dmpu
2024-10-29 19:30:20,611 [ERROR] ConditionMgr:805 - Attr not supported : Dmpu
2024-10-29 19:30:20,611 [ERROR] ConditionMgr:805 - Attr not supported : Dmpu
2024-10-29 19:30:20,611 [ERROR] ConditionMgr:805 - Attr not supported : Dmpu
2024-10-29 19:30:20,611 [ERROR] ConditionMgr:805 - Attr not supported : Dmpu
2024-10-29 19:30:20,611 [ERROR] ConditionMgr:805 - Attr not supported : Dmpu
2024-10-29 19:30:20,611 [ERROR] ConditionMgr:805 - Attr not supported : Dmpu
2024-10-29 19:30:20,611 [ERROR] ConditionMgr:805 - Attr not supported : Dmpu
2024-10-29 19:30:20,611 [ERROR] ConditionMgr:805 - Attr not supported : Dmpu
2024-10-29 19:30:20,611 [ERROR] ConditionMgr:805 - Attr not supported : Dmpu
2024-10-29 19:30:20,611 [ERROR] ConditionMgr:805 - Attr not supported : Dmpu
2024-10-29 19:30:20,611 [ERROR] ConditionMgr:805 - Attr not supported : Dmpu
2024-10-29 19:30:20,611 [ERROR] ConditionMgr:805 - Attr not supported : Dmpu
2024-10-29 19:30:20,611 [ERROR] ConditionMgr:805 - Attr not supported : Dmpu
2024-10-29 19:30:20,611 [ERROR] ConditionMgr:805 - Attr not supported : Dmpu
2024-10-29 19:30:20,612 [ERROR] ConditionMgr:805 - Attr not supported : Dmpu
2024-10-29 19:30:20,612 [ERROR] ConditionMgr:805 - Attr not supported : Dmpu
2024-10-29 19:30:20,612 [ERROR] ConditionMgr:805 - Attr not supported : Dmpu
2024-10-29 19:30:20,613 [ERROR] ConditionMgr:805 - Attr not supported : Dmpu
2024-10-29 19:30:20,630 [WARN] PackLoader:240 - Cannot read IP mode file for RealThread.X-CUBE-RT-Thread_Nano.4.1.1
2024-10-29 19:30:20,644 [WARN] PackLoader:240 - Cannot read IP mode file for STMicroelectronics.FP-ATR-SIGFOX1.3.2.0
2024-10-29 19:30:20,664 [WARN] PackLoader:240 - Cannot read IP mode file for STMicroelectronics.X-CUBE-EEPRMA1.5.1.0
2024-10-29 19:30:20,717 [WARN] PackLoader:240 - Cannot read IP mode file for SEGGER.I-CUBE-embOS.1.3.1
2024-10-29 19:30:20,770 [WARN] PackLoader:240 - Cannot read IP mode file for STMicroelectronics.X-CUBE-ALGOBUILD.1.4.0
2024-10-29 19:30:20,785 [WARN] PackLoader:240 - Cannot read IP mode file for STMicroelectronics.X-CUBE-AI.9.1.0
2024-10-29 19:30:20,801 [WARN] PackLoader:240 - Cannot read IP mode file for STMicroelectronics.X-CUBE-GNSS1.6.0.0
2024-10-29 19:30:20,830 [WARN] PackLoader:240 - Cannot read IP mode file for STMicroelectronics.X-CUBE-AZRTOS-F4.1.1.0
2024-10-29 19:30:20,848 [WARN] PackLoader:240 - Cannot read IP mode file for STMicroelectronics.X-CUBE-ISPU.2.1.0
2024-10-29 19:30:20,865 [WARN] PackLoader:240 - Cannot read IP mode file for STMicroelectronics.X-CUBE-FREERTOS.1.2.0
2024-10-29 19:30:20,882 [WARN] PackLoader:240 - Cannot read IP mode file for wolfSSL.I-CUBE-wolfSSL.5.6.6
2024-10-29 19:30:20,916 [WARN] PackLoader:240 - Cannot read IP mode file for STMicroelectronics.X-CUBE-AZRTOS-L5.2.0.0
2024-10-29 19:30:20,935 [WARN] PackLoader:240 - Cannot read IP mode file for STMicroelectronics.X-CUBE-NFC6.3.1.0
2024-10-29 19:30:20,954 [WARN] PackLoader:240 - Cannot read IP mode file for ITTIA_DB.I-CUBE-ITTIADB.8.8.0
2024-10-29 19:30:20,971 [WARN] PackLoader:240 - Cannot read IP mode file for STMicroelectronics.X-CUBE-DPower.1.2.0
2024-10-29 19:30:20,986 [WARN] PackLoader:240 - Cannot read IP mode file for STMicroelectronics.X-CUBE-AI.9.0.0
2024-10-29 19:30:21,000 [WARN] PackLoader:240 - Cannot read IP mode file for STMicroelectronics.X-CUBE-NFC7.1.0.1
2024-10-29 19:30:21,017 [WARN] PackLoader:240 - Cannot read IP mode file for STMicroelectronics.X-CUBE-NFC6.3.0.0
2024-10-29 19:30:21,036 [WARN] PackLoader:240 - Cannot read IP mode file for STMicroelectronics.X-CUBE-AI.8.1.0
2024-10-29 19:30:21,078 [WARN] ConditionMgr:438 - getConditionDescription Invalid condition id : LAN8742 Phy interface Condition cause : null
2024-10-29 19:30:21,079 [WARN] PackLoader:240 - Cannot read IP mode file for STMicroelectronics.X-CUBE-AZRTOS-L4.2.0.0
2024-10-29 19:30:21,083 [WARN] ConditionMgr:1039 - genDependencies : Invalid condition id : LAN8742 Phy interface Condition cause : null
2024-10-29 19:30:21,083 [WARN] ConditionMgr:1039 - genDependencies : Invalid condition id : LAN8742 Phy interface Condition cause : null
2024-10-29 19:30:21,084 [WARN] ConditionMgr:1039 - genDependencies : Invalid condition id : LAN8742 Phy interface Condition cause : null
2024-10-29 19:30:21,108 [WARN] PackLoader:240 - Cannot read IP mode file for STMicroelectronics.X-CUBE-SFXS2LP1.4.0.0
2024-10-29 19:30:21,169 [WARN] PackLoader:240 - Cannot read IP mode file for STMicroelectronics.X-CUBE-AZRTOS-H7.3.3.0
2024-10-29 19:30:21,196 [WARN] PackLoader:240 - Cannot read IP mode file for STMicroelectronics.X-CUBE-IPS.3.0.0
2024-10-29 19:30:21,224 [WARN] ConditionMgr:438 - getConditionDescription Invalid condition id : UX DEVICE CLASS RTOS Condition cause : null
2024-10-29 19:30:21,224 [WARN] ConditionMgr:438 - getConditionDescription Invalid condition id : UX DEVICE CLASS RTOS Condition cause : null
2024-10-29 19:30:21,226 [WARN] PackLoader:240 - Cannot read IP mode file for STMicroelectronics.X-CUBE-AZRTOS-WB.2.0.0
2024-10-29 19:30:21,227 [WARN] ConditionMgr:1039 - genDependencies : Invalid condition id : UX DEVICE CLASS RTOS Condition cause : null
2024-10-29 19:30:21,227 [WARN] ConditionMgr:1039 - genDependencies : Invalid condition id : UX DEVICE CLASS RTOS Condition cause : null
2024-10-29 19:30:21,227 [WARN] ConditionMgr:1039 - genDependencies : Invalid condition id : UX DEVICE CLASS RTOS Condition cause : null
2024-10-29 19:30:21,227 [WARN] ConditionMgr:1039 - genDependencies : Invalid condition id : UX DEVICE CLASS RTOS Condition cause : null
2024-10-29 19:30:21,227 [WARN] ConditionMgr:1039 - genDependencies : Invalid condition id : UX DEVICE CLASS RTOS Condition cause : null
2024-10-29 19:30:21,242 [WARN] PackLoader:240 - Cannot read IP mode file for STMicroelectronics.X-CUBE-GNSS1.7.0.0
2024-10-29 19:30:21,259 [WARN] PackLoader:240 - Cannot read IP mode file for STMicroelectronics.FP-SNS-STBOX1.2.0.0
2024-10-29 19:30:21,282 [WARN] PackLoader:240 - Cannot read IP mode file for STMicroelectronics.X-CUBE-SUBG2.5.0.0
2024-10-29 19:30:21,316 [WARN] PackLoader:240 - Cannot read IP mode file for STMicroelectronics.X-CUBE-AZRTOS-G4.2.0.0
2024-10-29 19:30:21,354 [WARN] PackLoader:240 - Cannot read IP mode file for Infineon.AIROC-Wi-Fi-Bluetooth-STM32.1.5.1
2024-10-29 19:30:21,372 [WARN] PackLoader:240 - Cannot read IP mode file for STMicroelectronics.FP-SNS-MOTENVWB1.1.3.1
2024-10-29 19:30:21,388 [WARN] PackLoader:240 - Cannot read IP mode file for STMicroelectronics.X-CUBE-ISPU.2.0.0
2024-10-29 19:30:21,406 [WARN] PackLoader:240 - Cannot read IP mode file for STMicroelectronics.X-CUBE-ALS.1.0.2
2024-10-29 19:30:21,474 [WARN] PackLoader:240 - Cannot read IP mode file for STMicroelectronics.X-CUBE-MEMS1.10.0.0
2024-10-29 19:30:21,567 [WARN] PackLoader:240 - Cannot read IP mode file for STMicroelectronics.X-CUBE-FREERTOS.1.1.0
2024-10-29 19:30:21,584 [WARN] PackLoader:240 - Cannot read IP mode file for STMicroelectronics.X-CUBE-TOUCHGFX.4.24.0
2024-10-29 19:30:21,598 [WARN] PackLoader:240 - Cannot read IP mode file for STMicroelectronics.X-CUBE-TOUCHGFX.4.24.1
2024-10-29 19:30:21,613 [WARN] PackLoader:240 - Cannot read IP mode file for wolfSSL.I-CUBE-wolfTPM.3.4.0
2024-10-29 19:30:21,633 [WARN] PackLoader:240 - Cannot read IP mode file for portGmbH.I-Cube-SoM-uGOAL.1.1.0
2024-10-29 19:30:21,648 [WARN] PackLoader:240 - Cannot read IP mode file for STMicroelectronics.X-CUBE-ALS.1.0.1
2024-10-29 19:30:21,677 [WARN] PackLoader:240 - Cannot read IP mode file for STMicroelectronics.X-CUBE-AZRTOS-H7RS.1.0.0
2024-10-29 19:30:21,694 [WARN] PackLoader:240 - Cannot read IP mode file for STMicroelectronics.FP-ATR-ASTRA1.2.0.0
2024-10-29 19:30:21,721 [WARN] PackLoader:240 - Cannot read IP mode file for STMicroelectronics.X-CUBE-TOF1.3.4.2
2024-10-29 19:30:21,754 [WARN] PackLoader:240 - Cannot read IP mode file for STMicroelectronics.X-CUBE-TOF1.3.4.1
2024-10-29 19:30:21,800 [WARN] PackLoader:240 - Cannot read IP mode file for STMicroelectronics.X-CUBE-AZRTOS-H7.3.2.0
2024-10-29 19:30:21,821 [WARN] PackLoader:240 - Cannot read IP mode file for wolfSSL.I-CUBE-wolfSSH.1.4.17
2024-10-29 19:30:21,822 [INFO] ThirdParty:978 - Integrity check success = true
2024-10-29 19:30:21,822 [INFO] IntegrityCheckThread:100 - exiting critical section [integrity check]
2024-10-29 19:30:21,822 [INFO] IntegrityCheckThread:103 - End integrity checks thread
2024-10-29 19:30:23,976 [INFO] WebApp:167 - Instantiating new browser for Auth
2024-10-29 19:30:25,007 [INFO] WebApp:448 - Apply proxy settings
2024-10-29 19:30:25,007 [INFO] WebApp:533 - Chromium requires no authentication
2024-10-29 19:30:25,020 [INFO] WebApp:476 - Direct internet connection detected
2024-10-29 19:30:25,061 [INFO] WebApp:869 - Register for checkConnection events
2024-10-29 19:30:25,062 [INFO] WebApp:448 - Apply proxy settings
2024-10-29 19:30:25,062 [INFO] WebApp:533 - Chromium requires no authentication
2024-10-29 19:30:25,063 [INFO] WebApp:476 - Direct internet connection detected
2024-10-29 19:30:25,313 [INFO] WebApp:220 - Starting web application
2024-10-29 19:30:25,313 [INFO] WebApp:578 - Web application path used C:\ST\STM32CubeIDE_1.16.0\STM32CubeIDE\plugins\com.st.stm32cube.common.mx_6.12.0.202406281431\db\plugins\mcufinder\reactClient1\index.html
2024-10-29 19:30:25,550 [INFO] WebApp:186 - Connection restablished
2024-10-29 19:30:25,664 [INFO] UserAuth:417 - Internet connection configuration mode: 1
2024-10-29 20:05:22,376 [ERROR] ConfigurationRetriever:142 - IOException on connection: Connect timed out
2024-10-29 20:58:11,854 [ERROR] LogOutputStream:75 - [STDERR_REDIRECT] 
2024-10-29 20:58:11,855 [ERROR] LogOutputStream:75 - [STDERR_REDIRECT] 
